[0.011s] Invoking command in '/home/kabirpuri/fuelbot_ws/build/ur_controllers': CMAKE_PREFIX_PATH=/home/kabirpuri/fuelbot_ws/install/ur_dashboard_msgs:/home/kabirpuri/fuelbot_ws/install/ur:/home/kabirpuri/fuelbot_ws/install/ur_calibration:/home/kabirpuri/fuelbot_ws/install/ur_robot_driver:/home/kabirpuri/fuelbot_ws/install/ur_moveit_config:/home/kabirpuri/fuelbot_ws/install/ur_bringup:/home/kabirpuri/fuelbot_ws/install/ur_controllers:/home/kabirpuri/fuelbot_ws/install/my_sphere_pkg:/home/kabirpuri/fuelbot_ws/install/my_environment_pkg:/home/kabirpuri/fuelbot_ws/install/my_doosan_pkg:/opt/ros/humble LD_LIBRARY_PATH=/home/kabirpuri/fuelbot_ws/install/ur_dashboard_msgs/lib:/home/kabirpuri/fuelbot_ws/install/ur_robot_driver/lib:/home/kabirpuri/fuelbot_ws/install/ur_controllers/lib:/opt/ros/humble/opt/rviz_ogre_vendor/lib:/opt/ros/humble/lib/x86_64-linux-gnu:/opt/ros/humble/lib /usr/bin/cmake --build /home/kabirpuri/fuelbot_ws/build/ur_controllers -- -j16 -l16
[0.058s] [35m[1mConsolidate compiler generated dependencies of target gmock_main[0m
[0.059s] [35m[1mConsolidate compiler generated dependencies of target gmock[0m
[0.071s] [ 38%] Built target scaled_joint_trajectory_controller_parameters
[0.071s] [ 38%] Built target gpio_controller_parameters
[0.071s] [ 38%] Built target passthrough_trajectory_controller_parameters
[0.071s] [ 38%] Built target speed_scaling_state_broadcaster_parameters
[0.071s] [ 38%] Built target tool_contact_controller_parameters
[0.071s] [ 41%] Built target freedrive_mode_controller_parameters
[0.072s] [ 38%] Built target force_mode_controller_parameters
[0.072s] [ 47%] Built target ur_configuration_controller_parameters
[0.074s] [ 52%] Built target gmock_main
[0.074s] [ 61%] Built target gmock
[0.090s] [35m[1mConsolidate compiler generated dependencies of target ur_controllers[0m
[0.119s] [ 88%] Built target ur_controllers
[0.129s] [35m[1mConsolidate compiler generated dependencies of target test_load_force_mode_controller[0m
[0.129s] [35m[1mConsolidate compiler generated dependencies of target test_load_freedrive_mode_controller[0m
[0.147s] [100%] Built target test_load_freedrive_mode_controller
[0.147s] [100%] Built target test_load_force_mode_controller
[0.158s] Invoked command in '/home/kabirpuri/fuelbot_ws/build/ur_controllers' returned '0': CMAKE_PREFIX_PATH=/home/kabirpuri/fuelbot_ws/install/ur_dashboard_msgs:/home/kabirpuri/fuelbot_ws/install/ur:/home/kabirpuri/fuelbot_ws/install/ur_calibration:/home/kabirpuri/fuelbot_ws/install/ur_robot_driver:/home/kabirpuri/fuelbot_ws/install/ur_moveit_config:/home/kabirpuri/fuelbot_ws/install/ur_bringup:/home/kabirpuri/fuelbot_ws/install/ur_controllers:/home/kabirpuri/fuelbot_ws/install/my_sphere_pkg:/home/kabirpuri/fuelbot_ws/install/my_environment_pkg:/home/kabirpuri/fuelbot_ws/install/my_doosan_pkg:/opt/ros/humble LD_LIBRARY_PATH=/home/kabirpuri/fuelbot_ws/install/ur_dashboard_msgs/lib:/home/kabirpuri/fuelbot_ws/install/ur_robot_driver/lib:/home/kabirpuri/fuelbot_ws/install/ur_controllers/lib:/opt/ros/humble/opt/rviz_ogre_vendor/lib:/opt/ros/humble/lib/x86_64-linux-gnu:/opt/ros/humble/lib /usr/bin/cmake --build /home/kabirpuri/fuelbot_ws/build/ur_controllers -- -j16 -l16
[0.159s] Invoking command in '/home/kabirpuri/fuelbot_ws/build/ur_controllers': CMAKE_PREFIX_PATH=/home/kabirpuri/fuelbot_ws/install/ur_dashboard_msgs:/home/kabirpuri/fuelbot_ws/install/ur:/home/kabirpuri/fuelbot_ws/install/ur_calibration:/home/kabirpuri/fuelbot_ws/install/ur_robot_driver:/home/kabirpuri/fuelbot_ws/install/ur_moveit_config:/home/kabirpuri/fuelbot_ws/install/ur_bringup:/home/kabirpuri/fuelbot_ws/install/ur_controllers:/home/kabirpuri/fuelbot_ws/install/my_sphere_pkg:/home/kabirpuri/fuelbot_ws/install/my_environment_pkg:/home/kabirpuri/fuelbot_ws/install/my_doosan_pkg:/opt/ros/humble LD_LIBRARY_PATH=/home/kabirpuri/fuelbot_ws/install/ur_dashboard_msgs/lib:/home/kabirpuri/fuelbot_ws/install/ur_robot_driver/lib:/home/kabirpuri/fuelbot_ws/install/ur_controllers/lib:/opt/ros/humble/opt/rviz_ogre_vendor/lib:/opt/ros/humble/lib/x86_64-linux-gnu:/opt/ros/humble/lib /usr/bin/cmake --install /home/kabirpuri/fuelbot_ws/build/ur_controllers
[0.166s] -- Install configuration: ""
[0.167s] -- Execute custom install script
[0.167s] -- Up-to-date symlink: /home/kabirpuri/fuelbot_ws/install/ur_controllers/include/ur_controllers/force_mode_controller_parameters.hpp
[0.167s] -- Up-to-date symlink: /home/kabirpuri/fuelbot_ws/install/ur_controllers/include/ur_controllers/freedrive_mode_controller_parameters.hpp
[0.167s] -- Up-to-date symlink: /home/kabirpuri/fuelbot_ws/install/ur_controllers/include/ur_controllers/gpio_controller_parameters.hpp
[0.167s] -- Up-to-date symlink: /home/kabirpuri/fuelbot_ws/install/ur_controllers/include/ur_controllers/passthrough_trajectory_controller_parameters.hpp
[0.167s] -- Up-to-date symlink: /home/kabirpuri/fuelbot_ws/install/ur_controllers/include/ur_controllers/scaled_joint_trajectory_controller_parameters.hpp
[0.167s] -- Up-to-date symlink: /home/kabirpuri/fuelbot_ws/install/ur_controllers/include/ur_controllers/speed_scaling_state_broadcaster_parameters.hpp
[0.168s] -- Up-to-date symlink: /home/kabirpuri/fuelbot_ws/install/ur_controllers/include/ur_controllers/tool_contact_controller_parameters.hpp
[0.168s] -- Up-to-date symlink: /home/kabirpuri/fuelbot_ws/install/ur_controllers/include/ur_controllers/ur_configuration_controller_parameters.hpp
[0.168s] -- Up-to-date symlink: /home/kabirpuri/fuelbot_ws/install/ur_controllers/include/ur_controllers/force_mode_controller_parameters.hpp
[0.168s] -- Up-to-date symlink: /home/kabirpuri/fuelbot_ws/install/ur_controllers/include/ur_controllers/freedrive_mode_controller_parameters.hpp
[0.168s] -- Up-to-date symlink: /home/kabirpuri/fuelbot_ws/install/ur_controllers/include/ur_controllers/gpio_controller_parameters.hpp
[0.168s] -- Up-to-date symlink: /home/kabirpuri/fuelbot_ws/install/ur_controllers/include/ur_controllers/passthrough_trajectory_controller_parameters.hpp
[0.168s] -- Up-to-date symlink: /home/kabirpuri/fuelbot_ws/install/ur_controllers/include/ur_controllers/scaled_joint_trajectory_controller_parameters.hpp
[0.168s] -- Up-to-date symlink: /home/kabirpuri/fuelbot_ws/install/ur_controllers/include/ur_controllers/speed_scaling_state_broadcaster_parameters.hpp
[0.168s] -- Up-to-date symlink: /home/kabirpuri/fuelbot_ws/install/ur_controllers/include/ur_controllers/tool_contact_controller_parameters.hpp
[0.168s] -- Up-to-date symlink: /home/kabirpuri/fuelbot_ws/install/ur_controllers/include/ur_controllers/ur_configuration_controller_parameters.hpp
[0.168s] -- Up-to-date symlink: /home/kabirpuri/fuelbot_ws/install/ur_controllers/include/ur_controllers/force_mode_controller_parameters.hpp
[0.168s] -- Up-to-date symlink: /home/kabirpuri/fuelbot_ws/install/ur_controllers/include/ur_controllers/freedrive_mode_controller_parameters.hpp
[0.168s] -- Up-to-date symlink: /home/kabirpuri/fuelbot_ws/install/ur_controllers/include/ur_controllers/gpio_controller_parameters.hpp
[0.168s] -- Up-to-date symlink: /home/kabirpuri/fuelbot_ws/install/ur_controllers/include/ur_controllers/passthrough_trajectory_controller_parameters.hpp
[0.168s] -- Up-to-date symlink: /home/kabirpuri/fuelbot_ws/install/ur_controllers/include/ur_controllers/scaled_joint_trajectory_controller_parameters.hpp
[0.168s] -- Up-to-date symlink: /home/kabirpuri/fuelbot_ws/install/ur_controllers/include/ur_controllers/speed_scaling_state_broadcaster_parameters.hpp
[0.168s] -- Up-to-date symlink: /home/kabirpuri/fuelbot_ws/install/ur_controllers/include/ur_controllers/tool_contact_controller_parameters.hpp
[0.168s] -- Up-to-date symlink: /home/kabirpuri/fuelbot_ws/install/ur_controllers/include/ur_controllers/ur_configuration_controller_parameters.hpp
[0.168s] -- Up-to-date symlink: /home/kabirpuri/fuelbot_ws/install/ur_controllers/include/ur_controllers/force_mode_controller_parameters.hpp
[0.168s] -- Up-to-date symlink: /home/kabirpuri/fuelbot_ws/install/ur_controllers/include/ur_controllers/freedrive_mode_controller_parameters.hpp
[0.168s] -- Up-to-date symlink: /home/kabirpuri/fuelbot_ws/install/ur_controllers/include/ur_controllers/gpio_controller_parameters.hpp
[0.169s] -- Up-to-date symlink: /home/kabirpuri/fuelbot_ws/install/ur_controllers/include/ur_controllers/passthrough_trajectory_controller_parameters.hpp
[0.169s] -- Up-to-date symlink: /home/kabirpuri/fuelbot_ws/install/ur_controllers/include/ur_controllers/scaled_joint_trajectory_controller_parameters.hpp
[0.169s] -- Up-to-date symlink: /home/kabirpuri/fuelbot_ws/install/ur_controllers/include/ur_controllers/speed_scaling_state_broadcaster_parameters.hpp
[0.169s] -- Up-to-date symlink: /home/kabirpuri/fuelbot_ws/install/ur_controllers/include/ur_controllers/tool_contact_controller_parameters.hpp
[0.169s] -- Up-to-date symlink: /home/kabirpuri/fuelbot_ws/install/ur_controllers/include/ur_controllers/ur_configuration_controller_parameters.hpp
[0.169s] -- Up-to-date symlink: /home/kabirpuri/fuelbot_ws/install/ur_controllers/include/ur_controllers/force_mode_controller_parameters.hpp
[0.169s] -- Up-to-date symlink: /home/kabirpuri/fuelbot_ws/install/ur_controllers/include/ur_controllers/freedrive_mode_controller_parameters.hpp
[0.169s] -- Up-to-date symlink: /home/kabirpuri/fuelbot_ws/install/ur_controllers/include/ur_controllers/gpio_controller_parameters.hpp
[0.169s] -- Up-to-date symlink: /home/kabirpuri/fuelbot_ws/install/ur_controllers/include/ur_controllers/passthrough_trajectory_controller_parameters.hpp
[0.169s] -- Up-to-date symlink: /home/kabirpuri/fuelbot_ws/install/ur_controllers/include/ur_controllers/scaled_joint_trajectory_controller_parameters.hpp
[0.169s] -- Up-to-date symlink: /home/kabirpuri/fuelbot_ws/install/ur_controllers/include/ur_controllers/speed_scaling_state_broadcaster_parameters.hpp
[0.169s] -- Up-to-date symlink: /home/kabirpuri/fuelbot_ws/install/ur_controllers/include/ur_controllers/tool_contact_controller_parameters.hpp
[0.169s] -- Up-to-date symlink: /home/kabirpuri/fuelbot_ws/install/ur_controllers/include/ur_controllers/ur_configuration_controller_parameters.hpp
[0.169s] -- Up-to-date symlink: /home/kabirpuri/fuelbot_ws/install/ur_controllers/include/ur_controllers/force_mode_controller_parameters.hpp
[0.170s] -- Up-to-date symlink: /home/kabirpuri/fuelbot_ws/install/ur_controllers/include/ur_controllers/freedrive_mode_controller_parameters.hpp
[0.170s] -- Up-to-date symlink: /home/kabirpuri/fuelbot_ws/install/ur_controllers/include/ur_controllers/gpio_controller_parameters.hpp
[0.170s] -- Up-to-date symlink: /home/kabirpuri/fuelbot_ws/install/ur_controllers/include/ur_controllers/passthrough_trajectory_controller_parameters.hpp
[0.170s] -- Up-to-date symlink: /home/kabirpuri/fuelbot_ws/install/ur_controllers/include/ur_controllers/scaled_joint_trajectory_controller_parameters.hpp
[0.170s] -- Up-to-date symlink: /home/kabirpuri/fuelbot_ws/install/ur_controllers/include/ur_controllers/speed_scaling_state_broadcaster_parameters.hpp
[0.170s] -- Up-to-date symlink: /home/kabirpuri/fuelbot_ws/install/ur_controllers/include/ur_controllers/tool_contact_controller_parameters.hpp
[0.170s] -- Up-to-date symlink: /home/kabirpuri/fuelbot_ws/install/ur_controllers/include/ur_controllers/ur_configuration_controller_parameters.hpp
[0.170s] -- Up-to-date symlink: /home/kabirpuri/fuelbot_ws/install/ur_controllers/include/ur_controllers/force_mode_controller_parameters.hpp
[0.170s] -- Up-to-date symlink: /home/kabirpuri/fuelbot_ws/install/ur_controllers/include/ur_controllers/freedrive_mode_controller_parameters.hpp
[0.170s] -- Up-to-date symlink: /home/kabirpuri/fuelbot_ws/install/ur_controllers/include/ur_controllers/gpio_controller_parameters.hpp
[0.170s] -- Up-to-date symlink: /home/kabirpuri/fuelbot_ws/install/ur_controllers/include/ur_controllers/passthrough_trajectory_controller_parameters.hpp
[0.170s] -- Up-to-date symlink: /home/kabirpuri/fuelbot_ws/install/ur_controllers/include/ur_controllers/scaled_joint_trajectory_controller_parameters.hpp
[0.170s] -- Up-to-date symlink: /home/kabirpuri/fuelbot_ws/install/ur_controllers/include/ur_controllers/speed_scaling_state_broadcaster_parameters.hpp
[0.170s] -- Up-to-date symlink: /home/kabirpuri/fuelbot_ws/install/ur_controllers/include/ur_controllers/tool_contact_controller_parameters.hpp
[0.170s] -- Up-to-date symlink: /home/kabirpuri/fuelbot_ws/install/ur_controllers/include/ur_controllers/ur_configuration_controller_parameters.hpp
[0.171s] -- Up-to-date symlink: /home/kabirpuri/fuelbot_ws/install/ur_controllers/include/ur_controllers/force_mode_controller_parameters.hpp
[0.171s] -- Up-to-date symlink: /home/kabirpuri/fuelbot_ws/install/ur_controllers/include/ur_controllers/freedrive_mode_controller_parameters.hpp
[0.171s] -- Up-to-date symlink: /home/kabirpuri/fuelbot_ws/install/ur_controllers/include/ur_controllers/gpio_controller_parameters.hpp
[0.171s] -- Up-to-date symlink: /home/kabirpuri/fuelbot_ws/install/ur_controllers/include/ur_controllers/passthrough_trajectory_controller_parameters.hpp
[0.171s] -- Up-to-date symlink: /home/kabirpuri/fuelbot_ws/install/ur_controllers/include/ur_controllers/scaled_joint_trajectory_controller_parameters.hpp
[0.171s] -- Up-to-date symlink: /home/kabirpuri/fuelbot_ws/install/ur_controllers/include/ur_controllers/speed_scaling_state_broadcaster_parameters.hpp
[0.171s] -- Up-to-date symlink: /home/kabirpuri/fuelbot_ws/install/ur_controllers/include/ur_controllers/tool_contact_controller_parameters.hpp
[0.171s] -- Up-to-date symlink: /home/kabirpuri/fuelbot_ws/install/ur_controllers/include/ur_controllers/ur_configuration_controller_parameters.hpp
[0.171s] -- Up-to-date symlink: /home/kabirpuri/fuelbot_ws/install/ur_controllers/share/ur_controllers//controller_plugins.xml
[0.171s] -- Up-to-date symlink: /home/kabirpuri/fuelbot_ws/install/ur_controllers/lib/libur_controllers.so
[0.171s] -- Up-to-date symlink: /home/kabirpuri/fuelbot_ws/install/ur_controllers/include/ur_controllers/force_mode_controller.hpp
[0.171s] -- Up-to-date symlink: /home/kabirpuri/fuelbot_ws/install/ur_controllers/include/ur_controllers/freedrive_mode_controller.hpp
[0.172s] -- Up-to-date symlink: /home/kabirpuri/fuelbot_ws/install/ur_controllers/include/ur_controllers/gpio_controller.hpp
[0.172s] -- Up-to-date symlink: /home/kabirpuri/fuelbot_ws/install/ur_controllers/include/ur_controllers/passthrough_trajectory_controller.hpp
[0.172s] -- Up-to-date symlink: /home/kabirpuri/fuelbot_ws/install/ur_controllers/include/ur_controllers/scaled_joint_trajectory_controller.hpp
[0.172s] -- Up-to-date symlink: /home/kabirpuri/fuelbot_ws/install/ur_controllers/include/ur_controllers/speed_scaling_state_broadcaster.hpp
[0.172s] -- Up-to-date symlink: /home/kabirpuri/fuelbot_ws/install/ur_controllers/include/ur_controllers/tool_contact_controller.hpp
[0.172s] -- Up-to-date symlink: /home/kabirpuri/fuelbot_ws/install/ur_controllers/include/ur_controllers/ur_configuration_controller.hpp
[0.172s] -- Up-to-date symlink: /home/kabirpuri/fuelbot_ws/install/ur_controllers/share/ur_controllers/controller_plugins.xml
[0.172s] -- Up-to-date symlink: /home/kabirpuri/fuelbot_ws/install/ur_controllers/share/ur_controllers/environment/library_path.sh
[0.172s] -- Up-to-date symlink: /home/kabirpuri/fuelbot_ws/install/ur_controllers/share/ur_controllers/environment/library_path.dsv
[0.172s] -- Up-to-date symlink: /home/kabirpuri/fuelbot_ws/install/ur_controllers/share/ament_index/resource_index/package_run_dependencies/ur_controllers
[0.172s] -- Up-to-date symlink: /home/kabirpuri/fuelbot_ws/install/ur_controllers/share/ament_index/resource_index/parent_prefix_path/ur_controllers
[0.172s] -- Up-to-date symlink: /home/kabirpuri/fuelbot_ws/install/ur_controllers/share/ur_controllers/environment/ament_prefix_path.sh
[0.172s] -- Up-to-date symlink: /home/kabirpuri/fuelbot_ws/install/ur_controllers/share/ur_controllers/environment/ament_prefix_path.dsv
[0.172s] -- Up-to-date symlink: /home/kabirpuri/fuelbot_ws/install/ur_controllers/share/ur_controllers/environment/path.sh
[0.173s] -- Up-to-date symlink: /home/kabirpuri/fuelbot_ws/install/ur_controllers/share/ur_controllers/environment/path.dsv
[0.173s] -- Up-to-date symlink: /home/kabirpuri/fuelbot_ws/install/ur_controllers/share/ur_controllers/local_setup.bash
[0.173s] -- Up-to-date symlink: /home/kabirpuri/fuelbot_ws/install/ur_controllers/share/ur_controllers/local_setup.sh
[0.173s] -- Up-to-date symlink: /home/kabirpuri/fuelbot_ws/install/ur_controllers/share/ur_controllers/local_setup.zsh
[0.173s] -- Up-to-date symlink: /home/kabirpuri/fuelbot_ws/install/ur_controllers/share/ur_controllers/local_setup.dsv
[0.173s] -- Symlinking: /home/kabirpuri/fuelbot_ws/install/ur_controllers/share/ur_controllers/package.dsv
[0.182s] -- Up-to-date symlink: /home/kabirpuri/fuelbot_ws/install/ur_controllers/share/ament_index/resource_index/packages/ur_controllers
[0.182s] -- Up-to-date symlink: /home/kabirpuri/fuelbot_ws/install/ur_controllers/share/ament_index/resource_index/controller_interface__pluginlib__plugin/ur_controllers
[0.182s] -- Up-to-date symlink: /home/kabirpuri/fuelbot_ws/install/ur_controllers/share/ur_controllers/cmake/ament_cmake_export_dependencies-extras.cmake
[0.182s] -- Up-to-date symlink: /home/kabirpuri/fuelbot_ws/install/ur_controllers/share/ur_controllers/cmake/ament_cmake_export_include_directories-extras.cmake
[0.182s] -- Up-to-date symlink: /home/kabirpuri/fuelbot_ws/install/ur_controllers/share/ur_controllers/cmake/ament_cmake_export_libraries-extras.cmake
[0.182s] -- Up-to-date symlink: /home/kabirpuri/fuelbot_ws/install/ur_controllers/share/ur_controllers/cmake/ur_controllersConfig.cmake
[0.183s] -- Up-to-date symlink: /home/kabirpuri/fuelbot_ws/install/ur_controllers/share/ur_controllers/cmake/ur_controllersConfig-version.cmake
[0.183s] -- Up-to-date symlink: /home/kabirpuri/fuelbot_ws/install/ur_controllers/share/ur_controllers/package.xml
[0.186s] Invoked command in '/home/kabirpuri/fuelbot_ws/build/ur_controllers' returned '0': CMAKE_PREFIX_PATH=/home/kabirpuri/fuelbot_ws/install/ur_dashboard_msgs:/home/kabirpuri/fuelbot_ws/install/ur:/home/kabirpuri/fuelbot_ws/install/ur_calibration:/home/kabirpuri/fuelbot_ws/install/ur_robot_driver:/home/kabirpuri/fuelbot_ws/install/ur_moveit_config:/home/kabirpuri/fuelbot_ws/install/ur_bringup:/home/kabirpuri/fuelbot_ws/install/ur_controllers:/home/kabirpuri/fuelbot_ws/install/my_sphere_pkg:/home/kabirpuri/fuelbot_ws/install/my_environment_pkg:/home/kabirpuri/fuelbot_ws/install/my_doosan_pkg:/opt/ros/humble LD_LIBRARY_PATH=/home/kabirpuri/fuelbot_ws/install/ur_dashboard_msgs/lib:/home/kabirpuri/fuelbot_ws/install/ur_robot_driver/lib:/home/kabirpuri/fuelbot_ws/install/ur_controllers/lib:/opt/ros/humble/opt/rviz_ogre_vendor/lib:/opt/ros/humble/lib/x86_64-linux-gnu:/opt/ros/humble/lib /usr/bin/cmake --install /home/kabirpuri/fuelbot_ws/build/ur_controllers
