[0.739s] Invoking command in '/home/kabirpuri/fuelbot_ws/src/robotic_arm_environment/my_doosan_pkg': PYTHONPATH=/home/kabirpuri/fuelbot_ws/build/my_doosan_pkg/prefix_override:/usr/lib/python3/dist-packages/colcon_core/task/python/colcon_distutils_commands:/home/kabirpuri/fuelbot_ws/install/my_doosan_pkg/lib/python3.10/site-packages:${PYTHONPATH} /usr/bin/python3 -W ignore:setup.py install is deprecated -W ignore:easy_install command is deprecated setup.py egg_info --egg-base ../../../build/my_doosan_pkg build --build-base /home/kabirpuri/fuelbot_ws/build/my_doosan_pkg/build install --record /home/kabirpuri/fuelbot_ws/build/my_doosan_pkg/install.log --single-version-externally-managed install_data
[0.888s] running egg_info
[0.889s] writing ../../../build/my_doosan_pkg/my_doosan_pkg.egg-info/PKG-INFO
[0.889s] writing dependency_links to ../../../build/my_doosan_pkg/my_doosan_pkg.egg-info/dependency_links.txt
[0.889s] writing entry points to ../../../build/my_doosan_pkg/my_doosan_pkg.egg-info/entry_points.txt
[0.890s] writing requirements to ../../../build/my_doosan_pkg/my_doosan_pkg.egg-info/requires.txt
[0.890s] writing top-level names to ../../../build/my_doosan_pkg/my_doosan_pkg.egg-info/top_level.txt
[0.890s] reading manifest file '../../../build/my_doosan_pkg/my_doosan_pkg.egg-info/SOURCES.txt'
[0.891s] writing manifest file '../../../build/my_doosan_pkg/my_doosan_pkg.egg-info/SOURCES.txt'
[0.891s] running build
[0.891s] running build_py
[0.891s] running install
[0.891s] running install_lib
[0.892s] running install_data
[0.893s] running install_egg_info
[0.894s] removing '/home/kabirpuri/fuelbot_ws/install/my_doosan_pkg/lib/python3.10/site-packages/my_doosan_pkg-0.0.0-py3.10.egg-info' (and everything under it)
[0.895s] Copying ../../../build/my_doosan_pkg/my_doosan_pkg.egg-info to /home/kabirpuri/fuelbot_ws/install/my_doosan_pkg/lib/python3.10/site-packages/my_doosan_pkg-0.0.0-py3.10.egg-info
[0.895s] running install_scripts
[0.910s] Installing trajectory_points_act_server script to /home/kabirpuri/fuelbot_ws/install/my_doosan_pkg/lib/my_doosan_pkg
[0.910s] Installing trajectory_points_topic script to /home/kabirpuri/fuelbot_ws/install/my_doosan_pkg/lib/my_doosan_pkg
[0.910s] writing list of installed files to '/home/kabirpuri/fuelbot_ws/build/my_doosan_pkg/install.log'
[0.960s] Invoked command in '/home/kabirpuri/fuelbot_ws/src/robotic_arm_environment/my_doosan_pkg' returned '0': PYTHONPATH=/home/kabirpuri/fuelbot_ws/build/my_doosan_pkg/prefix_override:/usr/lib/python3/dist-packages/colcon_core/task/python/colcon_distutils_commands:/home/kabirpuri/fuelbot_ws/install/my_doosan_pkg/lib/python3.10/site-packages:${PYTHONPATH} /usr/bin/python3 -W ignore:setup.py install is deprecated -W ignore:easy_install command is deprecated setup.py egg_info --egg-base ../../../build/my_doosan_pkg build --build-base /home/kabirpuri/fuelbot_ws/build/my_doosan_pkg/build install --record /home/kabirpuri/fuelbot_ws/build/my_doosan_pkg/install.log --single-version-externally-managed install_data
