[0.371s] Invoking command in '/home/kabirpuri/fuelbot_ws/src/my_moveit_controller': PYTHONPATH=/home/kabirpuri/fuelbot_ws/build/my_moveit_controller/prefix_override:/usr/lib/python3/dist-packages/colcon_core/task/python/colcon_distutils_commands:/home/kabirpuri/fuelbot_ws/install/my_moveit_controller/lib/python3.10/site-packages:${PYTHONPATH} /usr/bin/python3 -W ignore:setup.py install is deprecated -W ignore:easy_install command is deprecated setup.py egg_info --egg-base ../../build/my_moveit_controller build --build-base /home/kabirpuri/fuelbot_ws/build/my_moveit_controller/build install --record /home/kabirpuri/fuelbot_ws/build/my_moveit_controller/install.log --single-version-externally-managed install_data
[0.511s] running egg_info
[0.512s] writing ../../build/my_moveit_controller/my_moveit_controller.egg-info/PKG-INFO
[0.512s] writing dependency_links to ../../build/my_moveit_controller/my_moveit_controller.egg-info/dependency_links.txt
[0.512s] writing entry points to ../../build/my_moveit_controller/my_moveit_controller.egg-info/entry_points.txt
[0.512s] writing requirements to ../../build/my_moveit_controller/my_moveit_controller.egg-info/requires.txt
[0.512s] writing top-level names to ../../build/my_moveit_controller/my_moveit_controller.egg-info/top_level.txt
[0.513s] reading manifest file '../../build/my_moveit_controller/my_moveit_controller.egg-info/SOURCES.txt'
[0.513s] writing manifest file '../../build/my_moveit_controller/my_moveit_controller.egg-info/SOURCES.txt'
[0.514s] running build
[0.514s] running build_py
[0.514s] running install
[0.514s] running install_lib
[0.514s] running install_data
[0.514s] running install_egg_info
[0.515s] removing '/home/kabirpuri/fuelbot_ws/install/my_moveit_controller/lib/python3.10/site-packages/my_moveit_controller-0.0.0-py3.10.egg-info' (and everything under it)
[0.516s] Copying ../../build/my_moveit_controller/my_moveit_controller.egg-info to /home/kabirpuri/fuelbot_ws/install/my_moveit_controller/lib/python3.10/site-packages/my_moveit_controller-0.0.0-py3.10.egg-info
[0.516s] running install_scripts
[0.528s] writing list of installed files to '/home/kabirpuri/fuelbot_ws/build/my_moveit_controller/install.log'
[0.545s] Invoked command in '/home/kabirpuri/fuelbot_ws/src/my_moveit_controller' returned '0': PYTHONPATH=/home/kabirpuri/fuelbot_ws/build/my_moveit_controller/prefix_override:/usr/lib/python3/dist-packages/colcon_core/task/python/colcon_distutils_commands:/home/kabirpuri/fuelbot_ws/install/my_moveit_controller/lib/python3.10/site-packages:${PYTHONPATH} /usr/bin/python3 -W ignore:setup.py install is deprecated -W ignore:easy_install command is deprecated setup.py egg_info --egg-base ../../build/my_moveit_controller build --build-base /home/kabirpuri/fuelbot_ws/build/my_moveit_controller/build install --record /home/kabirpuri/fuelbot_ws/build/my_moveit_controller/install.log --single-version-externally-managed install_data
