[0.009s] Invoking command in '/home/kabirpuri/fuelbot_ws/build/ur_moveit_config': CMAKE_PREFIX_PATH=${CMAKE_PREFIX_PATH}:/home/kabirpuri/fuelbot_ws/install/my_sphere_pkg:/home/kabirpuri/fuelbot_ws/install/my_environment_pkg:/home/kabirpuri/fuelbot_ws/install/my_doosan_pkg:/opt/ros/humble /usr/bin/cmake --build /home/kabirpuri/fuelbot_ws/build/ur_moveit_config -- -j16 -l16
[0.061s] Built target ament_cmake_python_symlink_ur_moveit_config
[0.240s] running egg_info
[0.240s] writing ur_moveit_config.egg-info/PKG-INFO
[0.240s] writing dependency_links to ur_moveit_config.egg-info/dependency_links.txt
[0.240s] writing top-level names to ur_moveit_config.egg-info/top_level.txt
[0.242s] reading manifest file 'ur_moveit_config.egg-info/SOURCES.txt'
[0.242s] writing manifest file 'ur_moveit_config.egg-info/SOURCES.txt'
[0.281s] Built target ament_cmake_python_build_ur_moveit_config_egg
[0.294s] Invoked command in '/home/kabirpuri/fuelbot_ws/build/ur_moveit_config' returned '0': CMAKE_PREFIX_PATH=${CMAKE_PREFIX_PATH}:/home/kabirpuri/fuelbot_ws/install/my_sphere_pkg:/home/kabirpuri/fuelbot_ws/install/my_environment_pkg:/home/kabirpuri/fuelbot_ws/install/my_doosan_pkg:/opt/ros/humble /usr/bin/cmake --build /home/kabirpuri/fuelbot_ws/build/ur_moveit_config -- -j16 -l16
[0.305s] Invoking command in '/home/kabirpuri/fuelbot_ws/build/ur_moveit_config': CMAKE_PREFIX_PATH=${CMAKE_PREFIX_PATH}:/home/kabirpuri/fuelbot_ws/install/my_sphere_pkg:/home/kabirpuri/fuelbot_ws/install/my_environment_pkg:/home/kabirpuri/fuelbot_ws/install/my_doosan_pkg:/opt/ros/humble /usr/bin/cmake --install /home/kabirpuri/fuelbot_ws/build/ur_moveit_config
[0.311s] -- Install configuration: ""
[0.312s] -- Execute custom install script
[0.312s] -- Up-to-date symlink: /home/kabirpuri/fuelbot_ws/install/ur_moveit_config/share/ur_moveit_config/config/controllers.yaml
[0.312s] -- Up-to-date symlink: /home/kabirpuri/fuelbot_ws/install/ur_moveit_config/share/ur_moveit_config/config/joint_limits.yaml
[0.312s] -- Up-to-date symlink: /home/kabirpuri/fuelbot_ws/install/ur_moveit_config/share/ur_moveit_config/config/kinematics.yaml
[0.312s] -- Up-to-date symlink: /home/kabirpuri/fuelbot_ws/install/ur_moveit_config/share/ur_moveit_config/config/ompl_planning.yaml
[0.312s] -- Up-to-date symlink: /home/kabirpuri/fuelbot_ws/install/ur_moveit_config/share/ur_moveit_config/config/ur_servo.yaml
[0.312s] -- Up-to-date symlink: /home/kabirpuri/fuelbot_ws/install/ur_moveit_config/share/ur_moveit_config/launch/ur_moveit.launch.py
[0.312s] -- Up-to-date symlink: /home/kabirpuri/fuelbot_ws/install/ur_moveit_config/share/ur_moveit_config/rviz/view_robot.rviz
[0.313s] -- Up-to-date symlink: /home/kabirpuri/fuelbot_ws/install/ur_moveit_config/share/ur_moveit_config/srdf/ur.srdf.xacro
[0.313s] -- Up-to-date symlink: /home/kabirpuri/fuelbot_ws/install/ur_moveit_config/share/ur_moveit_config/srdf/ur_macro.srdf.xacro
[0.313s] -- Up-to-date symlink: /home/kabirpuri/fuelbot_ws/install/ur_moveit_config/share/ur_moveit_config/environment/pythonpath.sh
[0.313s] -- Up-to-date symlink: /home/kabirpuri/fuelbot_ws/install/ur_moveit_config/share/ur_moveit_config/environment/pythonpath.dsv
[0.313s] -- Up-to-date symlink: /home/kabirpuri/fuelbot_ws/install/ur_moveit_config/local/lib/python3.10/dist-packages/ur_moveit_config-2.8.0-py3.10.egg-info/PKG-INFO
[0.313s] -- Up-to-date symlink: /home/kabirpuri/fuelbot_ws/install/ur_moveit_config/local/lib/python3.10/dist-packages/ur_moveit_config-2.8.0-py3.10.egg-info/SOURCES.txt
[0.313s] -- Up-to-date symlink: /home/kabirpuri/fuelbot_ws/install/ur_moveit_config/local/lib/python3.10/dist-packages/ur_moveit_config-2.8.0-py3.10.egg-info/dependency_links.txt
[0.313s] -- Up-to-date symlink: /home/kabirpuri/fuelbot_ws/install/ur_moveit_config/local/lib/python3.10/dist-packages/ur_moveit_config-2.8.0-py3.10.egg-info/top_level.txt
[0.313s] -- Up-to-date symlink: /home/kabirpuri/fuelbot_ws/install/ur_moveit_config/local/lib/python3.10/dist-packages/ur_moveit_config/__init__.py
[0.313s] -- Up-to-date symlink: /home/kabirpuri/fuelbot_ws/install/ur_moveit_config/local/lib/python3.10/dist-packages/ur_moveit_config/launch_common.py
[0.313s] -- Up-to-date symlink: /home/kabirpuri/fuelbot_ws/install/ur_moveit_config/local/lib/python3.10/dist-packages/launch_common.py
[0.313s] -- Up-to-date symlink: /home/kabirpuri/fuelbot_ws/install/ur_moveit_config/share/ament_index/resource_index/package_run_dependencies/ur_moveit_config
[0.313s] -- Up-to-date symlink: /home/kabirpuri/fuelbot_ws/install/ur_moveit_config/share/ament_index/resource_index/parent_prefix_path/ur_moveit_config
[0.313s] -- Up-to-date symlink: /home/kabirpuri/fuelbot_ws/install/ur_moveit_config/share/ur_moveit_config/environment/ament_prefix_path.sh
[0.314s] -- Up-to-date symlink: /home/kabirpuri/fuelbot_ws/install/ur_moveit_config/share/ur_moveit_config/environment/ament_prefix_path.dsv
[0.314s] -- Up-to-date symlink: /home/kabirpuri/fuelbot_ws/install/ur_moveit_config/share/ur_moveit_config/environment/path.sh
[0.314s] -- Up-to-date symlink: /home/kabirpuri/fuelbot_ws/install/ur_moveit_config/share/ur_moveit_config/environment/path.dsv
[0.314s] -- Up-to-date symlink: /home/kabirpuri/fuelbot_ws/install/ur_moveit_config/share/ur_moveit_config/local_setup.bash
[0.314s] -- Up-to-date symlink: /home/kabirpuri/fuelbot_ws/install/ur_moveit_config/share/ur_moveit_config/local_setup.sh
[0.314s] -- Up-to-date symlink: /home/kabirpuri/fuelbot_ws/install/ur_moveit_config/share/ur_moveit_config/local_setup.zsh
[0.314s] -- Up-to-date symlink: /home/kabirpuri/fuelbot_ws/install/ur_moveit_config/share/ur_moveit_config/local_setup.dsv
[0.314s] -- Symlinking: /home/kabirpuri/fuelbot_ws/install/ur_moveit_config/share/ur_moveit_config/package.dsv
[0.322s] -- Up-to-date symlink: /home/kabirpuri/fuelbot_ws/install/ur_moveit_config/share/ament_index/resource_index/packages/ur_moveit_config
[0.323s] -- Up-to-date symlink: /home/kabirpuri/fuelbot_ws/install/ur_moveit_config/share/ur_moveit_config/cmake/ur_moveit_configConfig.cmake
[0.323s] -- Up-to-date symlink: /home/kabirpuri/fuelbot_ws/install/ur_moveit_config/share/ur_moveit_config/cmake/ur_moveit_configConfig-version.cmake
[0.323s] -- Up-to-date symlink: /home/kabirpuri/fuelbot_ws/install/ur_moveit_config/share/ur_moveit_config/package.xml
[0.348s] Listing '/home/kabirpuri/fuelbot_ws/install/ur_moveit_config/local/lib/python3.10/dist-packages/ur_moveit_config'...
[0.381s] Invoked command in '/home/kabirpuri/fuelbot_ws/build/ur_moveit_config' returned '0': CMAKE_PREFIX_PATH=${CMAKE_PREFIX_PATH}:/home/kabirpuri/fuelbot_ws/install/my_sphere_pkg:/home/kabirpuri/fuelbot_ws/install/my_environment_pkg:/home/kabirpuri/fuelbot_ws/install/my_doosan_pkg:/opt/ros/humble /usr/bin/cmake --install /home/kabirpuri/fuelbot_ws/build/ur_moveit_config
