[0.792s] Invoking command in '/home/kabirpuri/fuelbot_ws/src/robotic_arm_environment/my_doosan_pkg': PYTHONPATH=/home/kabirpuri/fuelbot_ws/build/my_doosan_pkg/prefix_override:/usr/lib/python3/dist-packages/colcon_core/task/python/colcon_distutils_commands:/home/kabirpuri/fuelbot_ws/install/my_doosan_pkg/lib/python3.10/site-packages:${PYTHONPATH} /usr/bin/python3 -W ignore:setup.py install is deprecated -W ignore:easy_install command is deprecated setup.py egg_info --egg-base ../../../build/my_doosan_pkg build --build-base /home/kabirpuri/fuelbot_ws/build/my_doosan_pkg/build install --record /home/kabirpuri/fuelbot_ws/build/my_doosan_pkg/install.log --single-version-externally-managed install_data
[0.933s] running egg_info
[0.934s] creating ../../../build/my_doosan_pkg/my_doosan_pkg.egg-info
[0.934s] writing ../../../build/my_doosan_pkg/my_doosan_pkg.egg-info/PKG-INFO
[0.934s] writing dependency_links to ../../../build/my_doosan_pkg/my_doosan_pkg.egg-info/dependency_links.txt
[0.934s] writing entry points to ../../../build/my_doosan_pkg/my_doosan_pkg.egg-info/entry_points.txt
[0.934s] writing requirements to ../../../build/my_doosan_pkg/my_doosan_pkg.egg-info/requires.txt
[0.934s] writing top-level names to ../../../build/my_doosan_pkg/my_doosan_pkg.egg-info/top_level.txt
[0.934s] writing manifest file '../../../build/my_doosan_pkg/my_doosan_pkg.egg-info/SOURCES.txt'
[0.935s] reading manifest file '../../../build/my_doosan_pkg/my_doosan_pkg.egg-info/SOURCES.txt'
[0.938s] writing manifest file '../../../build/my_doosan_pkg/my_doosan_pkg.egg-info/SOURCES.txt'
[0.938s] running build
[0.938s] running build_py
[0.939s] creating /home/kabirpuri/fuelbot_ws/build/my_doosan_pkg/build
[0.939s] creating /home/kabirpuri/fuelbot_ws/build/my_doosan_pkg/build/lib
[0.939s] creating /home/kabirpuri/fuelbot_ws/build/my_doosan_pkg/build/lib/my_doosan_pkg
[0.939s] copying my_doosan_pkg/joint_points_act_service.py -> /home/kabirpuri/fuelbot_ws/build/my_doosan_pkg/build/lib/my_doosan_pkg
[0.939s] copying my_doosan_pkg/joint_points_topic.py -> /home/kabirpuri/fuelbot_ws/build/my_doosan_pkg/build/lib/my_doosan_pkg
[0.939s] copying my_doosan_pkg/__init__.py -> /home/kabirpuri/fuelbot_ws/build/my_doosan_pkg/build/lib/my_doosan_pkg
[0.939s] running install
[0.939s] running install_lib
[0.940s] creating /home/kabirpuri/fuelbot_ws/install/my_doosan_pkg/lib/python3.10/site-packages/my_doosan_pkg
[0.941s] copying /home/kabirpuri/fuelbot_ws/build/my_doosan_pkg/build/lib/my_doosan_pkg/joint_points_act_service.py -> /home/kabirpuri/fuelbot_ws/install/my_doosan_pkg/lib/python3.10/site-packages/my_doosan_pkg
[0.941s] copying /home/kabirpuri/fuelbot_ws/build/my_doosan_pkg/build/lib/my_doosan_pkg/joint_points_topic.py -> /home/kabirpuri/fuelbot_ws/install/my_doosan_pkg/lib/python3.10/site-packages/my_doosan_pkg
[0.941s] copying /home/kabirpuri/fuelbot_ws/build/my_doosan_pkg/build/lib/my_doosan_pkg/__init__.py -> /home/kabirpuri/fuelbot_ws/install/my_doosan_pkg/lib/python3.10/site-packages/my_doosan_pkg
[0.941s] byte-compiling /home/kabirpuri/fuelbot_ws/install/my_doosan_pkg/lib/python3.10/site-packages/my_doosan_pkg/joint_points_act_service.py to joint_points_act_service.cpython-310.pyc
[0.944s] byte-compiling /home/kabirpuri/fuelbot_ws/install/my_doosan_pkg/lib/python3.10/site-packages/my_doosan_pkg/joint_points_topic.py to joint_points_topic.cpython-310.pyc
[0.944s] byte-compiling /home/kabirpuri/fuelbot_ws/install/my_doosan_pkg/lib/python3.10/site-packages/my_doosan_pkg/__init__.py to __init__.cpython-310.pyc
[0.944s] running install_data
[0.944s] creating /home/kabirpuri/fuelbot_ws/install/my_doosan_pkg/share/ament_index
[0.944s] creating /home/kabirpuri/fuelbot_ws/install/my_doosan_pkg/share/ament_index/resource_index
[0.944s] creating /home/kabirpuri/fuelbot_ws/install/my_doosan_pkg/share/ament_index/resource_index/packages
[0.944s] copying resource/my_doosan_pkg -> /home/kabirpuri/fuelbot_ws/install/my_doosan_pkg/share/ament_index/resource_index/packages
[0.944s] copying package.xml -> /home/kabirpuri/fuelbot_ws/install/my_doosan_pkg/share/my_doosan_pkg
[0.944s] creating /home/kabirpuri/fuelbot_ws/install/my_doosan_pkg/share/my_doosan_pkg/launch
[0.944s] copying launch/my_doosan_controller.launch.py -> /home/kabirpuri/fuelbot_ws/install/my_doosan_pkg/share/my_doosan_pkg/launch
[0.944s] copying launch/my_doosan_gazebo_controller.launch.py -> /home/kabirpuri/fuelbot_ws/install/my_doosan_pkg/share/my_doosan_pkg/launch
[0.945s] copying launch/my_doosan_rviz.launch.py -> /home/kabirpuri/fuelbot_ws/install/my_doosan_pkg/share/my_doosan_pkg/launch
[0.945s] copying launch/my_doosan_gazebo.launch.py -> /home/kabirpuri/fuelbot_ws/install/my_doosan_pkg/share/my_doosan_pkg/launch
[0.945s] creating /home/kabirpuri/fuelbot_ws/install/my_doosan_pkg/share/my_doosan_pkg/rviz
[0.945s] copying rviz/view_config.rviz -> /home/kabirpuri/fuelbot_ws/install/my_doosan_pkg/share/my_doosan_pkg/rviz
[0.945s] creating /home/kabirpuri/fuelbot_ws/install/my_doosan_pkg/share/my_doosan_pkg/config
[0.945s] copying config/simple_controller.yaml -> /home/kabirpuri/fuelbot_ws/install/my_doosan_pkg/share/my_doosan_pkg/config
[0.945s] creating /home/kabirpuri/fuelbot_ws/install/my_doosan_pkg/share/my_doosan_pkg/worlds
[0.945s] copying worlds/my_empty_world.world -> /home/kabirpuri/fuelbot_ws/install/my_doosan_pkg/share/my_doosan_pkg/worlds
[0.945s] creating /home/kabirpuri/fuelbot_ws/install/my_doosan_pkg/share/my_doosan_pkg/description
[0.945s] creating /home/kabirpuri/fuelbot_ws/install/my_doosan_pkg/share/my_doosan_pkg/description/urdf
[0.945s] copying description/urdf/m1013.white.urdf -> /home/kabirpuri/fuelbot_ws/install/my_doosan_pkg/share/my_doosan_pkg/description/urdf
[0.945s] copying description/urdf/a0912.blue.urdf -> /home/kabirpuri/fuelbot_ws/install/my_doosan_pkg/share/my_doosan_pkg/description/urdf
[0.946s] creating /home/kabirpuri/fuelbot_ws/install/my_doosan_pkg/share/my_doosan_pkg/description/xacro
[0.946s] copying description/xacro/macro.m1013.white.xacro -> /home/kabirpuri/fuelbot_ws/install/my_doosan_pkg/share/my_doosan_pkg/description/xacro
[0.946s] copying description/xacro/macro.a0912.blue.xacro -> /home/kabirpuri/fuelbot_ws/install/my_doosan_pkg/share/my_doosan_pkg/description/xacro
[0.947s] copying description/xacro/m1013.urdf.xacro -> /home/kabirpuri/fuelbot_ws/install/my_doosan_pkg/share/my_doosan_pkg/description/xacro
[0.947s] copying description/xacro/macro.transmission.xacro -> /home/kabirpuri/fuelbot_ws/install/my_doosan_pkg/share/my_doosan_pkg/description/xacro
[0.947s] copying description/xacro/a0912.urdf.xacro -> /home/kabirpuri/fuelbot_ws/install/my_doosan_pkg/share/my_doosan_pkg/description/xacro
[0.947s] copying description/xacro/macro.bumper_config.xacro -> /home/kabirpuri/fuelbot_ws/install/my_doosan_pkg/share/my_doosan_pkg/description/xacro
[0.947s] copying description/xacro/macro.internal_config.xacro -> /home/kabirpuri/fuelbot_ws/install/my_doosan_pkg/share/my_doosan_pkg/description/xacro
[0.947s] copying description/xacro/macro.gazebo_config_control.xacro -> /home/kabirpuri/fuelbot_ws/install/my_doosan_pkg/share/my_doosan_pkg/description/xacro
[0.947s] creating /home/kabirpuri/fuelbot_ws/install/my_doosan_pkg/share/my_doosan_pkg/description/meshes
[0.947s] creating /home/kabirpuri/fuelbot_ws/install/my_doosan_pkg/share/my_doosan_pkg/description/meshes/a0912_blue
[0.948s] copying description/meshes/a0912_blue/A0912_6_0.dae -> /home/kabirpuri/fuelbot_ws/install/my_doosan_pkg/share/my_doosan_pkg/description/meshes/a0912_blue
[0.948s] copying description/meshes/a0912_blue/A0912_3_1.dae -> /home/kabirpuri/fuelbot_ws/install/my_doosan_pkg/share/my_doosan_pkg/description/meshes/a0912_blue
[0.948s] copying description/meshes/a0912_blue/A0912_2_0.dae -> /home/kabirpuri/fuelbot_ws/install/my_doosan_pkg/share/my_doosan_pkg/description/meshes/a0912_blue
[0.948s] copying description/meshes/a0912_blue/A0912_3_0.dae -> /home/kabirpuri/fuelbot_ws/install/my_doosan_pkg/share/my_doosan_pkg/description/meshes/a0912_blue
[0.948s] copying description/meshes/a0912_blue/A0912_0_0.dae -> /home/kabirpuri/fuelbot_ws/install/my_doosan_pkg/share/my_doosan_pkg/description/meshes/a0912_blue
[0.948s] copying description/meshes/a0912_blue/A0912_5_1.dae -> /home/kabirpuri/fuelbot_ws/install/my_doosan_pkg/share/my_doosan_pkg/description/meshes/a0912_blue
[0.948s] copying description/meshes/a0912_blue/A0912_2_2.dae -> /home/kabirpuri/fuelbot_ws/install/my_doosan_pkg/share/my_doosan_pkg/description/meshes/a0912_blue
[0.948s] copying description/meshes/a0912_blue/A0912_2_1.dae -> /home/kabirpuri/fuelbot_ws/install/my_doosan_pkg/share/my_doosan_pkg/description/meshes/a0912_blue
[0.948s] copying description/meshes/a0912_blue/A0912_5_0.dae -> /home/kabirpuri/fuelbot_ws/install/my_doosan_pkg/share/my_doosan_pkg/description/meshes/a0912_blue
[0.949s] copying description/meshes/a0912_blue/A0912_1_0.dae -> /home/kabirpuri/fuelbot_ws/install/my_doosan_pkg/share/my_doosan_pkg/description/meshes/a0912_blue
[0.949s] copying description/meshes/a0912_blue/A0912_1_1.dae -> /home/kabirpuri/fuelbot_ws/install/my_doosan_pkg/share/my_doosan_pkg/description/meshes/a0912_blue
[0.949s] copying description/meshes/a0912_blue/A0912_1_2.dae -> /home/kabirpuri/fuelbot_ws/install/my_doosan_pkg/share/my_doosan_pkg/description/meshes/a0912_blue
[0.949s] copying description/meshes/a0912_blue/A0912_4_1.dae -> /home/kabirpuri/fuelbot_ws/install/my_doosan_pkg/share/my_doosan_pkg/description/meshes/a0912_blue
[0.949s] copying description/meshes/a0912_blue/A0912_4_0.dae -> /home/kabirpuri/fuelbot_ws/install/my_doosan_pkg/share/my_doosan_pkg/description/meshes/a0912_blue
[0.949s] creating /home/kabirpuri/fuelbot_ws/install/my_doosan_pkg/share/my_doosan_pkg/description/meshes/m1013_white
[0.949s] copying description/meshes/m1013_white/MF1013_6_0.dae -> /home/kabirpuri/fuelbot_ws/install/my_doosan_pkg/share/my_doosan_pkg/description/meshes/m1013_white
[0.949s] copying description/meshes/m1013_white/MF1013_3_0.dae -> /home/kabirpuri/fuelbot_ws/install/my_doosan_pkg/share/my_doosan_pkg/description/meshes/m1013_white
[0.952s] copying description/meshes/m1013_white/MF1013_0_0.dae -> /home/kabirpuri/fuelbot_ws/install/my_doosan_pkg/share/my_doosan_pkg/description/meshes/m1013_white
[0.953s] copying description/meshes/m1013_white/MF1013_4_0.dae -> /home/kabirpuri/fuelbot_ws/install/my_doosan_pkg/share/my_doosan_pkg/description/meshes/m1013_white
[0.953s] copying description/meshes/m1013_white/MF1013_4_1.dae -> /home/kabirpuri/fuelbot_ws/install/my_doosan_pkg/share/my_doosan_pkg/description/meshes/m1013_white
[0.954s] copying description/meshes/m1013_white/MF1013_2_2.dae -> /home/kabirpuri/fuelbot_ws/install/my_doosan_pkg/share/my_doosan_pkg/description/meshes/m1013_white
[0.955s] copying description/meshes/m1013_white/MF1013_5_0.dae -> /home/kabirpuri/fuelbot_ws/install/my_doosan_pkg/share/my_doosan_pkg/description/meshes/m1013_white
[0.955s] copying description/meshes/m1013_white/MF1013_1_0.dae -> /home/kabirpuri/fuelbot_ws/install/my_doosan_pkg/share/my_doosan_pkg/description/meshes/m1013_white
[0.956s] copying description/meshes/m1013_white/MF1013_2_0.dae -> /home/kabirpuri/fuelbot_ws/install/my_doosan_pkg/share/my_doosan_pkg/description/meshes/m1013_white
[0.957s] copying description/meshes/m1013_white/MF1013_2_1.dae -> /home/kabirpuri/fuelbot_ws/install/my_doosan_pkg/share/my_doosan_pkg/description/meshes/m1013_white
[0.959s] running install_egg_info
[0.961s] Copying ../../../build/my_doosan_pkg/my_doosan_pkg.egg-info to /home/kabirpuri/fuelbot_ws/install/my_doosan_pkg/lib/python3.10/site-packages/my_doosan_pkg-0.0.0-py3.10.egg-info
[0.962s] running install_scripts
[0.978s] Installing trajectory_points_act_server script to /home/kabirpuri/fuelbot_ws/install/my_doosan_pkg/lib/my_doosan_pkg
[0.979s] Installing trajectory_points_topic script to /home/kabirpuri/fuelbot_ws/install/my_doosan_pkg/lib/my_doosan_pkg
[0.979s] writing list of installed files to '/home/kabirpuri/fuelbot_ws/build/my_doosan_pkg/install.log'
[1.050s] Invoked command in '/home/kabirpuri/fuelbot_ws/src/robotic_arm_environment/my_doosan_pkg' returned '0': PYTHONPATH=/home/kabirpuri/fuelbot_ws/build/my_doosan_pkg/prefix_override:/usr/lib/python3/dist-packages/colcon_core/task/python/colcon_distutils_commands:/home/kabirpuri/fuelbot_ws/install/my_doosan_pkg/lib/python3.10/site-packages:${PYTHONPATH} /usr/bin/python3 -W ignore:setup.py install is deprecated -W ignore:easy_install command is deprecated setup.py egg_info --egg-base ../../../build/my_doosan_pkg build --build-base /home/kabirpuri/fuelbot_ws/build/my_doosan_pkg/build install --record /home/kabirpuri/fuelbot_ws/build/my_doosan_pkg/install.log --single-version-externally-managed install_data
