[0.015s] Invoking command in '/home/kabirpuri/fuelbot_ws/build/ur_robot_driver': AMENT_PREFIX_PATH=/home/kabirpuri/fuelbot_ws/install/ur_controllers:/home/kabirpuri/fuelbot_ws/install/ur_dashboard_msgs:${AMENT_PREFIX_PATH} CMAKE_PREFIX_PATH=/home/kabirpuri/fuelbot_ws/install/ur_controllers:/home/kabirpuri/fuelbot_ws/install/ur_dashboard_msgs:/home/kabirpuri/fuelbot_ws/install/my_sphere_pkg:/home/kabirpuri/fuelbot_ws/install/my_environment_pkg:/home/kabirpuri/fuelbot_ws/install/my_doosan_pkg:/opt/ros/humble LD_LIBRARY_PATH=/home/kabirpuri/fuelbot_ws/install/ur_controllers/lib:/home/kabirpuri/fuelbot_ws/install/ur_dashboard_msgs/lib:${LD_LIBRARY_PATH} PYTHONPATH=/home/kabirpuri/fuelbot_ws/install/ur_dashboard_msgs/local/lib/python3.10/dist-packages:${PYTHONPATH} /usr/bin/cmake /home/kabirpuri/fuelbot_ws/src/Universal_Robots_ROS2_Driver/ur_robot_driver -DAMENT_CMAKE_SYMLINK_INSTALL=1 -DCMAKE_INSTALL_PREFIX=/home/kabirpuri/fuelbot_ws/install/ur_robot_driver
[0.089s] -- The C compiler identification is GNU 11.4.0
[0.133s] -- The CXX compiler identification is GNU 11.4.0
[0.137s] -- Detecting C compiler ABI info
[0.200s] -- Detecting C compiler ABI info - done
[0.203s] -- Check for working C compiler: /usr/bin/cc - skipped
[0.204s] -- Detecting C compile features
[0.204s] -- Detecting C compile features - done
[0.206s] -- Detecting CXX compiler ABI info
[0.270s] -- Detecting CXX compiler ABI info - done
[0.274s] -- Check for working CXX compiler: /usr/bin/c++ - skipped
[0.275s] -- Detecting CXX compile features
[0.275s] -- Detecting CXX compile features - done
[0.275s] [0mur_robot_driver: You did not request a specific build type: selecting 'RelWithDebInfo'.[0m
[0.277s] -- Found ament_cmake: 1.3.11 (/opt/ros/humble/share/ament_cmake/cmake)
[0.384s] -- Found Python3: /usr/bin/python3 (found version "3.10.12") found components: Interpreter 
[0.426s] -- Override CMake install command with custom implementation using symlinks instead of copying resources
[0.454s] -- Found controller_manager: 2.50.0 (/opt/ros/humble/share/controller_manager/cmake)
[0.489s] -- Found rosidl_generator_c: 3.1.6 (/opt/ros/humble/share/rosidl_generator_c/cmake)
[0.493s] -- Found rosidl_adapter: 3.1.6 (/opt/ros/humble/share/rosidl_adapter/cmake)
[0.499s] -- Found rosidl_generator_cpp: 3.1.6 (/opt/ros/humble/share/rosidl_generator_cpp/cmake)
[0.507s] -- Using all available rosidl_typesupport_c: rosidl_typesupport_fastrtps_c;rosidl_typesupport_introspection_c
[0.518s] -- Using all available rosidl_typesupport_cpp: rosidl_typesupport_fastrtps_cpp;rosidl_typesupport_introspection_cpp
[0.660s] -- Found rmw_implementation_cmake: 6.1.2 (/opt/ros/humble/share/rmw_implementation_cmake/cmake)
[0.662s] -- Found rmw_fastrtps_cpp: 6.2.7 (/opt/ros/humble/share/rmw_fastrtps_cpp/cmake)
[0.679s] -- Found TinyXML2 via Config file: TinyXML2_DIR-NOTFOUND
[0.735s] -- Found OpenSSL: /usr/lib/x86_64-linux-gnu/libcrypto.so (found version "3.0.2")  
[0.736s] -- Found TinyXML2 via Config file: TinyXML2_DIR-NOTFOUND
[0.750s] -- Found FastRTPS: /opt/ros/humble/include  
[0.752s] -- Found TinyXML2 via Config file: TinyXML2_DIR-NOTFOUND
[0.759s] -- Found TinyXML2 via Config file: TinyXML2_DIR-NOTFOUND
[0.768s] -- Using RMW implementation 'rmw_fastrtps_cpp' as default
[0.775s] -- Looking for pthread.h
[0.852s] -- Looking for pthread.h - found
[0.852s] -- Performing Test CMAKE_HAVE_LIBC_PTHREAD
[0.931s] -- Performing Test CMAKE_HAVE_LIBC_PTHREAD - Success
[0.933s] -- Found Threads: TRUE  
[1.011s] -- Found rclpy: 3.3.16 (/opt/ros/humble/share/rclpy/cmake)
[1.013s] -- Found std_srvs: 4.8.0 (/opt/ros/humble/share/std_srvs/cmake)
[1.019s] -- Found tf2_geometry_msgs: 0.25.12 (/opt/ros/humble/share/tf2_geometry_msgs/cmake)
[1.030s] -- Found eigen3_cmake_module: 0.1.1 (/opt/ros/humble/share/eigen3_cmake_module/cmake)
[1.031s] -- Found Eigen3: TRUE (found version "3.4.0") 
[1.031s] -- Ensuring Eigen3 include directory is part of orocos-kdl CMake target
[1.069s] -- Found ur_dashboard_msgs: 2.8.0 (/home/kabirpuri/fuelbot_ws/install/ur_dashboard_msgs/share/ur_dashboard_msgs/cmake)
[1.079s] -- Found ur_msgs: 2.2.0 (/opt/ros/humble/share/ur_msgs/cmake)
[1.255s] -- Found ur_controllers: 2.8.0 (/home/kabirpuri/fuelbot_ws/install/ur_controllers/share/ur_controllers/cmake)
[1.324s] -- Found ur_description: 2.5.0 (/opt/ros/humble/share/ur_description/cmake)
[1.328s] -- Found launch_testing_ament_cmake: 1.0.8 (/opt/ros/humble/share/launch_testing_ament_cmake/cmake)
[1.329s] -- Found python_cmake_module: 0.10.0 (/opt/ros/humble/share/python_cmake_module/cmake)
[1.346s] -- Found PythonInterp: /usr/bin/python3 (found suitable version "3.10.12", minimum required is "3.6") 
[1.350s] -- Found PythonLibs: /usr/lib/x86_64-linux-gnu/libpython3.10.so (found suitable version "3.10.12", minimum required is "3.5") 
[1.350s] -- Using PYTHON_EXECUTABLE: /usr/bin/python3
[1.350s] -- Using PYTHON_INCLUDE_DIRS: /usr/include/python3.10
[1.350s] -- Using PYTHON_LIBRARIES: /usr/lib/x86_64-linux-gnu/libpython3.10.so
[1.365s] -- Found PythonExtra: .so  
[1.368s] -- Configuring done
[1.462s] -- Generating done
[1.474s] -- Build files have been written to: /home/kabirpuri/fuelbot_ws/build/ur_robot_driver
[1.486s] Invoked command in '/home/kabirpuri/fuelbot_ws/build/ur_robot_driver' returned '0': AMENT_PREFIX_PATH=/home/kabirpuri/fuelbot_ws/install/ur_controllers:/home/kabirpuri/fuelbot_ws/install/ur_dashboard_msgs:${AMENT_PREFIX_PATH} CMAKE_PREFIX_PATH=/home/kabirpuri/fuelbot_ws/install/ur_controllers:/home/kabirpuri/fuelbot_ws/install/ur_dashboard_msgs:/home/kabirpuri/fuelbot_ws/install/my_sphere_pkg:/home/kabirpuri/fuelbot_ws/install/my_environment_pkg:/home/kabirpuri/fuelbot_ws/install/my_doosan_pkg:/opt/ros/humble LD_LIBRARY_PATH=/home/kabirpuri/fuelbot_ws/install/ur_controllers/lib:/home/kabirpuri/fuelbot_ws/install/ur_dashboard_msgs/lib:${LD_LIBRARY_PATH} PYTHONPATH=/home/kabirpuri/fuelbot_ws/install/ur_dashboard_msgs/local/lib/python3.10/dist-packages:${PYTHONPATH} /usr/bin/cmake /home/kabirpuri/fuelbot_ws/src/Universal_Robots_ROS2_Driver/ur_robot_driver -DAMENT_CMAKE_SYMLINK_INSTALL=1 -DCMAKE_INSTALL_PREFIX=/home/kabirpuri/fuelbot_ws/install/ur_robot_driver
[1.489s] Invoking command in '/home/kabirpuri/fuelbot_ws/build/ur_robot_driver': AMENT_PREFIX_PATH=/home/kabirpuri/fuelbot_ws/install/ur_controllers:/home/kabirpuri/fuelbot_ws/install/ur_dashboard_msgs:${AMENT_PREFIX_PATH} CMAKE_PREFIX_PATH=/home/kabirpuri/fuelbot_ws/install/ur_controllers:/home/kabirpuri/fuelbot_ws/install/ur_dashboard_msgs:/home/kabirpuri/fuelbot_ws/install/my_sphere_pkg:/home/kabirpuri/fuelbot_ws/install/my_environment_pkg:/home/kabirpuri/fuelbot_ws/install/my_doosan_pkg:/opt/ros/humble LD_LIBRARY_PATH=/home/kabirpuri/fuelbot_ws/install/ur_controllers/lib:/home/kabirpuri/fuelbot_ws/install/ur_dashboard_msgs/lib:${LD_LIBRARY_PATH} PYTHONPATH=/home/kabirpuri/fuelbot_ws/install/ur_dashboard_msgs/local/lib/python3.10/dist-packages:${PYTHONPATH} /usr/bin/cmake --build /home/kabirpuri/fuelbot_ws/build/ur_robot_driver -- -j16 -l16
[1.539s] [  5%] [32mBuilding CXX object CMakeFiles/dashboard_client.dir/src/urcl_log_handler.cpp.o[0m
[1.539s] [ 30%] [32mBuilding CXX object CMakeFiles/ur_robot_driver_plugin.dir/src/hardware_interface.cpp.o[0m
[1.539s] [ 30%] [32mBuilding CXX object CMakeFiles/ur_robot_driver_plugin.dir/src/dashboard_client_ros.cpp.o[0m
[1.539s] [ 30%] [32mBuilding CXX object CMakeFiles/ur_ros2_control_node.dir/src/ur_ros2_control_node.cpp.o[0m
[1.539s] [ 30%] [32mBuilding CXX object CMakeFiles/dashboard_client.dir/src/dashboard_client_node.cpp.o[0m
[1.539s] [ 35%] [32mBuilding CXX object CMakeFiles/robot_state_helper.dir/src/robot_state_helper.cpp.o[0m
[1.539s] [ 50%] [32mBuilding CXX object CMakeFiles/ur_robot_driver_plugin.dir/src/urcl_log_handler.cpp.o[0m
[1.540s] [ 50%] [32mBuilding CXX object CMakeFiles/robot_state_helper.dir/src/robot_state_helper_node.cpp.o[0m
[1.540s] [ 50%] [32mBuilding CXX object CMakeFiles/controller_stopper_node.dir/src/controller_stopper.cpp.o[0m
[1.540s] [ 50%] [32mBuilding CXX object CMakeFiles/dashboard_client.dir/src/dashboard_client_ros.cpp.o[0m
[1.540s] [ 55%] [32mBuilding CXX object CMakeFiles/ur_robot_driver_plugin.dir/src/robot_state_helper.cpp.o[0m
[1.540s] [ 65%] [32mBuilding CXX object CMakeFiles/controller_stopper_node.dir/src/controller_stopper_node.cpp.o[0m
[1.540s] [ 65%] [32mBuilding CXX object CMakeFiles/urscript_interface.dir/src/urscript_interface.cpp.o[0m
[1.540s] [ 70%] [32mBuilding CXX object CMakeFiles/robot_state_helper.dir/src/urcl_log_handler.cpp.o[0m
[1.553s] [ 70%] Built target ament_cmake_python_symlink_ur_robot_driver
[1.890s] running egg_info
[1.890s] creating ur_robot_driver.egg-info
[1.891s] writing ur_robot_driver.egg-info/PKG-INFO
[1.891s] writing dependency_links to ur_robot_driver.egg-info/dependency_links.txt
[1.891s] writing top-level names to ur_robot_driver.egg-info/top_level.txt
[1.891s] writing manifest file 'ur_robot_driver.egg-info/SOURCES.txt'
[1.896s] reading manifest file 'ur_robot_driver.egg-info/SOURCES.txt'
[1.896s] writing manifest file 'ur_robot_driver.egg-info/SOURCES.txt'
[1.946s] [ 70%] Built target ament_cmake_python_build_ur_robot_driver_egg
[8.104s] [ 75%] [32m[1mLinking CXX executable ur_ros2_control_node[0m
[8.321s] [ 75%] Built target ur_ros2_control_node
[17.277s] [ 80%] [32m[1mLinking CXX executable urscript_interface[0m
[17.623s] [ 80%] Built target urscript_interface
[20.817s] [ 85%] [32m[1mLinking CXX executable controller_stopper_node[0m
[21.154s] [ 85%] Built target controller_stopper_node
[24.109s] [ 90%] [32m[1mLinking CXX executable dashboard_client[0m
[24.402s] [ 90%] Built target dashboard_client
[29.354s] [ 95%] [32m[1mLinking CXX shared library libur_robot_driver_plugin.so[0m
[29.671s] [100%] [32m[1mLinking CXX executable robot_state_helper[0m
[29.947s] [100%] Built target ur_robot_driver_plugin
[30.063s] [100%] Built target robot_state_helper
[30.074s] Invoked command in '/home/kabirpuri/fuelbot_ws/build/ur_robot_driver' returned '0': AMENT_PREFIX_PATH=/home/kabirpuri/fuelbot_ws/install/ur_controllers:/home/kabirpuri/fuelbot_ws/install/ur_dashboard_msgs:${AMENT_PREFIX_PATH} CMAKE_PREFIX_PATH=/home/kabirpuri/fuelbot_ws/install/ur_controllers:/home/kabirpuri/fuelbot_ws/install/ur_dashboard_msgs:/home/kabirpuri/fuelbot_ws/install/my_sphere_pkg:/home/kabirpuri/fuelbot_ws/install/my_environment_pkg:/home/kabirpuri/fuelbot_ws/install/my_doosan_pkg:/opt/ros/humble LD_LIBRARY_PATH=/home/kabirpuri/fuelbot_ws/install/ur_controllers/lib:/home/kabirpuri/fuelbot_ws/install/ur_dashboard_msgs/lib:${LD_LIBRARY_PATH} PYTHONPATH=/home/kabirpuri/fuelbot_ws/install/ur_dashboard_msgs/local/lib/python3.10/dist-packages:${PYTHONPATH} /usr/bin/cmake --build /home/kabirpuri/fuelbot_ws/build/ur_robot_driver -- -j16 -l16
[30.075s] Invoking command in '/home/kabirpuri/fuelbot_ws/build/ur_robot_driver': AMENT_PREFIX_PATH=/home/kabirpuri/fuelbot_ws/install/ur_controllers:/home/kabirpuri/fuelbot_ws/install/ur_dashboard_msgs:${AMENT_PREFIX_PATH} CMAKE_PREFIX_PATH=/home/kabirpuri/fuelbot_ws/install/ur_controllers:/home/kabirpuri/fuelbot_ws/install/ur_dashboard_msgs:/home/kabirpuri/fuelbot_ws/install/my_sphere_pkg:/home/kabirpuri/fuelbot_ws/install/my_environment_pkg:/home/kabirpuri/fuelbot_ws/install/my_doosan_pkg:/opt/ros/humble LD_LIBRARY_PATH=/home/kabirpuri/fuelbot_ws/install/ur_controllers/lib:/home/kabirpuri/fuelbot_ws/install/ur_dashboard_msgs/lib:${LD_LIBRARY_PATH} PYTHONPATH=/home/kabirpuri/fuelbot_ws/install/ur_dashboard_msgs/local/lib/python3.10/dist-packages:${PYTHONPATH} /usr/bin/cmake --install /home/kabirpuri/fuelbot_ws/build/ur_robot_driver
[30.081s] -- Install configuration: "RelWithDebInfo"
[30.081s] -- Execute custom install script
[30.081s] -- Symlinking: /home/kabirpuri/fuelbot_ws/install/ur_robot_driver/share/ur_robot_driver//hardware_interface_plugin.xml
[30.088s] -- Symlinking: /home/kabirpuri/fuelbot_ws/install/ur_robot_driver/lib/ur_robot_driver/dashboard_client
[30.096s] -- Symlinking: /home/kabirpuri/fuelbot_ws/install/ur_robot_driver/lib/ur_robot_driver/ur_ros2_control_node
[30.103s] -- Symlinking: /home/kabirpuri/fuelbot_ws/install/ur_robot_driver/lib/ur_robot_driver/controller_stopper_node
[30.109s] -- Symlinking: /home/kabirpuri/fuelbot_ws/install/ur_robot_driver/lib/ur_robot_driver/urscript_interface
[30.116s] -- Symlinking: /home/kabirpuri/fuelbot_ws/install/ur_robot_driver/lib/ur_robot_driver/robot_state_helper
[30.122s] -- Symlinking: /home/kabirpuri/fuelbot_ws/install/ur_robot_driver/lib/libur_robot_driver_plugin.so
[30.130s] -- Symlinking: /home/kabirpuri/fuelbot_ws/install/ur_robot_driver/include/ur_robot_driver/controller_stopper.hpp
[30.136s] -- Symlinking: /home/kabirpuri/fuelbot_ws/install/ur_robot_driver/include/ur_robot_driver/dashboard_client_ros.hpp
[30.142s] -- Symlinking: /home/kabirpuri/fuelbot_ws/install/ur_robot_driver/include/ur_robot_driver/hardware_interface.hpp
[30.149s] -- Symlinking: /home/kabirpuri/fuelbot_ws/install/ur_robot_driver/include/ur_robot_driver/robot_state_helper.hpp
[30.155s] -- Symlinking: /home/kabirpuri/fuelbot_ws/install/ur_robot_driver/include/ur_robot_driver/urcl_log_handler.hpp
[30.161s] -- Symlinking: /home/kabirpuri/fuelbot_ws/install/ur_robot_driver/share/ur_robot_driver/environment/library_path.sh
[30.168s] -- Symlinking: /home/kabirpuri/fuelbot_ws/install/ur_robot_driver/share/ur_robot_driver/environment/library_path.dsv
[30.174s] -- Up-to-date symlink: /home/kabirpuri/fuelbot_ws/install/ur_robot_driver/include/ur_robot_driver/controller_stopper.hpp
[30.174s] -- Up-to-date symlink: /home/kabirpuri/fuelbot_ws/install/ur_robot_driver/include/ur_robot_driver/dashboard_client_ros.hpp
[30.174s] -- Up-to-date symlink: /home/kabirpuri/fuelbot_ws/install/ur_robot_driver/include/ur_robot_driver/hardware_interface.hpp
[30.175s] -- Up-to-date symlink: /home/kabirpuri/fuelbot_ws/install/ur_robot_driver/include/ur_robot_driver/robot_state_helper.hpp
[30.175s] -- Up-to-date symlink: /home/kabirpuri/fuelbot_ws/install/ur_robot_driver/include/ur_robot_driver/urcl_log_handler.hpp
[30.175s] -- Symlinking: /home/kabirpuri/fuelbot_ws/install/ur_robot_driver/share/ur_robot_driver/environment/pythonpath.sh
[30.180s] -- Symlinking: /home/kabirpuri/fuelbot_ws/install/ur_robot_driver/share/ur_robot_driver/environment/pythonpath.dsv
[30.187s] -- Symlinking: /home/kabirpuri/fuelbot_ws/install/ur_robot_driver/local/lib/python3.10/dist-packages/ur_robot_driver-2.8.0-py3.10.egg-info/PKG-INFO
[30.196s] -- Symlinking: /home/kabirpuri/fuelbot_ws/install/ur_robot_driver/local/lib/python3.10/dist-packages/ur_robot_driver-2.8.0-py3.10.egg-info/SOURCES.txt
[30.203s] -- Symlinking: /home/kabirpuri/fuelbot_ws/install/ur_robot_driver/local/lib/python3.10/dist-packages/ur_robot_driver-2.8.0-py3.10.egg-info/dependency_links.txt
[30.210s] -- Symlinking: /home/kabirpuri/fuelbot_ws/install/ur_robot_driver/local/lib/python3.10/dist-packages/ur_robot_driver-2.8.0-py3.10.egg-info/top_level.txt
[30.216s] -- Symlinking: /home/kabirpuri/fuelbot_ws/install/ur_robot_driver/local/lib/python3.10/dist-packages/ur_robot_driver/__init__.py
[30.223s] -- Symlinking: /home/kabirpuri/fuelbot_ws/install/ur_robot_driver/lib/ur_robot_driver/tool_communication.py
[30.230s] -- Symlinking: /home/kabirpuri/fuelbot_ws/install/ur_robot_driver/lib/ur_robot_driver/example_move.py
[30.237s] -- Symlinking: /home/kabirpuri/fuelbot_ws/install/ur_robot_driver/lib/ur_robot_driver/start_ursim.sh
[30.244s] -- Symlinking: /home/kabirpuri/fuelbot_ws/install/ur_robot_driver/lib/ur_robot_driver/examples.py
[30.250s] -- Symlinking: /home/kabirpuri/fuelbot_ws/install/ur_robot_driver/lib/ur_robot_driver/force_mode.py
[30.258s] -- Symlinking: /home/kabirpuri/fuelbot_ws/install/ur_robot_driver/bin/wait_dashboard_server.sh
[30.264s] -- Up-to-date symlink: /home/kabirpuri/fuelbot_ws/install/ur_robot_driver/lib/ur_robot_driver/start_ursim.sh
[30.265s] -- Symlinking: /home/kabirpuri/fuelbot_ws/install/ur_robot_driver/share/ur_robot_driver/config/test_goal_publishers_config.yaml
[30.270s] -- Symlinking: /home/kabirpuri/fuelbot_ws/install/ur_robot_driver/share/ur_robot_driver/config/test_velocity_goal_publishers_config.yaml
[30.276s] -- Symlinking: /home/kabirpuri/fuelbot_ws/install/ur_robot_driver/share/ur_robot_driver/config/ur10_update_rate.yaml
[30.282s] -- Symlinking: /home/kabirpuri/fuelbot_ws/install/ur_robot_driver/share/ur_robot_driver/config/ur10e_update_rate.yaml
[30.289s] -- Symlinking: /home/kabirpuri/fuelbot_ws/install/ur_robot_driver/share/ur_robot_driver/config/ur15_update_rate.yaml
[30.297s] -- Symlinking: /home/kabirpuri/fuelbot_ws/install/ur_robot_driver/share/ur_robot_driver/config/ur16e_update_rate.yaml
[30.304s] -- Symlinking: /home/kabirpuri/fuelbot_ws/install/ur_robot_driver/share/ur_robot_driver/config/ur20_update_rate.yaml
[30.310s] -- Symlinking: /home/kabirpuri/fuelbot_ws/install/ur_robot_driver/share/ur_robot_driver/config/ur30_update_rate.yaml
[30.316s] -- Symlinking: /home/kabirpuri/fuelbot_ws/install/ur_robot_driver/share/ur_robot_driver/config/ur3_update_rate.yaml
[30.325s] -- Symlinking: /home/kabirpuri/fuelbot_ws/install/ur_robot_driver/share/ur_robot_driver/config/ur3e_update_rate.yaml
[30.331s] -- Symlinking: /home/kabirpuri/fuelbot_ws/install/ur_robot_driver/share/ur_robot_driver/config/ur5_update_rate.yaml
[30.337s] -- Symlinking: /home/kabirpuri/fuelbot_ws/install/ur_robot_driver/share/ur_robot_driver/config/ur5e_update_rate.yaml
[30.344s] -- Symlinking: /home/kabirpuri/fuelbot_ws/install/ur_robot_driver/share/ur_robot_driver/config/ur_controllers.yaml
[30.350s] -- Symlinking: /home/kabirpuri/fuelbot_ws/install/ur_robot_driver/share/ur_robot_driver/launch/test_forward_velocity_controller.launch.py
[30.355s] -- Symlinking: /home/kabirpuri/fuelbot_ws/install/ur_robot_driver/share/ur_robot_driver/launch/test_joint_trajectory_controller.launch.py
[30.361s] -- Symlinking: /home/kabirpuri/fuelbot_ws/install/ur_robot_driver/share/ur_robot_driver/launch/test_scaled_joint_trajectory_controller.launch.py
[30.369s] -- Symlinking: /home/kabirpuri/fuelbot_ws/install/ur_robot_driver/share/ur_robot_driver/launch/ur10.launch.py
[30.375s] -- Symlinking: /home/kabirpuri/fuelbot_ws/install/ur_robot_driver/share/ur_robot_driver/launch/ur10e.launch.py
[30.383s] -- Symlinking: /home/kabirpuri/fuelbot_ws/install/ur_robot_driver/share/ur_robot_driver/launch/ur12e.launch.py
[30.389s] -- Symlinking: /home/kabirpuri/fuelbot_ws/install/ur_robot_driver/share/ur_robot_driver/launch/ur15.launch.py
[30.398s] -- Symlinking: /home/kabirpuri/fuelbot_ws/install/ur_robot_driver/share/ur_robot_driver/launch/ur16e.launch.py
[30.404s] -- Symlinking: /home/kabirpuri/fuelbot_ws/install/ur_robot_driver/share/ur_robot_driver/launch/ur20.launch.py
[30.409s] -- Symlinking: /home/kabirpuri/fuelbot_ws/install/ur_robot_driver/share/ur_robot_driver/launch/ur3.launch.py
[30.417s] -- Symlinking: /home/kabirpuri/fuelbot_ws/install/ur_robot_driver/share/ur_robot_driver/launch/ur30.launch.py
[30.423s] -- Symlinking: /home/kabirpuri/fuelbot_ws/install/ur_robot_driver/share/ur_robot_driver/launch/ur3e.launch.py
[30.429s] -- Symlinking: /home/kabirpuri/fuelbot_ws/install/ur_robot_driver/share/ur_robot_driver/launch/ur5.launch.py
[30.436s] -- Symlinking: /home/kabirpuri/fuelbot_ws/install/ur_robot_driver/share/ur_robot_driver/launch/ur5e.launch.py
[30.442s] -- Symlinking: /home/kabirpuri/fuelbot_ws/install/ur_robot_driver/share/ur_robot_driver/launch/ur7e.launch.py
[30.448s] -- Symlinking: /home/kabirpuri/fuelbot_ws/install/ur_robot_driver/share/ur_robot_driver/launch/ur_control.launch.py
[30.454s] -- Symlinking: /home/kabirpuri/fuelbot_ws/install/ur_robot_driver/share/ur_robot_driver/launch/ur_dashboard_client.launch.py
[30.462s] -- Symlinking: /home/kabirpuri/fuelbot_ws/install/ur_robot_driver/share/ament_index/resource_index/package_run_dependencies/ur_robot_driver
[30.470s] -- Symlinking: /home/kabirpuri/fuelbot_ws/install/ur_robot_driver/share/ament_index/resource_index/parent_prefix_path/ur_robot_driver
[30.475s] -- Symlinking: /home/kabirpuri/fuelbot_ws/install/ur_robot_driver/share/ur_robot_driver/environment/ament_prefix_path.sh
[30.481s] -- Symlinking: /home/kabirpuri/fuelbot_ws/install/ur_robot_driver/share/ur_robot_driver/environment/ament_prefix_path.dsv
[30.488s] -- Symlinking: /home/kabirpuri/fuelbot_ws/install/ur_robot_driver/share/ur_robot_driver/environment/path.sh
[30.497s] -- Symlinking: /home/kabirpuri/fuelbot_ws/install/ur_robot_driver/share/ur_robot_driver/environment/path.dsv
[30.504s] -- Symlinking: /home/kabirpuri/fuelbot_ws/install/ur_robot_driver/share/ur_robot_driver/local_setup.bash
[30.510s] -- Symlinking: /home/kabirpuri/fuelbot_ws/install/ur_robot_driver/share/ur_robot_driver/local_setup.sh
[30.516s] -- Symlinking: /home/kabirpuri/fuelbot_ws/install/ur_robot_driver/share/ur_robot_driver/local_setup.zsh
[30.522s] -- Symlinking: /home/kabirpuri/fuelbot_ws/install/ur_robot_driver/share/ur_robot_driver/local_setup.dsv
[30.531s] -- Symlinking: /home/kabirpuri/fuelbot_ws/install/ur_robot_driver/share/ur_robot_driver/package.dsv
[30.538s] -- Symlinking: /home/kabirpuri/fuelbot_ws/install/ur_robot_driver/share/ament_index/resource_index/packages/ur_robot_driver
[30.545s] -- Symlinking: /home/kabirpuri/fuelbot_ws/install/ur_robot_driver/share/ament_index/resource_index/hardware_interface__pluginlib__plugin/ur_robot_driver
[30.554s] -- Symlinking: /home/kabirpuri/fuelbot_ws/install/ur_robot_driver/share/ur_robot_driver/cmake/ament_cmake_export_include_directories-extras.cmake
[30.561s] -- Symlinking: /home/kabirpuri/fuelbot_ws/install/ur_robot_driver/share/ur_robot_driver/cmake/ament_cmake_export_libraries-extras.cmake
[30.568s] -- Symlinking: /home/kabirpuri/fuelbot_ws/install/ur_robot_driver/share/ur_robot_driver/cmake/ament_cmake_export_dependencies-extras.cmake
[30.575s] -- Symlinking: /home/kabirpuri/fuelbot_ws/install/ur_robot_driver/share/ur_robot_driver/cmake/ur_robot_driverConfig.cmake
[30.582s] -- Symlinking: /home/kabirpuri/fuelbot_ws/install/ur_robot_driver/share/ur_robot_driver/cmake/ur_robot_driverConfig-version.cmake
[30.588s] -- Symlinking: /home/kabirpuri/fuelbot_ws/install/ur_robot_driver/share/ur_robot_driver/package.xml
[30.596s] -- Installing: /home/kabirpuri/fuelbot_ws/install/ur_robot_driver/share/ur_robot_driver/resources
[30.596s] -- Installing: /home/kabirpuri/fuelbot_ws/install/ur_robot_driver/share/ur_robot_driver/resources/rtde_input_recipe.txt
[30.596s] -- Installing: /home/kabirpuri/fuelbot_ws/install/ur_robot_driver/share/ur_robot_driver/resources/externalcontrol-1.0.5.urcap
[30.596s] -- Installing: /home/kabirpuri/fuelbot_ws/install/ur_robot_driver/share/ur_robot_driver/resources/rtde_output_recipe.txt
[30.597s] -- Installing: /home/kabirpuri/fuelbot_ws/install/ur_robot_driver/share/ur_robot_driver/resources/rs485-1.0.urcap
[30.597s] -- Installing: /home/kabirpuri/fuelbot_ws/install/ur_robot_driver/share/ur_robot_driver/resources/ros_control.urscript
[30.619s] Listing '/home/kabirpuri/fuelbot_ws/install/ur_robot_driver/local/lib/python3.10/dist-packages/ur_robot_driver'...
[30.619s] Compiling '/home/kabirpuri/fuelbot_ws/install/ur_robot_driver/local/lib/python3.10/dist-packages/ur_robot_driver/__init__.py'...
[30.626s] Invoked command in '/home/kabirpuri/fuelbot_ws/build/ur_robot_driver' returned '0': AMENT_PREFIX_PATH=/home/kabirpuri/fuelbot_ws/install/ur_controllers:/home/kabirpuri/fuelbot_ws/install/ur_dashboard_msgs:${AMENT_PREFIX_PATH} CMAKE_PREFIX_PATH=/home/kabirpuri/fuelbot_ws/install/ur_controllers:/home/kabirpuri/fuelbot_ws/install/ur_dashboard_msgs:/home/kabirpuri/fuelbot_ws/install/my_sphere_pkg:/home/kabirpuri/fuelbot_ws/install/my_environment_pkg:/home/kabirpuri/fuelbot_ws/install/my_doosan_pkg:/opt/ros/humble LD_LIBRARY_PATH=/home/kabirpuri/fuelbot_ws/install/ur_controllers/lib:/home/kabirpuri/fuelbot_ws/install/ur_dashboard_msgs/lib:${LD_LIBRARY_PATH} PYTHONPATH=/home/kabirpuri/fuelbot_ws/install/ur_dashboard_msgs/local/lib/python3.10/dist-packages:${PYTHONPATH} /usr/bin/cmake --install /home/kabirpuri/fuelbot_ws/build/ur_robot_driver
