[0.024s] Invoking command in '/home/kabirpuri/fuelbot_ws/build/ur': AMENT_PREFIX_PATH=/home/kabirpuri/fuelbot_ws/install/ur_calibration:/home/kabirpuri/fuelbot_ws/install/ur_robot_driver:/home/kabirpuri/fuelbot_ws/install/ur_controllers:/home/kabirpuri/fuelbot_ws/install/ur_moveit_config:/home/kabirpuri/fuelbot_ws/install/ur_dashboard_msgs:${AMENT_PREFIX_PATH} CMAKE_PREFIX_PATH=/home/kabirpuri/fuelbot_ws/install/ur_calibration:/home/kabirpuri/fuelbot_ws/install/ur_robot_driver:/home/kabirpuri/fuelbot_ws/install/ur_controllers:/home/kabirpuri/fuelbot_ws/install/ur_moveit_config:/home/kabirpuri/fuelbot_ws/install/ur_dashboard_msgs:/home/kabirpuri/fuelbot_ws/install/my_sphere_pkg:/home/kabirpuri/fuelbot_ws/install/my_environment_pkg:/home/kabirpuri/fuelbot_ws/install/my_doosan_pkg:/opt/ros/humble LD_LIBRARY_PATH=/home/kabirpuri/fuelbot_ws/install/ur_robot_driver/lib:/home/kabirpuri/fuelbot_ws/install/ur_controllers/lib:/home/kabirpuri/fuelbot_ws/install/ur_dashboard_msgs/lib:${LD_LIBRARY_PATH} PATH=/home/kabirpuri/fuelbot_ws/install/ur_robot_driver/bin:${PATH} PYTHONPATH=/home/kabirpuri/fuelbot_ws/install/ur_robot_driver/local/lib/python3.10/dist-packages:/home/kabirpuri/fuelbot_ws/install/ur_moveit_config/local/lib/python3.10/dist-packages:/home/kabirpuri/fuelbot_ws/install/ur_dashboard_msgs/local/lib/python3.10/dist-packages:${PYTHONPATH} /usr/bin/cmake /home/kabirpuri/fuelbot_ws/src/Universal_Robots_ROS2_Driver/ur -DAMENT_CMAKE_SYMLINK_INSTALL=1 -DCMAKE_INSTALL_PREFIX=/home/kabirpuri/fuelbot_ws/install/ur
[0.067s] -- The C compiler identification is GNU 11.4.0
[0.109s] -- The CXX compiler identification is GNU 11.4.0
[0.114s] -- Detecting C compiler ABI info
[0.174s] -- Detecting C compiler ABI info - done
[0.177s] -- Check for working C compiler: /usr/bin/cc - skipped
[0.178s] -- Detecting C compile features
[0.178s] -- Detecting C compile features - done
[0.179s] -- Detecting CXX compiler ABI info
[0.245s] -- Detecting CXX compiler ABI info - done
[0.249s] -- Check for working CXX compiler: /usr/bin/c++ - skipped
[0.250s] -- Detecting CXX compile features
[0.250s] -- Detecting CXX compile features - done
[0.252s] -- Found ament_cmake: 1.3.11 (/opt/ros/humble/share/ament_cmake/cmake)
[0.362s] -- Found Python3: /usr/bin/python3 (found version "3.10.12") found components: Interpreter 
[0.401s] -- Override CMake install command with custom implementation using symlinks instead of copying resources
[0.457s] -- Found ament_lint_auto: 0.12.12 (/opt/ros/humble/share/ament_lint_auto/cmake)
[0.522s] -- Added test 'lint_cmake' to check CMake code style
[0.523s] -- Added test 'xmllint' to check XML markup files
[0.524s] -- Configuring done
[0.526s] -- Generating done
[0.527s] -- Build files have been written to: /home/kabirpuri/fuelbot_ws/build/ur
[0.531s] Invoked command in '/home/kabirpuri/fuelbot_ws/build/ur' returned '0': AMENT_PREFIX_PATH=/home/kabirpuri/fuelbot_ws/install/ur_calibration:/home/kabirpuri/fuelbot_ws/install/ur_robot_driver:/home/kabirpuri/fuelbot_ws/install/ur_controllers:/home/kabirpuri/fuelbot_ws/install/ur_moveit_config:/home/kabirpuri/fuelbot_ws/install/ur_dashboard_msgs:${AMENT_PREFIX_PATH} CMAKE_PREFIX_PATH=/home/kabirpuri/fuelbot_ws/install/ur_calibration:/home/kabirpuri/fuelbot_ws/install/ur_robot_driver:/home/kabirpuri/fuelbot_ws/install/ur_controllers:/home/kabirpuri/fuelbot_ws/install/ur_moveit_config:/home/kabirpuri/fuelbot_ws/install/ur_dashboard_msgs:/home/kabirpuri/fuelbot_ws/install/my_sphere_pkg:/home/kabirpuri/fuelbot_ws/install/my_environment_pkg:/home/kabirpuri/fuelbot_ws/install/my_doosan_pkg:/opt/ros/humble LD_LIBRARY_PATH=/home/kabirpuri/fuelbot_ws/install/ur_robot_driver/lib:/home/kabirpuri/fuelbot_ws/install/ur_controllers/lib:/home/kabirpuri/fuelbot_ws/install/ur_dashboard_msgs/lib:${LD_LIBRARY_PATH} PATH=/home/kabirpuri/fuelbot_ws/install/ur_robot_driver/bin:${PATH} PYTHONPATH=/home/kabirpuri/fuelbot_ws/install/ur_robot_driver/local/lib/python3.10/dist-packages:/home/kabirpuri/fuelbot_ws/install/ur_moveit_config/local/lib/python3.10/dist-packages:/home/kabirpuri/fuelbot_ws/install/ur_dashboard_msgs/local/lib/python3.10/dist-packages:${PYTHONPATH} /usr/bin/cmake /home/kabirpuri/fuelbot_ws/src/Universal_Robots_ROS2_Driver/ur -DAMENT_CMAKE_SYMLINK_INSTALL=1 -DCMAKE_INSTALL_PREFIX=/home/kabirpuri/fuelbot_ws/install/ur
[0.533s] Invoking command in '/home/kabirpuri/fuelbot_ws/build/ur': AMENT_PREFIX_PATH=/home/kabirpuri/fuelbot_ws/install/ur_calibration:/home/kabirpuri/fuelbot_ws/install/ur_robot_driver:/home/kabirpuri/fuelbot_ws/install/ur_controllers:/home/kabirpuri/fuelbot_ws/install/ur_moveit_config:/home/kabirpuri/fuelbot_ws/install/ur_dashboard_msgs:${AMENT_PREFIX_PATH} CMAKE_PREFIX_PATH=/home/kabirpuri/fuelbot_ws/install/ur_calibration:/home/kabirpuri/fuelbot_ws/install/ur_robot_driver:/home/kabirpuri/fuelbot_ws/install/ur_controllers:/home/kabirpuri/fuelbot_ws/install/ur_moveit_config:/home/kabirpuri/fuelbot_ws/install/ur_dashboard_msgs:/home/kabirpuri/fuelbot_ws/install/my_sphere_pkg:/home/kabirpuri/fuelbot_ws/install/my_environment_pkg:/home/kabirpuri/fuelbot_ws/install/my_doosan_pkg:/opt/ros/humble LD_LIBRARY_PATH=/home/kabirpuri/fuelbot_ws/install/ur_robot_driver/lib:/home/kabirpuri/fuelbot_ws/install/ur_controllers/lib:/home/kabirpuri/fuelbot_ws/install/ur_dashboard_msgs/lib:${LD_LIBRARY_PATH} PATH=/home/kabirpuri/fuelbot_ws/install/ur_robot_driver/bin:${PATH} PYTHONPATH=/home/kabirpuri/fuelbot_ws/install/ur_robot_driver/local/lib/python3.10/dist-packages:/home/kabirpuri/fuelbot_ws/install/ur_moveit_config/local/lib/python3.10/dist-packages:/home/kabirpuri/fuelbot_ws/install/ur_dashboard_msgs/local/lib/python3.10/dist-packages:${PYTHONPATH} /usr/bin/cmake --build /home/kabirpuri/fuelbot_ws/build/ur -- -j16 -l16
[0.568s] Invoked command in '/home/kabirpuri/fuelbot_ws/build/ur' returned '0': AMENT_PREFIX_PATH=/home/kabirpuri/fuelbot_ws/install/ur_calibration:/home/kabirpuri/fuelbot_ws/install/ur_robot_driver:/home/kabirpuri/fuelbot_ws/install/ur_controllers:/home/kabirpuri/fuelbot_ws/install/ur_moveit_config:/home/kabirpuri/fuelbot_ws/install/ur_dashboard_msgs:${AMENT_PREFIX_PATH} CMAKE_PREFIX_PATH=/home/kabirpuri/fuelbot_ws/install/ur_calibration:/home/kabirpuri/fuelbot_ws/install/ur_robot_driver:/home/kabirpuri/fuelbot_ws/install/ur_controllers:/home/kabirpuri/fuelbot_ws/install/ur_moveit_config:/home/kabirpuri/fuelbot_ws/install/ur_dashboard_msgs:/home/kabirpuri/fuelbot_ws/install/my_sphere_pkg:/home/kabirpuri/fuelbot_ws/install/my_environment_pkg:/home/kabirpuri/fuelbot_ws/install/my_doosan_pkg:/opt/ros/humble LD_LIBRARY_PATH=/home/kabirpuri/fuelbot_ws/install/ur_robot_driver/lib:/home/kabirpuri/fuelbot_ws/install/ur_controllers/lib:/home/kabirpuri/fuelbot_ws/install/ur_dashboard_msgs/lib:${LD_LIBRARY_PATH} PATH=/home/kabirpuri/fuelbot_ws/install/ur_robot_driver/bin:${PATH} PYTHONPATH=/home/kabirpuri/fuelbot_ws/install/ur_robot_driver/local/lib/python3.10/dist-packages:/home/kabirpuri/fuelbot_ws/install/ur_moveit_config/local/lib/python3.10/dist-packages:/home/kabirpuri/fuelbot_ws/install/ur_dashboard_msgs/local/lib/python3.10/dist-packages:${PYTHONPATH} /usr/bin/cmake --build /home/kabirpuri/fuelbot_ws/build/ur -- -j16 -l16
[0.571s] Invoking command in '/home/kabirpuri/fuelbot_ws/build/ur': AMENT_PREFIX_PATH=/home/kabirpuri/fuelbot_ws/install/ur_calibration:/home/kabirpuri/fuelbot_ws/install/ur_robot_driver:/home/kabirpuri/fuelbot_ws/install/ur_controllers:/home/kabirpuri/fuelbot_ws/install/ur_moveit_config:/home/kabirpuri/fuelbot_ws/install/ur_dashboard_msgs:${AMENT_PREFIX_PATH} CMAKE_PREFIX_PATH=/home/kabirpuri/fuelbot_ws/install/ur_calibration:/home/kabirpuri/fuelbot_ws/install/ur_robot_driver:/home/kabirpuri/fuelbot_ws/install/ur_controllers:/home/kabirpuri/fuelbot_ws/install/ur_moveit_config:/home/kabirpuri/fuelbot_ws/install/ur_dashboard_msgs:/home/kabirpuri/fuelbot_ws/install/my_sphere_pkg:/home/kabirpuri/fuelbot_ws/install/my_environment_pkg:/home/kabirpuri/fuelbot_ws/install/my_doosan_pkg:/opt/ros/humble LD_LIBRARY_PATH=/home/kabirpuri/fuelbot_ws/install/ur_robot_driver/lib:/home/kabirpuri/fuelbot_ws/install/ur_controllers/lib:/home/kabirpuri/fuelbot_ws/install/ur_dashboard_msgs/lib:${LD_LIBRARY_PATH} PATH=/home/kabirpuri/fuelbot_ws/install/ur_robot_driver/bin:${PATH} PYTHONPATH=/home/kabirpuri/fuelbot_ws/install/ur_robot_driver/local/lib/python3.10/dist-packages:/home/kabirpuri/fuelbot_ws/install/ur_moveit_config/local/lib/python3.10/dist-packages:/home/kabirpuri/fuelbot_ws/install/ur_dashboard_msgs/local/lib/python3.10/dist-packages:${PYTHONPATH} /usr/bin/cmake --install /home/kabirpuri/fuelbot_ws/build/ur
[0.576s] -- Install configuration: ""
[0.576s] -- Execute custom install script
[0.577s] -- Symlinking: /home/kabirpuri/fuelbot_ws/install/ur/share/ament_index/resource_index/package_run_dependencies/ur
[0.584s] -- Symlinking: /home/kabirpuri/fuelbot_ws/install/ur/share/ament_index/resource_index/parent_prefix_path/ur
[0.590s] -- Symlinking: /home/kabirpuri/fuelbot_ws/install/ur/share/ur/environment/ament_prefix_path.sh
[0.596s] -- Symlinking: /home/kabirpuri/fuelbot_ws/install/ur/share/ur/environment/ament_prefix_path.dsv
[0.603s] -- Symlinking: /home/kabirpuri/fuelbot_ws/install/ur/share/ur/environment/path.sh
[0.609s] -- Symlinking: /home/kabirpuri/fuelbot_ws/install/ur/share/ur/environment/path.dsv
[0.615s] -- Symlinking: /home/kabirpuri/fuelbot_ws/install/ur/share/ur/local_setup.bash
[0.622s] -- Symlinking: /home/kabirpuri/fuelbot_ws/install/ur/share/ur/local_setup.sh
[0.628s] -- Symlinking: /home/kabirpuri/fuelbot_ws/install/ur/share/ur/local_setup.zsh
[0.634s] -- Symlinking: /home/kabirpuri/fuelbot_ws/install/ur/share/ur/local_setup.dsv
[0.640s] -- Symlinking: /home/kabirpuri/fuelbot_ws/install/ur/share/ur/package.dsv
[0.647s] -- Symlinking: /home/kabirpuri/fuelbot_ws/install/ur/share/ament_index/resource_index/packages/ur
[0.655s] -- Symlinking: /home/kabirpuri/fuelbot_ws/install/ur/share/ur/cmake/urConfig.cmake
[0.662s] -- Symlinking: /home/kabirpuri/fuelbot_ws/install/ur/share/ur/cmake/urConfig-version.cmake
[0.669s] -- Symlinking: /home/kabirpuri/fuelbot_ws/install/ur/share/ur/package.xml
[0.678s] Invoked command in '/home/kabirpuri/fuelbot_ws/build/ur' returned '0': AMENT_PREFIX_PATH=/home/kabirpuri/fuelbot_ws/install/ur_calibration:/home/kabirpuri/fuelbot_ws/install/ur_robot_driver:/home/kabirpuri/fuelbot_ws/install/ur_controllers:/home/kabirpuri/fuelbot_ws/install/ur_moveit_config:/home/kabirpuri/fuelbot_ws/install/ur_dashboard_msgs:${AMENT_PREFIX_PATH} CMAKE_PREFIX_PATH=/home/kabirpuri/fuelbot_ws/install/ur_calibration:/home/kabirpuri/fuelbot_ws/install/ur_robot_driver:/home/kabirpuri/fuelbot_ws/install/ur_controllers:/home/kabirpuri/fuelbot_ws/install/ur_moveit_config:/home/kabirpuri/fuelbot_ws/install/ur_dashboard_msgs:/home/kabirpuri/fuelbot_ws/install/my_sphere_pkg:/home/kabirpuri/fuelbot_ws/install/my_environment_pkg:/home/kabirpuri/fuelbot_ws/install/my_doosan_pkg:/opt/ros/humble LD_LIBRARY_PATH=/home/kabirpuri/fuelbot_ws/install/ur_robot_driver/lib:/home/kabirpuri/fuelbot_ws/install/ur_controllers/lib:/home/kabirpuri/fuelbot_ws/install/ur_dashboard_msgs/lib:${LD_LIBRARY_PATH} PATH=/home/kabirpuri/fuelbot_ws/install/ur_robot_driver/bin:${PATH} PYTHONPATH=/home/kabirpuri/fuelbot_ws/install/ur_robot_driver/local/lib/python3.10/dist-packages:/home/kabirpuri/fuelbot_ws/install/ur_moveit_config/local/lib/python3.10/dist-packages:/home/kabirpuri/fuelbot_ws/install/ur_dashboard_msgs/local/lib/python3.10/dist-packages:${PYTHONPATH} /usr/bin/cmake --install /home/kabirpuri/fuelbot_ws/build/ur
