[0.486s] Invoking command in '/home/kabirpuri/fuelbot_ws/src/my_moveit_controller': PYTHONPATH=/home/kabirpuri/fuelbot_ws/build/my_moveit_controller/prefix_override:/usr/lib/python3/dist-packages/colcon_core/task/python/colcon_distutils_commands:/home/kabirpuri/fuelbot_ws/install/my_moveit_controller/lib/python3.10/site-packages:${PYTHONPATH} /usr/bin/python3 -W ignore:setup.py install is deprecated -W ignore:easy_install command is deprecated setup.py egg_info --egg-base ../../build/my_moveit_controller build --build-base /home/kabirpuri/fuelbot_ws/build/my_moveit_controller/build install --record /home/kabirpuri/fuelbot_ws/build/my_moveit_controller/install.log --single-version-externally-managed install_data
[0.631s] running egg_info
[0.631s] creating ../../build/my_moveit_controller/my_moveit_controller.egg-info
[0.631s] writing ../../build/my_moveit_controller/my_moveit_controller.egg-info/PKG-INFO
[0.632s] writing dependency_links to ../../build/my_moveit_controller/my_moveit_controller.egg-info/dependency_links.txt
[0.632s] writing entry points to ../../build/my_moveit_controller/my_moveit_controller.egg-info/entry_points.txt
[0.632s] writing requirements to ../../build/my_moveit_controller/my_moveit_controller.egg-info/requires.txt
[0.632s] writing top-level names to ../../build/my_moveit_controller/my_moveit_controller.egg-info/top_level.txt
[0.632s] writing manifest file '../../build/my_moveit_controller/my_moveit_controller.egg-info/SOURCES.txt'
[0.633s] reading manifest file '../../build/my_moveit_controller/my_moveit_controller.egg-info/SOURCES.txt'
[0.633s] writing manifest file '../../build/my_moveit_controller/my_moveit_controller.egg-info/SOURCES.txt'
[0.633s] running build
[0.633s] running build_py
[0.633s] creating /home/kabirpuri/fuelbot_ws/build/my_moveit_controller/build
[0.633s] creating /home/kabirpuri/fuelbot_ws/build/my_moveit_controller/build/lib
[0.634s] creating /home/kabirpuri/fuelbot_ws/build/my_moveit_controller/build/lib/my_moveit_controller
[0.634s] copying my_moveit_controller/__init__.py -> /home/kabirpuri/fuelbot_ws/build/my_moveit_controller/build/lib/my_moveit_controller
[0.634s] running install
[0.634s] running install_lib
[0.634s] creating /home/kabirpuri/fuelbot_ws/install/my_moveit_controller/lib/python3.10/site-packages/my_moveit_controller
[0.634s] copying /home/kabirpuri/fuelbot_ws/build/my_moveit_controller/build/lib/my_moveit_controller/__init__.py -> /home/kabirpuri/fuelbot_ws/install/my_moveit_controller/lib/python3.10/site-packages/my_moveit_controller
[0.635s] byte-compiling /home/kabirpuri/fuelbot_ws/install/my_moveit_controller/lib/python3.10/site-packages/my_moveit_controller/__init__.py to __init__.cpython-310.pyc
[0.635s] running install_data
[0.635s] creating /home/kabirpuri/fuelbot_ws/install/my_moveit_controller/share/ament_index
[0.635s] creating /home/kabirpuri/fuelbot_ws/install/my_moveit_controller/share/ament_index/resource_index
[0.635s] creating /home/kabirpuri/fuelbot_ws/install/my_moveit_controller/share/ament_index/resource_index/packages
[0.635s] copying resource/my_moveit_controller -> /home/kabirpuri/fuelbot_ws/install/my_moveit_controller/share/ament_index/resource_index/packages
[0.635s] copying package.xml -> /home/kabirpuri/fuelbot_ws/install/my_moveit_controller/share/my_moveit_controller
[0.635s] running install_egg_info
[0.636s] Copying ../../build/my_moveit_controller/my_moveit_controller.egg-info to /home/kabirpuri/fuelbot_ws/install/my_moveit_controller/lib/python3.10/site-packages/my_moveit_controller-0.0.0-py3.10.egg-info
[0.637s] running install_scripts
[0.652s] writing list of installed files to '/home/kabirpuri/fuelbot_ws/build/my_moveit_controller/install.log'
[0.675s] Invoked command in '/home/kabirpuri/fuelbot_ws/src/my_moveit_controller' returned '0': PYTHONPATH=/home/kabirpuri/fuelbot_ws/build/my_moveit_controller/prefix_override:/usr/lib/python3/dist-packages/colcon_core/task/python/colcon_distutils_commands:/home/kabirpuri/fuelbot_ws/install/my_moveit_controller/lib/python3.10/site-packages:${PYTHONPATH} /usr/bin/python3 -W ignore:setup.py install is deprecated -W ignore:easy_install command is deprecated setup.py egg_info --egg-base ../../build/my_moveit_controller build --build-base /home/kabirpuri/fuelbot_ws/build/my_moveit_controller/build install --record /home/kabirpuri/fuelbot_ws/build/my_moveit_controller/install.log --single-version-externally-managed install_data
