[0.020s] Invoking command in '/home/kabirpuri/fuelbot_ws/build/ur': CMAKE_PREFIX_PATH=/home/kabirpuri/fuelbot_ws/install/ur_calibration:/home/kabirpuri/fuelbot_ws/install/ur_robot_driver:/home/kabirpuri/fuelbot_ws/install/ur_controllers:/home/kabirpuri/fuelbot_ws/install/ur_moveit_config:/home/kabirpuri/fuelbot_ws/install/ur_dashboard_msgs:/home/kabirpuri/fuelbot_ws/install/ur:/home/kabirpuri/fuelbot_ws/install/ur_bringup:/home/kabirpuri/fuelbot_ws/install/my_sphere_pkg:/home/kabirpuri/fuelbot_ws/install/my_environment_pkg:/home/kabirpuri/fuelbot_ws/install/my_doosan_pkg:/opt/ros/humble /usr/bin/cmake --build /home/kabirpuri/fuelbot_ws/build/ur -- -j16 -l16
[0.064s] Invoked command in '/home/kabirpuri/fuelbot_ws/build/ur' returned '0': CMAKE_PREFIX_PATH=/home/kabirpuri/fuelbot_ws/install/ur_calibration:/home/kabirpuri/fuelbot_ws/install/ur_robot_driver:/home/kabirpuri/fuelbot_ws/install/ur_controllers:/home/kabirpuri/fuelbot_ws/install/ur_moveit_config:/home/kabirpuri/fuelbot_ws/install/ur_dashboard_msgs:/home/kabirpuri/fuelbot_ws/install/ur:/home/kabirpuri/fuelbot_ws/install/ur_bringup:/home/kabirpuri/fuelbot_ws/install/my_sphere_pkg:/home/kabirpuri/fuelbot_ws/install/my_environment_pkg:/home/kabirpuri/fuelbot_ws/install/my_doosan_pkg:/opt/ros/humble /usr/bin/cmake --build /home/kabirpuri/fuelbot_ws/build/ur -- -j16 -l16
[0.066s] Invoking command in '/home/kabirpuri/fuelbot_ws/build/ur': CMAKE_PREFIX_PATH=/home/kabirpuri/fuelbot_ws/install/ur_calibration:/home/kabirpuri/fuelbot_ws/install/ur_robot_driver:/home/kabirpuri/fuelbot_ws/install/ur_controllers:/home/kabirpuri/fuelbot_ws/install/ur_moveit_config:/home/kabirpuri/fuelbot_ws/install/ur_dashboard_msgs:/home/kabirpuri/fuelbot_ws/install/ur:/home/kabirpuri/fuelbot_ws/install/ur_bringup:/home/kabirpuri/fuelbot_ws/install/my_sphere_pkg:/home/kabirpuri/fuelbot_ws/install/my_environment_pkg:/home/kabirpuri/fuelbot_ws/install/my_doosan_pkg:/opt/ros/humble /usr/bin/cmake --install /home/kabirpuri/fuelbot_ws/build/ur
[0.073s] -- Install configuration: ""
[0.073s] -- Execute custom install script
[0.073s] -- Up-to-date symlink: /home/kabirpuri/fuelbot_ws/install/ur/share/ament_index/resource_index/package_run_dependencies/ur
[0.073s] -- Up-to-date symlink: /home/kabirpuri/fuelbot_ws/install/ur/share/ament_index/resource_index/parent_prefix_path/ur
[0.074s] -- Up-to-date symlink: /home/kabirpuri/fuelbot_ws/install/ur/share/ur/environment/ament_prefix_path.sh
[0.074s] -- Up-to-date symlink: /home/kabirpuri/fuelbot_ws/install/ur/share/ur/environment/ament_prefix_path.dsv
[0.074s] -- Up-to-date symlink: /home/kabirpuri/fuelbot_ws/install/ur/share/ur/environment/path.sh
[0.074s] -- Up-to-date symlink: /home/kabirpuri/fuelbot_ws/install/ur/share/ur/environment/path.dsv
[0.074s] -- Up-to-date symlink: /home/kabirpuri/fuelbot_ws/install/ur/share/ur/local_setup.bash
[0.074s] -- Up-to-date symlink: /home/kabirpuri/fuelbot_ws/install/ur/share/ur/local_setup.sh
[0.074s] -- Up-to-date symlink: /home/kabirpuri/fuelbot_ws/install/ur/share/ur/local_setup.zsh
[0.074s] -- Up-to-date symlink: /home/kabirpuri/fuelbot_ws/install/ur/share/ur/local_setup.dsv
[0.074s] -- Symlinking: /home/kabirpuri/fuelbot_ws/install/ur/share/ur/package.dsv
[0.081s] -- Up-to-date symlink: /home/kabirpuri/fuelbot_ws/install/ur/share/ament_index/resource_index/packages/ur
[0.081s] -- Up-to-date symlink: /home/kabirpuri/fuelbot_ws/install/ur/share/ur/cmake/urConfig.cmake
[0.082s] -- Up-to-date symlink: /home/kabirpuri/fuelbot_ws/install/ur/share/ur/cmake/urConfig-version.cmake
[0.082s] -- Up-to-date symlink: /home/kabirpuri/fuelbot_ws/install/ur/share/ur/package.xml
[0.085s] Invoked command in '/home/kabirpuri/fuelbot_ws/build/ur' returned '0': CMAKE_PREFIX_PATH=/home/kabirpuri/fuelbot_ws/install/ur_calibration:/home/kabirpuri/fuelbot_ws/install/ur_robot_driver:/home/kabirpuri/fuelbot_ws/install/ur_controllers:/home/kabirpuri/fuelbot_ws/install/ur_moveit_config:/home/kabirpuri/fuelbot_ws/install/ur_dashboard_msgs:/home/kabirpuri/fuelbot_ws/install/ur:/home/kabirpuri/fuelbot_ws/install/ur_bringup:/home/kabirpuri/fuelbot_ws/install/my_sphere_pkg:/home/kabirpuri/fuelbot_ws/install/my_environment_pkg:/home/kabirpuri/fuelbot_ws/install/my_doosan_pkg:/opt/ros/humble /usr/bin/cmake --install /home/kabirpuri/fuelbot_ws/build/ur
