[0.061s] DEBUG:colcon:Command line arguments: ['/usr/bin/colcon', 'build']
[0.061s] DEBUG:colcon:Parsed command line arguments: Namespace(log_base=None, log_level=None, verb_name='build', build_base='build', install_base='install', merge_install=False, symlink_install=False, test_result_base=None, continue_on_error=False, executor='parallel', parallel_workers=16, event_handlers=None, ignore_user_meta=False, metas=['./colcon.meta'], base_paths=['.'], packages_ignore=None, packages_ignore_regex=None, paths=None, packages_up_to=None, packages_up_to_regex=None, packages_above=None, packages_above_and_dependencies=None, packages_above_depth=None, packages_select_by_dep=None, packages_skip_by_dep=None, packages_skip_up_to=None, packages_select_build_failed=False, packages_skip_build_finished=False, packages_select_test_failures=False, packages_skip_test_passed=False, packages_select=None, packages_skip=None, packages_select_regex=None, packages_skip_regex=None, packages_start=None, packages_end=None, allow_overriding=[], cmake_args=None, cmake_target=None, cmake_target_skip_unavailable=False, cmake_clean_cache=False, cmake_clean_first=False, cmake_force_configure=False, ament_cmake_args=None, catkin_cmake_args=None, catkin_skip_building_tests=False, mixin_files=None, mixin=None, verb_parser=<colcon_mixin.mixin.mixin_argument.MixinArgumentDecorator object at 0x790cd546e320>, verb_extension=<colcon_core.verb.build.BuildVerb object at 0x790cd546dd50>, main=<bound method BuildVerb.main of <colcon_core.verb.build.BuildVerb object at 0x790cd546dd50>>, mixin_verb=('build',))
[0.147s] Level 1:colcon.colcon_core.package_discovery:discover_packages(colcon_meta) check parameters
[0.148s] Level 1:colcon.colcon_core.package_discovery:discover_packages(recursive) check parameters
[0.148s] Level 1:colcon.colcon_core.package_discovery:discover_packages(ignore) check parameters
[0.148s] Level 1:colcon.colcon_core.package_discovery:discover_packages(path) check parameters
[0.148s] Level 1:colcon.colcon_core.package_discovery:discover_packages(colcon_meta) discover
[0.148s] Level 1:colcon.colcon_core.package_discovery:discover_packages(recursive) discover
[0.148s] INFO:colcon.colcon_core.package_discovery:Crawling recursively for packages in '/home/kabirpuri/fuelbot_ws'
[0.148s] Level 1:colcon.colcon_core.package_identification:_identify(.) by extensions ['ignore', 'ignore_ament_install']
[0.148s] Level 1:colcon.colcon_core.package_identification:_identify(.) by extension 'ignore'
[0.148s] Level 1:colcon.colcon_core.package_identification:_identify(.) by extension 'ignore_ament_install'
[0.148s] Level 1:colcon.colcon_core.package_identification:_identify(.) by extensions ['colcon_pkg']
[0.148s] Level 1:colcon.colcon_core.package_identification:_identify(.) by extension 'colcon_pkg'
[0.148s] Level 1:colcon.colcon_core.package_identification:_identify(.) by extensions ['colcon_meta']
[0.148s] Level 1:colcon.colcon_core.package_identification:_identify(.) by extension 'colcon_meta'
[0.148s] Level 1:colcon.colcon_core.package_identification:_identify(.) by extensions ['ros']
[0.148s] Level 1:colcon.colcon_core.package_identification:_identify(.) by extension 'ros'
[0.154s] Level 1:colcon.colcon_core.package_identification:_identify(.) by extensions ['cmake', 'python']
[0.154s] Level 1:colcon.colcon_core.package_identification:_identify(.) by extension 'cmake'
[0.154s] Level 1:colcon.colcon_core.package_identification:_identify(.) by extension 'python'
[0.154s] Level 1:colcon.colcon_core.package_identification:_identify(.) by extensions ['python_setup_py']
[0.154s] Level 1:colcon.colcon_core.package_identification:_identify(.) by extension 'python_setup_py'
[0.154s] Level 1:colcon.colcon_core.package_identification:_identify(build) by extensions ['ignore', 'ignore_ament_install']
[0.154s] Level 1:colcon.colcon_core.package_identification:_identify(build) by extension 'ignore'
[0.155s] Level 1:colcon.colcon_core.package_identification:_identify(build) ignored
[0.155s] Level 1:colcon.colcon_core.package_identification:_identify(install) by extensions ['ignore', 'ignore_ament_install']
[0.155s] Level 1:colcon.colcon_core.package_identification:_identify(install) by extension 'ignore'
[0.155s] Level 1:colcon.colcon_core.package_identification:_identify(install) ignored
[0.155s] Level 1:colcon.colcon_core.package_identification:_identify(log) by extensions ['ignore', 'ignore_ament_install']
[0.155s] Level 1:colcon.colcon_core.package_identification:_identify(log) by extension 'ignore'
[0.155s] Level 1:colcon.colcon_core.package_identification:_identify(log) ignored
[0.155s] Level 1:colcon.colcon_core.package_identification:_identify(src) by extensions ['ignore', 'ignore_ament_install']
[0.155s] Level 1:colcon.colcon_core.package_identification:_identify(src) by extension 'ignore'
[0.155s] Level 1:colcon.colcon_core.package_identification:_identify(src) by extension 'ignore_ament_install'
[0.155s] Level 1:colcon.colcon_core.package_identification:_identify(src) by extensions ['colcon_pkg']
[0.155s] Level 1:colcon.colcon_core.package_identification:_identify(src) by extension 'colcon_pkg'
[0.155s] Level 1:colcon.colcon_core.package_identification:_identify(src) by extensions ['colcon_meta']
[0.155s] Level 1:colcon.colcon_core.package_identification:_identify(src) by extension 'colcon_meta'
[0.155s] Level 1:colcon.colcon_core.package_identification:_identify(src) by extensions ['ros']
[0.155s] Level 1:colcon.colcon_core.package_identification:_identify(src) by extension 'ros'
[0.155s] Level 1:colcon.colcon_core.package_identification:_identify(src) by extensions ['cmake', 'python']
[0.155s] Level 1:colcon.colcon_core.package_identification:_identify(src) by extension 'cmake'
[0.155s] Level 1:colcon.colcon_core.package_identification:_identify(src) by extension 'python'
[0.155s] Level 1:colcon.colcon_core.package_identification:_identify(src) by extensions ['python_setup_py']
[0.155s] Level 1:colcon.colcon_core.package_identification:_identify(src) by extension 'python_setup_py'
[0.155s] Level 1:colcon.colcon_core.package_identification:_identify(src/fuel_station_models) by extensions ['ignore', 'ignore_ament_install']
[0.155s] Level 1:colcon.colcon_core.package_identification:_identify(src/fuel_station_models) by extension 'ignore'
[0.155s] Level 1:colcon.colcon_core.package_identification:_identify(src/fuel_station_models) by extension 'ignore_ament_install'
[0.155s] Level 1:colcon.colcon_core.package_identification:_identify(src/fuel_station_models) by extensions ['colcon_pkg']
[0.155s] Level 1:colcon.colcon_core.package_identification:_identify(src/fuel_station_models) by extension 'colcon_pkg'
[0.155s] Level 1:colcon.colcon_core.package_identification:_identify(src/fuel_station_models) by extensions ['colcon_meta']
[0.155s] Level 1:colcon.colcon_core.package_identification:_identify(src/fuel_station_models) by extension 'colcon_meta'
[0.155s] Level 1:colcon.colcon_core.package_identification:_identify(src/fuel_station_models) by extensions ['ros']
[0.155s] Level 1:colcon.colcon_core.package_identification:_identify(src/fuel_station_models) by extension 'ros'
[0.155s] Level 1:colcon.colcon_core.package_identification:_identify(src/fuel_station_models) by extensions ['cmake', 'python']
[0.155s] Level 1:colcon.colcon_core.package_identification:_identify(src/fuel_station_models) by extension 'cmake'
[0.155s] Level 1:colcon.colcon_core.package_identification:_identify(src/fuel_station_models) by extension 'python'
[0.155s] Level 1:colcon.colcon_core.package_identification:_identify(src/fuel_station_models) by extensions ['python_setup_py']
[0.155s] Level 1:colcon.colcon_core.package_identification:_identify(src/fuel_station_models) by extension 'python_setup_py'
[0.155s] Level 1:colcon.colcon_core.package_identification:_identify(src/perception_nodes) by extensions ['ignore', 'ignore_ament_install']
[0.155s] Level 1:colcon.colcon_core.package_identification:_identify(src/perception_nodes) by extension 'ignore'
[0.155s] Level 1:colcon.colcon_core.package_identification:_identify(src/perception_nodes) by extension 'ignore_ament_install'
[0.155s] Level 1:colcon.colcon_core.package_identification:_identify(src/perception_nodes) by extensions ['colcon_pkg']
[0.155s] Level 1:colcon.colcon_core.package_identification:_identify(src/perception_nodes) by extension 'colcon_pkg'
[0.156s] Level 1:colcon.colcon_core.package_identification:_identify(src/perception_nodes) by extensions ['colcon_meta']
[0.156s] Level 1:colcon.colcon_core.package_identification:_identify(src/perception_nodes) by extension 'colcon_meta'
[0.156s] Level 1:colcon.colcon_core.package_identification:_identify(src/perception_nodes) by extensions ['ros']
[0.156s] Level 1:colcon.colcon_core.package_identification:_identify(src/perception_nodes) by extension 'ros'
[0.156s] Level 1:colcon.colcon_core.package_identification:_identify(src/perception_nodes) by extensions ['cmake', 'python']
[0.156s] Level 1:colcon.colcon_core.package_identification:_identify(src/perception_nodes) by extension 'cmake'
[0.156s] Level 1:colcon.colcon_core.package_identification:_identify(src/perception_nodes) by extension 'python'
[0.156s] Level 1:colcon.colcon_core.package_identification:_identify(src/perception_nodes) by extensions ['python_setup_py']
[0.156s] Level 1:colcon.colcon_core.package_identification:_identify(src/perception_nodes) by extension 'python_setup_py'
[0.156s] Level 1:colcon.colcon_core.package_identification:_identify(src/robot_arm_urdf) by extensions ['ignore', 'ignore_ament_install']
[0.156s] Level 1:colcon.colcon_core.package_identification:_identify(src/robot_arm_urdf) by extension 'ignore'
[0.156s] Level 1:colcon.colcon_core.package_identification:_identify(src/robot_arm_urdf) by extension 'ignore_ament_install'
[0.156s] Level 1:colcon.colcon_core.package_identification:_identify(src/robot_arm_urdf) by extensions ['colcon_pkg']
[0.156s] Level 1:colcon.colcon_core.package_identification:_identify(src/robot_arm_urdf) by extension 'colcon_pkg'
[0.156s] Level 1:colcon.colcon_core.package_identification:_identify(src/robot_arm_urdf) by extensions ['colcon_meta']
[0.156s] Level 1:colcon.colcon_core.package_identification:_identify(src/robot_arm_urdf) by extension 'colcon_meta'
[0.156s] Level 1:colcon.colcon_core.package_identification:_identify(src/robot_arm_urdf) by extensions ['ros']
[0.156s] Level 1:colcon.colcon_core.package_identification:_identify(src/robot_arm_urdf) by extension 'ros'
[0.156s] Level 1:colcon.colcon_core.package_identification:_identify(src/robot_arm_urdf) by extensions ['cmake', 'python']
[0.156s] Level 1:colcon.colcon_core.package_identification:_identify(src/robot_arm_urdf) by extension 'cmake'
[0.156s] Level 1:colcon.colcon_core.package_identification:_identify(src/robot_arm_urdf) by extension 'python'
[0.156s] Level 1:colcon.colcon_core.package_identification:_identify(src/robot_arm_urdf) by extensions ['python_setup_py']
[0.156s] Level 1:colcon.colcon_core.package_identification:_identify(src/robot_arm_urdf) by extension 'python_setup_py'
[0.156s] Level 1:colcon.colcon_core.package_identification:_identify(src/robotic_arm_environment) by extensions ['ignore', 'ignore_ament_install']
[0.156s] Level 1:colcon.colcon_core.package_identification:_identify(src/robotic_arm_environment) by extension 'ignore'
[0.156s] Level 1:colcon.colcon_core.package_identification:_identify(src/robotic_arm_environment) by extension 'ignore_ament_install'
[0.156s] Level 1:colcon.colcon_core.package_identification:_identify(src/robotic_arm_environment) by extensions ['colcon_pkg']
[0.156s] Level 1:colcon.colcon_core.package_identification:_identify(src/robotic_arm_environment) by extension 'colcon_pkg'
[0.156s] Level 1:colcon.colcon_core.package_identification:_identify(src/robotic_arm_environment) by extensions ['colcon_meta']
[0.156s] Level 1:colcon.colcon_core.package_identification:_identify(src/robotic_arm_environment) by extension 'colcon_meta'
[0.156s] Level 1:colcon.colcon_core.package_identification:_identify(src/robotic_arm_environment) by extensions ['ros']
[0.156s] Level 1:colcon.colcon_core.package_identification:_identify(src/robotic_arm_environment) by extension 'ros'
[0.156s] Level 1:colcon.colcon_core.package_identification:_identify(src/robotic_arm_environment) by extensions ['cmake', 'python']
[0.156s] Level 1:colcon.colcon_core.package_identification:_identify(src/robotic_arm_environment) by extension 'cmake'
[0.156s] Level 1:colcon.colcon_core.package_identification:_identify(src/robotic_arm_environment) by extension 'python'
[0.156s] Level 1:colcon.colcon_core.package_identification:_identify(src/robotic_arm_environment) by extensions ['python_setup_py']
[0.156s] Level 1:colcon.colcon_core.package_identification:_identify(src/robotic_arm_environment) by extension 'python_setup_py'
[0.156s] Level 1:colcon.colcon_core.package_identification:_identify(src/robotic_arm_environment/RL_algorithms_basic) by extensions ['ignore', 'ignore_ament_install']
[0.156s] Level 1:colcon.colcon_core.package_identification:_identify(src/robotic_arm_environment/RL_algorithms_basic) by extension 'ignore'
[0.156s] Level 1:colcon.colcon_core.package_identification:_identify(src/robotic_arm_environment/RL_algorithms_basic) by extension 'ignore_ament_install'
[0.156s] Level 1:colcon.colcon_core.package_identification:_identify(src/robotic_arm_environment/RL_algorithms_basic) by extensions ['colcon_pkg']
[0.156s] Level 1:colcon.colcon_core.package_identification:_identify(src/robotic_arm_environment/RL_algorithms_basic) by extension 'colcon_pkg'
[0.156s] Level 1:colcon.colcon_core.package_identification:_identify(src/robotic_arm_environment/RL_algorithms_basic) by extensions ['colcon_meta']
[0.156s] Level 1:colcon.colcon_core.package_identification:_identify(src/robotic_arm_environment/RL_algorithms_basic) by extension 'colcon_meta'
[0.156s] Level 1:colcon.colcon_core.package_identification:_identify(src/robotic_arm_environment/RL_algorithms_basic) by extensions ['ros']
[0.156s] Level 1:colcon.colcon_core.package_identification:_identify(src/robotic_arm_environment/RL_algorithms_basic) by extension 'ros'
[0.156s] Level 1:colcon.colcon_core.package_identification:_identify(src/robotic_arm_environment/RL_algorithms_basic) by extensions ['cmake', 'python']
[0.157s] Level 1:colcon.colcon_core.package_identification:_identify(src/robotic_arm_environment/RL_algorithms_basic) by extension 'cmake'
[0.157s] Level 1:colcon.colcon_core.package_identification:_identify(src/robotic_arm_environment/RL_algorithms_basic) by extension 'python'
[0.157s] Level 1:colcon.colcon_core.package_identification:_identify(src/robotic_arm_environment/RL_algorithms_basic) by extensions ['python_setup_py']
[0.157s] Level 1:colcon.colcon_core.package_identification:_identify(src/robotic_arm_environment/RL_algorithms_basic) by extension 'python_setup_py'
[0.157s] Level 1:colcon.colcon_core.package_identification:_identify(src/robotic_arm_environment/data) by extensions ['ignore', 'ignore_ament_install']
[0.157s] Level 1:colcon.colcon_core.package_identification:_identify(src/robotic_arm_environment/data) by extension 'ignore'
[0.157s] Level 1:colcon.colcon_core.package_identification:_identify(src/robotic_arm_environment/data) by extension 'ignore_ament_install'
[0.157s] Level 1:colcon.colcon_core.package_identification:_identify(src/robotic_arm_environment/data) by extensions ['colcon_pkg']
[0.157s] Level 1:colcon.colcon_core.package_identification:_identify(src/robotic_arm_environment/data) by extension 'colcon_pkg'
[0.157s] Level 1:colcon.colcon_core.package_identification:_identify(src/robotic_arm_environment/data) by extensions ['colcon_meta']
[0.157s] Level 1:colcon.colcon_core.package_identification:_identify(src/robotic_arm_environment/data) by extension 'colcon_meta'
[0.157s] Level 1:colcon.colcon_core.package_identification:_identify(src/robotic_arm_environment/data) by extensions ['ros']
[0.157s] Level 1:colcon.colcon_core.package_identification:_identify(src/robotic_arm_environment/data) by extension 'ros'
[0.157s] Level 1:colcon.colcon_core.package_identification:_identify(src/robotic_arm_environment/data) by extensions ['cmake', 'python']
[0.157s] Level 1:colcon.colcon_core.package_identification:_identify(src/robotic_arm_environment/data) by extension 'cmake'
[0.157s] Level 1:colcon.colcon_core.package_identification:_identify(src/robotic_arm_environment/data) by extension 'python'
[0.157s] Level 1:colcon.colcon_core.package_identification:_identify(src/robotic_arm_environment/data) by extensions ['python_setup_py']
[0.157s] Level 1:colcon.colcon_core.package_identification:_identify(src/robotic_arm_environment/data) by extension 'python_setup_py'
[0.157s] Level 1:colcon.colcon_core.package_identification:_identify(src/robotic_arm_environment/images) by extensions ['ignore', 'ignore_ament_install']
[0.157s] Level 1:colcon.colcon_core.package_identification:_identify(src/robotic_arm_environment/images) by extension 'ignore'
[0.157s] Level 1:colcon.colcon_core.package_identification:_identify(src/robotic_arm_environment/images) by extension 'ignore_ament_install'
[0.157s] Level 1:colcon.colcon_core.package_identification:_identify(src/robotic_arm_environment/images) by extensions ['colcon_pkg']
[0.157s] Level 1:colcon.colcon_core.package_identification:_identify(src/robotic_arm_environment/images) by extension 'colcon_pkg'
[0.157s] Level 1:colcon.colcon_core.package_identification:_identify(src/robotic_arm_environment/images) by extensions ['colcon_meta']
[0.157s] Level 1:colcon.colcon_core.package_identification:_identify(src/robotic_arm_environment/images) by extension 'colcon_meta'
[0.157s] Level 1:colcon.colcon_core.package_identification:_identify(src/robotic_arm_environment/images) by extensions ['ros']
[0.157s] Level 1:colcon.colcon_core.package_identification:_identify(src/robotic_arm_environment/images) by extension 'ros'
[0.157s] Level 1:colcon.colcon_core.package_identification:_identify(src/robotic_arm_environment/images) by extensions ['cmake', 'python']
[0.157s] Level 1:colcon.colcon_core.package_identification:_identify(src/robotic_arm_environment/images) by extension 'cmake'
[0.157s] Level 1:colcon.colcon_core.package_identification:_identify(src/robotic_arm_environment/images) by extension 'python'
[0.157s] Level 1:colcon.colcon_core.package_identification:_identify(src/robotic_arm_environment/images) by extensions ['python_setup_py']
[0.157s] Level 1:colcon.colcon_core.package_identification:_identify(src/robotic_arm_environment/images) by extension 'python_setup_py'
[0.157s] Level 1:colcon.colcon_core.package_identification:_identify(src/robotic_arm_environment/my_doosan_pkg) by extensions ['ignore', 'ignore_ament_install']
[0.157s] Level 1:colcon.colcon_core.package_identification:_identify(src/robotic_arm_environment/my_doosan_pkg) by extension 'ignore'
[0.157s] Level 1:colcon.colcon_core.package_identification:_identify(src/robotic_arm_environment/my_doosan_pkg) by extension 'ignore_ament_install'
[0.157s] Level 1:colcon.colcon_core.package_identification:_identify(src/robotic_arm_environment/my_doosan_pkg) by extensions ['colcon_pkg']
[0.157s] Level 1:colcon.colcon_core.package_identification:_identify(src/robotic_arm_environment/my_doosan_pkg) by extension 'colcon_pkg'
[0.157s] Level 1:colcon.colcon_core.package_identification:_identify(src/robotic_arm_environment/my_doosan_pkg) by extensions ['colcon_meta']
[0.157s] Level 1:colcon.colcon_core.package_identification:_identify(src/robotic_arm_environment/my_doosan_pkg) by extension 'colcon_meta'
[0.157s] Level 1:colcon.colcon_core.package_identification:_identify(src/robotic_arm_environment/my_doosan_pkg) by extensions ['ros']
[0.157s] Level 1:colcon.colcon_core.package_identification:_identify(src/robotic_arm_environment/my_doosan_pkg) by extension 'ros'
[0.159s] DEBUG:colcon.colcon_core.package_identification:Package 'src/robotic_arm_environment/my_doosan_pkg' with type 'ros.ament_python' and name 'my_doosan_pkg'
[0.159s] Level 1:colcon.colcon_core.package_identification:_identify(src/robotic_arm_environment/my_environment_pkg) by extensions ['ignore', 'ignore_ament_install']
[0.159s] Level 1:colcon.colcon_core.package_identification:_identify(src/robotic_arm_environment/my_environment_pkg) by extension 'ignore'
[0.159s] Level 1:colcon.colcon_core.package_identification:_identify(src/robotic_arm_environment/my_environment_pkg) by extension 'ignore_ament_install'
[0.159s] Level 1:colcon.colcon_core.package_identification:_identify(src/robotic_arm_environment/my_environment_pkg) by extensions ['colcon_pkg']
[0.159s] Level 1:colcon.colcon_core.package_identification:_identify(src/robotic_arm_environment/my_environment_pkg) by extension 'colcon_pkg'
[0.159s] Level 1:colcon.colcon_core.package_identification:_identify(src/robotic_arm_environment/my_environment_pkg) by extensions ['colcon_meta']
[0.159s] Level 1:colcon.colcon_core.package_identification:_identify(src/robotic_arm_environment/my_environment_pkg) by extension 'colcon_meta'
[0.159s] Level 1:colcon.colcon_core.package_identification:_identify(src/robotic_arm_environment/my_environment_pkg) by extensions ['ros']
[0.159s] Level 1:colcon.colcon_core.package_identification:_identify(src/robotic_arm_environment/my_environment_pkg) by extension 'ros'
[0.159s] DEBUG:colcon.colcon_core.package_identification:Package 'src/robotic_arm_environment/my_environment_pkg' with type 'ros.ament_python' and name 'my_environment_pkg'
[0.159s] Level 1:colcon.colcon_core.package_identification:_identify(src/robotic_arm_environment/my_sphere_pkg) by extensions ['ignore', 'ignore_ament_install']
[0.159s] Level 1:colcon.colcon_core.package_identification:_identify(src/robotic_arm_environment/my_sphere_pkg) by extension 'ignore'
[0.159s] Level 1:colcon.colcon_core.package_identification:_identify(src/robotic_arm_environment/my_sphere_pkg) by extension 'ignore_ament_install'
[0.159s] Level 1:colcon.colcon_core.package_identification:_identify(src/robotic_arm_environment/my_sphere_pkg) by extensions ['colcon_pkg']
[0.159s] Level 1:colcon.colcon_core.package_identification:_identify(src/robotic_arm_environment/my_sphere_pkg) by extension 'colcon_pkg'
[0.159s] Level 1:colcon.colcon_core.package_identification:_identify(src/robotic_arm_environment/my_sphere_pkg) by extensions ['colcon_meta']
[0.159s] Level 1:colcon.colcon_core.package_identification:_identify(src/robotic_arm_environment/my_sphere_pkg) by extension 'colcon_meta'
[0.160s] Level 1:colcon.colcon_core.package_identification:_identify(src/robotic_arm_environment/my_sphere_pkg) by extensions ['ros']
[0.160s] Level 1:colcon.colcon_core.package_identification:_identify(src/robotic_arm_environment/my_sphere_pkg) by extension 'ros'
[0.160s] DEBUG:colcon.colcon_core.package_identification:Package 'src/robotic_arm_environment/my_sphere_pkg' with type 'ros.ament_python' and name 'my_sphere_pkg'
[0.160s] Level 1:colcon.colcon_core.package_discovery:discover_packages(recursive) using defaults
[0.160s] Level 1:colcon.colcon_core.package_discovery:discover_packages(ignore) discover
[0.160s] Level 1:colcon.colcon_core.package_discovery:discover_packages(ignore) using defaults
[0.160s] Level 1:colcon.colcon_core.package_discovery:discover_packages(path) discover
[0.160s] Level 1:colcon.colcon_core.package_discovery:discover_packages(path) using defaults
[0.188s] Level 1:colcon.colcon_core.package_discovery:discover_packages(prefix_path) check parameters
[0.188s] Level 1:colcon.colcon_core.package_discovery:discover_packages(prefix_path) discover
[0.190s] DEBUG:colcon.colcon_installed_package_information.package_discovery:Found 289 installed packages in /opt/ros/humble
[0.190s] Level 1:colcon.colcon_core.package_discovery:discover_packages(prefix_path) using defaults
[0.210s] Level 5:colcon.colcon_core.verb:set package 'my_doosan_pkg' build argument 'cmake_args' from command line to 'None'
[0.210s] Level 5:colcon.colcon_core.verb:set package 'my_doosan_pkg' build argument 'cmake_target' from command line to 'None'
[0.210s] Level 5:colcon.colcon_core.verb:set package 'my_doosan_pkg' build argument 'cmake_target_skip_unavailable' from command line to 'False'
[0.210s] Level 5:colcon.colcon_core.verb:set package 'my_doosan_pkg' build argument 'cmake_clean_cache' from command line to 'False'
[0.210s] Level 5:colcon.colcon_core.verb:set package 'my_doosan_pkg' build argument 'cmake_clean_first' from command line to 'False'
[0.210s] Level 5:colcon.colcon_core.verb:set package 'my_doosan_pkg' build argument 'cmake_force_configure' from command line to 'False'
[0.210s] Level 5:colcon.colcon_core.verb:set package 'my_doosan_pkg' build argument 'ament_cmake_args' from command line to 'None'
[0.210s] Level 5:colcon.colcon_core.verb:set package 'my_doosan_pkg' build argument 'catkin_cmake_args' from command line to 'None'
[0.210s] Level 5:colcon.colcon_core.verb:set package 'my_doosan_pkg' build argument 'catkin_skip_building_tests' from command line to 'False'
[0.210s] DEBUG:colcon.colcon_core.verb:Building package 'my_doosan_pkg' with the following arguments: {'ament_cmake_args': None, 'build_base': '/home/kabirpuri/fuelbot_ws/build/my_doosan_pkg', 'catkin_cmake_args': None, 'catkin_skip_building_tests': False, 'cmake_args': None, 'cmake_clean_cache': False, 'cmake_clean_first': False, 'cmake_force_configure': False, 'cmake_target': None, 'cmake_target_skip_unavailable': False, 'install_base': '/home/kabirpuri/fuelbot_ws/install/my_doosan_pkg', 'merge_install': False, 'path': '/home/kabirpuri/fuelbot_ws/src/robotic_arm_environment/my_doosan_pkg', 'symlink_install': False, 'test_result_base': None}
[0.210s] Level 5:colcon.colcon_core.verb:set package 'my_environment_pkg' build argument 'cmake_args' from command line to 'None'
[0.210s] Level 5:colcon.colcon_core.verb:set package 'my_environment_pkg' build argument 'cmake_target' from command line to 'None'
[0.210s] Level 5:colcon.colcon_core.verb:set package 'my_environment_pkg' build argument 'cmake_target_skip_unavailable' from command line to 'False'
[0.210s] Level 5:colcon.colcon_core.verb:set package 'my_environment_pkg' build argument 'cmake_clean_cache' from command line to 'False'
[0.210s] Level 5:colcon.colcon_core.verb:set package 'my_environment_pkg' build argument 'cmake_clean_first' from command line to 'False'
[0.210s] Level 5:colcon.colcon_core.verb:set package 'my_environment_pkg' build argument 'cmake_force_configure' from command line to 'False'
[0.210s] Level 5:colcon.colcon_core.verb:set package 'my_environment_pkg' build argument 'ament_cmake_args' from command line to 'None'
[0.210s] Level 5:colcon.colcon_core.verb:set package 'my_environment_pkg' build argument 'catkin_cmake_args' from command line to 'None'
[0.210s] Level 5:colcon.colcon_core.verb:set package 'my_environment_pkg' build argument 'catkin_skip_building_tests' from command line to 'False'
[0.210s] DEBUG:colcon.colcon_core.verb:Building package 'my_environment_pkg' with the following arguments: {'ament_cmake_args': None, 'build_base': '/home/kabirpuri/fuelbot_ws/build/my_environment_pkg', 'catkin_cmake_args': None, 'catkin_skip_building_tests': False, 'cmake_args': None, 'cmake_clean_cache': False, 'cmake_clean_first': False, 'cmake_force_configure': False, 'cmake_target': None, 'cmake_target_skip_unavailable': False, 'install_base': '/home/kabirpuri/fuelbot_ws/install/my_environment_pkg', 'merge_install': False, 'path': '/home/kabirpuri/fuelbot_ws/src/robotic_arm_environment/my_environment_pkg', 'symlink_install': False, 'test_result_base': None}
[0.211s] Level 5:colcon.colcon_core.verb:set package 'my_sphere_pkg' build argument 'cmake_args' from command line to 'None'
[0.211s] Level 5:colcon.colcon_core.verb:set package 'my_sphere_pkg' build argument 'cmake_target' from command line to 'None'
[0.211s] Level 5:colcon.colcon_core.verb:set package 'my_sphere_pkg' build argument 'cmake_target_skip_unavailable' from command line to 'False'
[0.211s] Level 5:colcon.colcon_core.verb:set package 'my_sphere_pkg' build argument 'cmake_clean_cache' from command line to 'False'
[0.211s] Level 5:colcon.colcon_core.verb:set package 'my_sphere_pkg' build argument 'cmake_clean_first' from command line to 'False'
[0.211s] Level 5:colcon.colcon_core.verb:set package 'my_sphere_pkg' build argument 'cmake_force_configure' from command line to 'False'
[0.211s] Level 5:colcon.colcon_core.verb:set package 'my_sphere_pkg' build argument 'ament_cmake_args' from command line to 'None'
[0.211s] Level 5:colcon.colcon_core.verb:set package 'my_sphere_pkg' build argument 'catkin_cmake_args' from command line to 'None'
[0.211s] Level 5:colcon.colcon_core.verb:set package 'my_sphere_pkg' build argument 'catkin_skip_building_tests' from command line to 'False'
[0.211s] DEBUG:colcon.colcon_core.verb:Building package 'my_sphere_pkg' with the following arguments: {'ament_cmake_args': None, 'build_base': '/home/kabirpuri/fuelbot_ws/build/my_sphere_pkg', 'catkin_cmake_args': None, 'catkin_skip_building_tests': False, 'cmake_args': None, 'cmake_clean_cache': False, 'cmake_clean_first': False, 'cmake_force_configure': False, 'cmake_target': None, 'cmake_target_skip_unavailable': False, 'install_base': '/home/kabirpuri/fuelbot_ws/install/my_sphere_pkg', 'merge_install': False, 'path': '/home/kabirpuri/fuelbot_ws/src/robotic_arm_environment/my_sphere_pkg', 'symlink_install': False, 'test_result_base': None}
[0.211s] INFO:colcon.colcon_core.executor:Executing jobs using 'parallel' executor
[0.212s] DEBUG:colcon.colcon_parallel_executor.executor.parallel:run_until_complete
[0.212s] INFO:colcon.colcon_ros.task.ament_python.build:Building ROS package in '/home/kabirpuri/fuelbot_ws/src/robotic_arm_environment/my_doosan_pkg' with build type 'ament_python'
[0.212s] Level 1:colcon.colcon_core.shell:create_environment_hook('my_doosan_pkg', 'ament_prefix_path')
[0.213s] INFO:colcon.colcon_core.plugin_system:Skipping extension 'colcon_core.shell.bat': Not used on non-Windows systems
[0.214s] INFO:colcon.colcon_core.shell:Creating environment hook '/home/kabirpuri/fuelbot_ws/install/my_doosan_pkg/share/my_doosan_pkg/hook/ament_prefix_path.ps1'
[0.219s] INFO:colcon.colcon_core.shell:Creating environment descriptor '/home/kabirpuri/fuelbot_ws/install/my_doosan_pkg/share/my_doosan_pkg/hook/ament_prefix_path.dsv'
[0.220s] INFO:colcon.colcon_core.shell:Creating environment hook '/home/kabirpuri/fuelbot_ws/install/my_doosan_pkg/share/my_doosan_pkg/hook/ament_prefix_path.sh'
[0.221s] INFO:colcon.colcon_core.shell:Skip shell extension 'powershell' for command environment: Not usable outside of PowerShell
[0.221s] DEBUG:colcon.colcon_core.shell:Skip shell extension 'dsv' for command environment
[0.224s] INFO:colcon.colcon_ros.task.ament_python.build:Building ROS package in '/home/kabirpuri/fuelbot_ws/src/robotic_arm_environment/my_environment_pkg' with build type 'ament_python'
[0.224s] Level 1:colcon.colcon_core.shell:create_environment_hook('my_environment_pkg', 'ament_prefix_path')
[0.224s] INFO:colcon.colcon_core.shell:Creating environment hook '/home/kabirpuri/fuelbot_ws/install/my_environment_pkg/share/my_environment_pkg/hook/ament_prefix_path.ps1'
[0.225s] INFO:colcon.colcon_core.shell:Creating environment descriptor '/home/kabirpuri/fuelbot_ws/install/my_environment_pkg/share/my_environment_pkg/hook/ament_prefix_path.dsv'
[0.225s] INFO:colcon.colcon_core.shell:Creating environment hook '/home/kabirpuri/fuelbot_ws/install/my_environment_pkg/share/my_environment_pkg/hook/ament_prefix_path.sh'
[0.225s] INFO:colcon.colcon_core.shell:Skip shell extension 'powershell' for command environment: Not usable outside of PowerShell
[0.225s] DEBUG:colcon.colcon_core.shell:Skip shell extension 'dsv' for command environment
[0.228s] INFO:colcon.colcon_ros.task.ament_python.build:Building ROS package in '/home/kabirpuri/fuelbot_ws/src/robotic_arm_environment/my_sphere_pkg' with build type 'ament_python'
[0.228s] Level 1:colcon.colcon_core.shell:create_environment_hook('my_sphere_pkg', 'ament_prefix_path')
[0.229s] INFO:colcon.colcon_core.shell:Creating environment hook '/home/kabirpuri/fuelbot_ws/install/my_sphere_pkg/share/my_sphere_pkg/hook/ament_prefix_path.ps1'
[0.229s] INFO:colcon.colcon_core.shell:Creating environment descriptor '/home/kabirpuri/fuelbot_ws/install/my_sphere_pkg/share/my_sphere_pkg/hook/ament_prefix_path.dsv'
[0.229s] INFO:colcon.colcon_core.shell:Creating environment hook '/home/kabirpuri/fuelbot_ws/install/my_sphere_pkg/share/my_sphere_pkg/hook/ament_prefix_path.sh'
[0.230s] INFO:colcon.colcon_core.shell:Skip shell extension 'powershell' for command environment: Not usable outside of PowerShell
[0.230s] DEBUG:colcon.colcon_core.shell:Skip shell extension 'dsv' for command environment
[0.393s] INFO:colcon.colcon_core.task.python.build:Building Python package in '/home/kabirpuri/fuelbot_ws/src/robotic_arm_environment/my_doosan_pkg'
[0.393s] INFO:colcon.colcon_core.shell:Skip shell extension 'powershell' for command environment: Not usable outside of PowerShell
[0.393s] DEBUG:colcon.colcon_core.shell:Skip shell extension 'dsv' for command environment
[0.549s] INFO:colcon.colcon_core.task.python.build:Building Python package in '/home/kabirpuri/fuelbot_ws/src/robotic_arm_environment/my_environment_pkg'
[0.550s] INFO:colcon.colcon_core.shell:Skip shell extension 'powershell' for command environment: Not usable outside of PowerShell
[0.550s] DEBUG:colcon.colcon_core.shell:Skip shell extension 'dsv' for command environment
[0.706s] INFO:colcon.colcon_core.task.python.build:Building Python package in '/home/kabirpuri/fuelbot_ws/src/robotic_arm_environment/my_sphere_pkg'
[0.707s] INFO:colcon.colcon_core.shell:Skip shell extension 'powershell' for command environment: Not usable outside of PowerShell
[0.707s] DEBUG:colcon.colcon_core.shell:Skip shell extension 'dsv' for command environment
[0.996s] DEBUG:colcon.colcon_core.event_handler.log_command:Invoking command in '/home/kabirpuri/fuelbot_ws/src/robotic_arm_environment/my_sphere_pkg': PYTHONPATH=/home/kabirpuri/fuelbot_ws/build/my_sphere_pkg/prefix_override:/usr/lib/python3/dist-packages/colcon_core/task/python/colcon_distutils_commands:/home/kabirpuri/fuelbot_ws/install/my_sphere_pkg/lib/python3.10/site-packages:${PYTHONPATH} /usr/bin/python3 -W ignore:setup.py install is deprecated -W ignore:easy_install command is deprecated setup.py egg_info --egg-base ../../../build/my_sphere_pkg build --build-base /home/kabirpuri/fuelbot_ws/build/my_sphere_pkg/build install --record /home/kabirpuri/fuelbot_ws/build/my_sphere_pkg/install.log --single-version-externally-managed install_data
[1.001s] DEBUG:colcon.colcon_core.event_handler.log_command:Invoking command in '/home/kabirpuri/fuelbot_ws/src/robotic_arm_environment/my_environment_pkg': PYTHONPATH=/home/kabirpuri/fuelbot_ws/build/my_environment_pkg/prefix_override:/usr/lib/python3/dist-packages/colcon_core/task/python/colcon_distutils_commands:/home/kabirpuri/fuelbot_ws/install/my_environment_pkg/lib/python3.10/site-packages:${PYTHONPATH} /usr/bin/python3 -W ignore:setup.py install is deprecated -W ignore:easy_install command is deprecated setup.py egg_info --egg-base ../../../build/my_environment_pkg build --build-base /home/kabirpuri/fuelbot_ws/build/my_environment_pkg/build install --record /home/kabirpuri/fuelbot_ws/build/my_environment_pkg/install.log --single-version-externally-managed install_data
[1.004s] DEBUG:colcon.colcon_core.event_handler.log_command:Invoking command in '/home/kabirpuri/fuelbot_ws/src/robotic_arm_environment/my_doosan_pkg': PYTHONPATH=/home/kabirpuri/fuelbot_ws/build/my_doosan_pkg/prefix_override:/usr/lib/python3/dist-packages/colcon_core/task/python/colcon_distutils_commands:/home/kabirpuri/fuelbot_ws/install/my_doosan_pkg/lib/python3.10/site-packages:${PYTHONPATH} /usr/bin/python3 -W ignore:setup.py install is deprecated -W ignore:easy_install command is deprecated setup.py egg_info --egg-base ../../../build/my_doosan_pkg build --build-base /home/kabirpuri/fuelbot_ws/build/my_doosan_pkg/build install --record /home/kabirpuri/fuelbot_ws/build/my_doosan_pkg/install.log --single-version-externally-managed install_data
[1.223s] DEBUG:colcon.colcon_core.event_handler.log_command:Invoked command in '/home/kabirpuri/fuelbot_ws/src/robotic_arm_environment/my_sphere_pkg' returned '0': PYTHONPATH=/home/kabirpuri/fuelbot_ws/build/my_sphere_pkg/prefix_override:/usr/lib/python3/dist-packages/colcon_core/task/python/colcon_distutils_commands:/home/kabirpuri/fuelbot_ws/install/my_sphere_pkg/lib/python3.10/site-packages:${PYTHONPATH} /usr/bin/python3 -W ignore:setup.py install is deprecated -W ignore:easy_install command is deprecated setup.py egg_info --egg-base ../../../build/my_sphere_pkg build --build-base /home/kabirpuri/fuelbot_ws/build/my_sphere_pkg/build install --record /home/kabirpuri/fuelbot_ws/build/my_sphere_pkg/install.log --single-version-externally-managed install_data
[1.250s] Level 1:colcon.colcon_core.environment:checking '/home/kabirpuri/fuelbot_ws/install/my_sphere_pkg' for CMake module files
[1.250s] Level 1:colcon.colcon_core.environment:checking '/home/kabirpuri/fuelbot_ws/install/my_sphere_pkg' for CMake config files
[1.251s] Level 1:colcon.colcon_core.environment:checking '/home/kabirpuri/fuelbot_ws/install/my_sphere_pkg/lib'
[1.251s] Level 1:colcon.colcon_core.environment:checking '/home/kabirpuri/fuelbot_ws/install/my_sphere_pkg/bin'
[1.251s] Level 1:colcon.colcon_core.environment:checking '/home/kabirpuri/fuelbot_ws/install/my_sphere_pkg/lib/pkgconfig/my_sphere_pkg.pc'
[1.251s] Level 1:colcon.colcon_core.environment:checking '/home/kabirpuri/fuelbot_ws/install/my_sphere_pkg/lib/python3.10/site-packages'
[1.251s] Level 1:colcon.colcon_core.shell:create_environment_hook('my_sphere_pkg', 'pythonpath')
[1.251s] INFO:colcon.colcon_core.shell:Creating environment hook '/home/kabirpuri/fuelbot_ws/install/my_sphere_pkg/share/my_sphere_pkg/hook/pythonpath.ps1'
[1.252s] INFO:colcon.colcon_core.shell:Creating environment descriptor '/home/kabirpuri/fuelbot_ws/install/my_sphere_pkg/share/my_sphere_pkg/hook/pythonpath.dsv'
[1.252s] INFO:colcon.colcon_core.shell:Creating environment hook '/home/kabirpuri/fuelbot_ws/install/my_sphere_pkg/share/my_sphere_pkg/hook/pythonpath.sh'
[1.252s] Level 1:colcon.colcon_core.environment:checking '/home/kabirpuri/fuelbot_ws/install/my_sphere_pkg/bin'
[1.252s] Level 1:colcon.colcon_core.environment:create_environment_scripts_only(my_sphere_pkg)
[1.252s] INFO:colcon.colcon_core.shell:Creating package script '/home/kabirpuri/fuelbot_ws/install/my_sphere_pkg/share/my_sphere_pkg/package.ps1'
[1.253s] INFO:colcon.colcon_core.shell:Creating package descriptor '/home/kabirpuri/fuelbot_ws/install/my_sphere_pkg/share/my_sphere_pkg/package.dsv'
[1.254s] INFO:colcon.colcon_core.shell:Creating package script '/home/kabirpuri/fuelbot_ws/install/my_sphere_pkg/share/my_sphere_pkg/package.sh'
[1.255s] INFO:colcon.colcon_core.shell:Creating package script '/home/kabirpuri/fuelbot_ws/install/my_sphere_pkg/share/my_sphere_pkg/package.bash'
[1.255s] INFO:colcon.colcon_core.shell:Creating package script '/home/kabirpuri/fuelbot_ws/install/my_sphere_pkg/share/my_sphere_pkg/package.zsh'
[1.256s] Level 1:colcon.colcon_core.environment:create_file_with_runtime_dependencies(/home/kabirpuri/fuelbot_ws/install/my_sphere_pkg/share/colcon-core/packages/my_sphere_pkg)
[1.257s] Level 1:colcon.colcon_core.environment:checking '/home/kabirpuri/fuelbot_ws/install/my_environment_pkg' for CMake module files
[1.258s] DEBUG:colcon.colcon_core.event_handler.log_command:Invoked command in '/home/kabirpuri/fuelbot_ws/src/robotic_arm_environment/my_environment_pkg' returned '0': PYTHONPATH=/home/kabirpuri/fuelbot_ws/build/my_environment_pkg/prefix_override:/usr/lib/python3/dist-packages/colcon_core/task/python/colcon_distutils_commands:/home/kabirpuri/fuelbot_ws/install/my_environment_pkg/lib/python3.10/site-packages:${PYTHONPATH} /usr/bin/python3 -W ignore:setup.py install is deprecated -W ignore:easy_install command is deprecated setup.py egg_info --egg-base ../../../build/my_environment_pkg build --build-base /home/kabirpuri/fuelbot_ws/build/my_environment_pkg/build install --record /home/kabirpuri/fuelbot_ws/build/my_environment_pkg/install.log --single-version-externally-managed install_data
[1.259s] Level 1:colcon.colcon_core.environment:checking '/home/kabirpuri/fuelbot_ws/install/my_environment_pkg' for CMake config files
[1.259s] Level 1:colcon.colcon_core.environment:checking '/home/kabirpuri/fuelbot_ws/install/my_environment_pkg/lib'
[1.259s] Level 1:colcon.colcon_core.environment:checking '/home/kabirpuri/fuelbot_ws/install/my_environment_pkg/bin'
[1.259s] Level 1:colcon.colcon_core.environment:checking '/home/kabirpuri/fuelbot_ws/install/my_environment_pkg/lib/pkgconfig/my_environment_pkg.pc'
[1.259s] Level 1:colcon.colcon_core.environment:checking '/home/kabirpuri/fuelbot_ws/install/my_environment_pkg/lib/python3.10/site-packages'
[1.259s] Level 1:colcon.colcon_core.shell:create_environment_hook('my_environment_pkg', 'pythonpath')
[1.259s] INFO:colcon.colcon_core.shell:Creating environment hook '/home/kabirpuri/fuelbot_ws/install/my_environment_pkg/share/my_environment_pkg/hook/pythonpath.ps1'
[1.259s] INFO:colcon.colcon_core.shell:Creating environment descriptor '/home/kabirpuri/fuelbot_ws/install/my_environment_pkg/share/my_environment_pkg/hook/pythonpath.dsv'
[1.260s] INFO:colcon.colcon_core.shell:Creating environment hook '/home/kabirpuri/fuelbot_ws/install/my_environment_pkg/share/my_environment_pkg/hook/pythonpath.sh'
[1.260s] Level 1:colcon.colcon_core.environment:checking '/home/kabirpuri/fuelbot_ws/install/my_environment_pkg/bin'
[1.260s] Level 1:colcon.colcon_core.environment:create_environment_scripts_only(my_environment_pkg)
[1.260s] INFO:colcon.colcon_core.shell:Creating package script '/home/kabirpuri/fuelbot_ws/install/my_environment_pkg/share/my_environment_pkg/package.ps1'
[1.260s] INFO:colcon.colcon_core.shell:Creating package descriptor '/home/kabirpuri/fuelbot_ws/install/my_environment_pkg/share/my_environment_pkg/package.dsv'
[1.261s] INFO:colcon.colcon_core.shell:Creating package script '/home/kabirpuri/fuelbot_ws/install/my_environment_pkg/share/my_environment_pkg/package.sh'
[1.261s] INFO:colcon.colcon_core.shell:Creating package script '/home/kabirpuri/fuelbot_ws/install/my_environment_pkg/share/my_environment_pkg/package.bash'
[1.261s] INFO:colcon.colcon_core.shell:Creating package script '/home/kabirpuri/fuelbot_ws/install/my_environment_pkg/share/my_environment_pkg/package.zsh'
[1.261s] Level 1:colcon.colcon_core.environment:create_file_with_runtime_dependencies(/home/kabirpuri/fuelbot_ws/install/my_environment_pkg/share/colcon-core/packages/my_environment_pkg)
[1.261s] Level 1:colcon.colcon_core.environment:checking '/home/kabirpuri/fuelbot_ws/install/my_doosan_pkg' for CMake module files
[1.262s] Level 1:colcon.colcon_core.environment:checking '/home/kabirpuri/fuelbot_ws/install/my_doosan_pkg' for CMake config files
[1.263s] DEBUG:colcon.colcon_core.event_handler.log_command:Invoked command in '/home/kabirpuri/fuelbot_ws/src/robotic_arm_environment/my_doosan_pkg' returned '0': PYTHONPATH=/home/kabirpuri/fuelbot_ws/build/my_doosan_pkg/prefix_override:/usr/lib/python3/dist-packages/colcon_core/task/python/colcon_distutils_commands:/home/kabirpuri/fuelbot_ws/install/my_doosan_pkg/lib/python3.10/site-packages:${PYTHONPATH} /usr/bin/python3 -W ignore:setup.py install is deprecated -W ignore:easy_install command is deprecated setup.py egg_info --egg-base ../../../build/my_doosan_pkg build --build-base /home/kabirpuri/fuelbot_ws/build/my_doosan_pkg/build install --record /home/kabirpuri/fuelbot_ws/build/my_doosan_pkg/install.log --single-version-externally-managed install_data
[1.264s] Level 1:colcon.colcon_core.environment:checking '/home/kabirpuri/fuelbot_ws/install/my_doosan_pkg/lib'
[1.264s] Level 1:colcon.colcon_core.environment:checking '/home/kabirpuri/fuelbot_ws/install/my_doosan_pkg/bin'
[1.264s] Level 1:colcon.colcon_core.environment:checking '/home/kabirpuri/fuelbot_ws/install/my_doosan_pkg/lib/pkgconfig/my_doosan_pkg.pc'
[1.264s] Level 1:colcon.colcon_core.environment:checking '/home/kabirpuri/fuelbot_ws/install/my_doosan_pkg/lib/python3.10/site-packages'
[1.264s] Level 1:colcon.colcon_core.shell:create_environment_hook('my_doosan_pkg', 'pythonpath')
[1.264s] INFO:colcon.colcon_core.shell:Creating environment hook '/home/kabirpuri/fuelbot_ws/install/my_doosan_pkg/share/my_doosan_pkg/hook/pythonpath.ps1'
[1.265s] INFO:colcon.colcon_core.shell:Creating environment descriptor '/home/kabirpuri/fuelbot_ws/install/my_doosan_pkg/share/my_doosan_pkg/hook/pythonpath.dsv'
[1.265s] INFO:colcon.colcon_core.shell:Creating environment hook '/home/kabirpuri/fuelbot_ws/install/my_doosan_pkg/share/my_doosan_pkg/hook/pythonpath.sh'
[1.266s] Level 1:colcon.colcon_core.environment:checking '/home/kabirpuri/fuelbot_ws/install/my_doosan_pkg/bin'
[1.266s] Level 1:colcon.colcon_core.environment:create_environment_scripts_only(my_doosan_pkg)
[1.266s] INFO:colcon.colcon_core.shell:Creating package script '/home/kabirpuri/fuelbot_ws/install/my_doosan_pkg/share/my_doosan_pkg/package.ps1'
[1.267s] INFO:colcon.colcon_core.shell:Creating package descriptor '/home/kabirpuri/fuelbot_ws/install/my_doosan_pkg/share/my_doosan_pkg/package.dsv'
[1.267s] INFO:colcon.colcon_core.shell:Creating package script '/home/kabirpuri/fuelbot_ws/install/my_doosan_pkg/share/my_doosan_pkg/package.sh'
[1.267s] INFO:colcon.colcon_core.shell:Creating package script '/home/kabirpuri/fuelbot_ws/install/my_doosan_pkg/share/my_doosan_pkg/package.bash'
[1.268s] INFO:colcon.colcon_core.shell:Creating package script '/home/kabirpuri/fuelbot_ws/install/my_doosan_pkg/share/my_doosan_pkg/package.zsh'
[1.268s] Level 1:colcon.colcon_core.environment:create_file_with_runtime_dependencies(/home/kabirpuri/fuelbot_ws/install/my_doosan_pkg/share/colcon-core/packages/my_doosan_pkg)
[1.269s] DEBUG:colcon.colcon_parallel_executor.executor.parallel:closing loop
[1.269s] DEBUG:colcon.colcon_parallel_executor.executor.parallel:loop closed
[1.269s] DEBUG:colcon.colcon_parallel_executor.executor.parallel:run_until_complete finished with '0'
[1.269s] DEBUG:colcon.colcon_core.event_reactor:joining thread
[1.278s] INFO:colcon.colcon_core.plugin_system:Skipping extension 'colcon_notification.desktop_notification.terminal_notifier': Not used on non-Darwin systems
[1.278s] INFO:colcon.colcon_core.plugin_system:Skipping extension 'colcon_notification.desktop_notification.win32': Not used on non-Windows systems
[1.278s] INFO:colcon.colcon_notification.desktop_notification:Sending desktop notification using 'notify2'
[1.296s] DEBUG:colcon.colcon_core.event_reactor:joined thread
[1.297s] INFO:colcon.colcon_core.shell:Creating prefix script '/home/kabirpuri/fuelbot_ws/install/local_setup.ps1'
[1.298s] INFO:colcon.colcon_core.shell:Creating prefix util module '/home/kabirpuri/fuelbot_ws/install/_local_setup_util_ps1.py'
[1.300s] INFO:colcon.colcon_core.shell:Creating prefix chain script '/home/kabirpuri/fuelbot_ws/install/setup.ps1'
[1.301s] INFO:colcon.colcon_core.shell:Creating prefix script '/home/kabirpuri/fuelbot_ws/install/local_setup.sh'
[1.302s] INFO:colcon.colcon_core.shell:Creating prefix util module '/home/kabirpuri/fuelbot_ws/install/_local_setup_util_sh.py'
[1.370s] INFO:colcon.colcon_core.shell:Creating prefix chain script '/home/kabirpuri/fuelbot_ws/install/setup.sh'
[1.372s] INFO:colcon.colcon_core.shell:Creating prefix script '/home/kabirpuri/fuelbot_ws/install/local_setup.bash'
[1.373s] INFO:colcon.colcon_core.shell:Creating prefix chain script '/home/kabirpuri/fuelbot_ws/install/setup.bash'
[1.374s] INFO:colcon.colcon_core.shell:Creating prefix script '/home/kabirpuri/fuelbot_ws/install/local_setup.zsh'
[1.374s] INFO:colcon.colcon_core.shell:Creating prefix chain script '/home/kabirpuri/fuelbot_ws/install/setup.zsh'
