running egg_info
creating ../../../build/my_sphere_pkg/my_sphere_pkg.egg-info
writing ../../../build/my_sphere_pkg/my_sphere_pkg.egg-info/PKG-INFO
writing dependency_links to ../../../build/my_sphere_pkg/my_sphere_pkg.egg-info/dependency_links.txt
writing entry points to ../../../build/my_sphere_pkg/my_sphere_pkg.egg-info/entry_points.txt
writing requirements to ../../../build/my_sphere_pkg/my_sphere_pkg.egg-info/requires.txt
writing top-level names to ../../../build/my_sphere_pkg/my_sphere_pkg.egg-info/top_level.txt
writing manifest file '../../../build/my_sphere_pkg/my_sphere_pkg.egg-info/SOURCES.txt'
reading manifest file '../../../build/my_sphere_pkg/my_sphere_pkg.egg-info/SOURCES.txt'
writing manifest file '../../../build/my_sphere_pkg/my_sphere_pkg.egg-info/SOURCES.txt'
running build
running build_py
creating /home/kabirpuri/fuelbot_ws/build/my_sphere_pkg/build
creating /home/kabirpuri/fuelbot_ws/build/my_sphere_pkg/build/lib
creating /home/kabirpuri/fuelbot_ws/build/my_sphere_pkg/build/lib/my_sphere_pkg
copying my_sphere_pkg/client_node.py -> /home/kabirpuri/fuelbot_ws/build/my_sphere_pkg/build/lib/my_sphere_pkg
copying my_sphere_pkg/coordinate_node.py -> /home/kabirpuri/fuelbot_ws/build/my_sphere_pkg/build/lib/my_sphere_pkg
copying my_sphere_pkg/__init__.py -> /home/kabirpuri/fuelbot_ws/build/my_sphere_pkg/build/lib/my_sphere_pkg
running install
running install_lib
creating /home/kabirpuri/fuelbot_ws/install/my_sphere_pkg/lib/python3.10/site-packages/my_sphere_pkg
copying /home/kabirpuri/fuelbot_ws/build/my_sphere_pkg/build/lib/my_sphere_pkg/client_node.py -> /home/kabirpuri/fuelbot_ws/install/my_sphere_pkg/lib/python3.10/site-packages/my_sphere_pkg
copying /home/kabirpuri/fuelbot_ws/build/my_sphere_pkg/build/lib/my_sphere_pkg/coordinate_node.py -> /home/kabirpuri/fuelbot_ws/install/my_sphere_pkg/lib/python3.10/site-packages/my_sphere_pkg
copying /home/kabirpuri/fuelbot_ws/build/my_sphere_pkg/build/lib/my_sphere_pkg/__init__.py -> /home/kabirpuri/fuelbot_ws/install/my_sphere_pkg/lib/python3.10/site-packages/my_sphere_pkg
byte-compiling /home/kabirpuri/fuelbot_ws/install/my_sphere_pkg/lib/python3.10/site-packages/my_sphere_pkg/client_node.py to client_node.cpython-310.pyc
byte-compiling /home/kabirpuri/fuelbot_ws/install/my_sphere_pkg/lib/python3.10/site-packages/my_sphere_pkg/coordinate_node.py to coordinate_node.cpython-310.pyc
byte-compiling /home/kabirpuri/fuelbot_ws/install/my_sphere_pkg/lib/python3.10/site-packages/my_sphere_pkg/__init__.py to __init__.cpython-310.pyc
running install_data
creating /home/kabirpuri/fuelbot_ws/install/my_sphere_pkg/share/ament_index
creating /home/kabirpuri/fuelbot_ws/install/my_sphere_pkg/share/ament_index/resource_index
creating /home/kabirpuri/fuelbot_ws/install/my_sphere_pkg/share/ament_index/resource_index/packages
copying resource/my_sphere_pkg -> /home/kabirpuri/fuelbot_ws/install/my_sphere_pkg/share/ament_index/resource_index/packages
copying package.xml -> /home/kabirpuri/fuelbot_ws/install/my_sphere_pkg/share/my_sphere_pkg
creating /home/kabirpuri/fuelbot_ws/install/my_sphere_pkg/share/my_sphere_pkg/launch
copying launch/my_sphere.launch.py -> /home/kabirpuri/fuelbot_ws/install/my_sphere_pkg/share/my_sphere_pkg/launch
creating /home/kabirpuri/fuelbot_ws/install/my_sphere_pkg/share/my_sphere_pkg/worlds
copying worlds/my_empty_world.world -> /home/kabirpuri/fuelbot_ws/install/my_sphere_pkg/share/my_sphere_pkg/worlds
creating /home/kabirpuri/fuelbot_ws/install/my_sphere_pkg/share/my_sphere_pkg/rviz
copying rviz/my_rviz_conf.rviz -> /home/kabirpuri/fuelbot_ws/install/my_sphere_pkg/share/my_sphere_pkg/rviz
creating /home/kabirpuri/fuelbot_ws/install/my_sphere_pkg/share/my_sphere_pkg/models
creating /home/kabirpuri/fuelbot_ws/install/my_sphere_pkg/share/my_sphere_pkg/models/sdf
creating /home/kabirpuri/fuelbot_ws/install/my_sphere_pkg/share/my_sphere_pkg/models/sdf/sphere_goal
copying models/sdf/sphere_goal/model.sdf -> /home/kabirpuri/fuelbot_ws/install/my_sphere_pkg/share/my_sphere_pkg/models/sdf/sphere_goal
copying models/sdf/sphere_goal/model.config -> /home/kabirpuri/fuelbot_ws/install/my_sphere_pkg/share/my_sphere_pkg/models/sdf/sphere_goal
creating /home/kabirpuri/fuelbot_ws/install/my_sphere_pkg/share/my_sphere_pkg/models/urdf
copying models/urdf/sphere.urdf -> /home/kabirpuri/fuelbot_ws/install/my_sphere_pkg/share/my_sphere_pkg/models/urdf
running install_egg_info
Copying ../../../build/my_sphere_pkg/my_sphere_pkg.egg-info to /home/kabirpuri/fuelbot_ws/install/my_sphere_pkg/lib/python3.10/site-packages/my_sphere_pkg-0.0.0-py3.10.egg-info
running install_scripts
Installing my_client_node script to /home/kabirpuri/fuelbot_ws/install/my_sphere_pkg/lib/my_sphere_pkg
Installing reader_mark_node script to /home/kabirpuri/fuelbot_ws/install/my_sphere_pkg/lib/my_sphere_pkg
writing list of installed files to '/home/kabirpuri/fuelbot_ws/build/my_sphere_pkg/install.log'
