[0.739s] Invoking command in '/home/kabirpuri/fuelbot_ws/src/robotic_arm_environment/my_environment_pkg': PYTHONPATH=/home/kabirpuri/fuelbot_ws/build/my_environment_pkg/prefix_override:/usr/lib/python3/dist-packages/colcon_core/task/python/colcon_distutils_commands:/home/kabirpuri/fuelbot_ws/install/my_environment_pkg/lib/python3.10/site-packages:${PYTHONPATH} /usr/bin/python3 -W ignore:setup.py install is deprecated -W ignore:easy_install command is deprecated setup.py egg_info --egg-base ../../../build/my_environment_pkg build --build-base /home/kabirpuri/fuelbot_ws/build/my_environment_pkg/build install --record /home/kabirpuri/fuelbot_ws/build/my_environment_pkg/install.log --single-version-externally-managed install_data
[0.883s] running egg_info
[0.883s] writing ../../../build/my_environment_pkg/my_environment_pkg.egg-info/PKG-INFO
[0.884s] writing dependency_links to ../../../build/my_environment_pkg/my_environment_pkg.egg-info/dependency_links.txt
[0.884s] writing entry points to ../../../build/my_environment_pkg/my_environment_pkg.egg-info/entry_points.txt
[0.884s] writing requirements to ../../../build/my_environment_pkg/my_environment_pkg.egg-info/requires.txt
[0.884s] writing top-level names to ../../../build/my_environment_pkg/my_environment_pkg.egg-info/top_level.txt
[0.884s] reading manifest file '../../../build/my_environment_pkg/my_environment_pkg.egg-info/SOURCES.txt'
[0.885s] writing manifest file '../../../build/my_environment_pkg/my_environment_pkg.egg-info/SOURCES.txt'
[0.885s] running build
[0.885s] running build_py
[0.885s] running install
[0.886s] running install_lib
[0.887s] running install_data
[0.887s] running install_egg_info
[0.888s] removing '/home/kabirpuri/fuelbot_ws/install/my_environment_pkg/lib/python3.10/site-packages/my_environment_pkg-0.0.0-py3.10.egg-info' (and everything under it)
[0.888s] Copying ../../../build/my_environment_pkg/my_environment_pkg.egg-info to /home/kabirpuri/fuelbot_ws/install/my_environment_pkg/lib/python3.10/site-packages/my_environment_pkg-0.0.0-py3.10.egg-info
[0.889s] running install_scripts
[0.905s] Installing data_collection script to /home/kabirpuri/fuelbot_ws/install/my_environment_pkg/lib/my_environment_pkg
[0.905s] Installing run_environment script to /home/kabirpuri/fuelbot_ws/install/my_environment_pkg/lib/my_environment_pkg
[0.905s] writing list of installed files to '/home/kabirpuri/fuelbot_ws/build/my_environment_pkg/install.log'
[0.971s] Invoked command in '/home/kabirpuri/fuelbot_ws/src/robotic_arm_environment/my_environment_pkg' returned '0': PYTHONPATH=/home/kabirpuri/fuelbot_ws/build/my_environment_pkg/prefix_override:/usr/lib/python3/dist-packages/colcon_core/task/python/colcon_distutils_commands:/home/kabirpuri/fuelbot_ws/install/my_environment_pkg/lib/python3.10/site-packages:${PYTHONPATH} /usr/bin/python3 -W ignore:setup.py install is deprecated -W ignore:easy_install command is deprecated setup.py egg_info --egg-base ../../../build/my_environment_pkg build --build-base /home/kabirpuri/fuelbot_ws/build/my_environment_pkg/build install --record /home/kabirpuri/fuelbot_ws/build/my_environment_pkg/install.log --single-version-externally-managed install_data
