-- Found ament_cmake: 1.3.11 (/opt/ros/humble/share/ament_cmake/cmake)
-- Override CMake install command with custom implementation using symlinks instead of copying resources
-- Found ament_lint_auto: 0.12.12 (/opt/ros/humble/share/ament_lint_auto/cmake)
-- Added test 'lint_cmake' to check CMake code style
-- Added test 'xmllint' to check XML markup files
-- Configuring done
-- Generating done
-- Build files have been written to: /home/kabirpuri/fuelbot_ws/build/ur
-- Install configuration: ""
-- Execute custom install script
-- Up-to-date symlink: /home/kabirpuri/fuelbot_ws/install/ur/share/ament_index/resource_index/package_run_dependencies/ur
-- Up-to-date symlink: /home/kabirpuri/fuelbot_ws/install/ur/share/ament_index/resource_index/parent_prefix_path/ur
-- Up-to-date symlink: /home/kabirpuri/fuelbot_ws/install/ur/share/ur/environment/ament_prefix_path.sh
-- Up-to-date symlink: /home/kabirpuri/fuelbot_ws/install/ur/share/ur/environment/ament_prefix_path.dsv
-- Up-to-date symlink: /home/kabirpuri/fuelbot_ws/install/ur/share/ur/environment/path.sh
-- Up-to-date symlink: /home/kabirpuri/fuelbot_ws/install/ur/share/ur/environment/path.dsv
-- Up-to-date symlink: /home/kabirpuri/fuelbot_ws/install/ur/share/ur/local_setup.bash
-- Up-to-date symlink: /home/kabirpuri/fuelbot_ws/install/ur/share/ur/local_setup.sh
-- Up-to-date symlink: /home/kabirpuri/fuelbot_ws/install/ur/share/ur/local_setup.zsh
-- Up-to-date symlink: /home/kabirpuri/fuelbot_ws/install/ur/share/ur/local_setup.dsv
-- Symlinking: /home/kabirpuri/fuelbot_ws/install/ur/share/ur/package.dsv
-- Up-to-date symlink: /home/kabirpuri/fuelbot_ws/install/ur/share/ament_index/resource_index/packages/ur
-- Up-to-date symlink: /home/kabirpuri/fuelbot_ws/install/ur/share/ur/cmake/urConfig.cmake
-- Up-to-date symlink: /home/kabirpuri/fuelbot_ws/install/ur/share/ur/cmake/urConfig-version.cmake
-- Up-to-date symlink: /home/kabirpuri/fuelbot_ws/install/ur/share/ur/package.xml
