[0.016s] Invoking command in '/home/kabirpuri/fuelbot_ws/build/ur': CMAKE_PREFIX_PATH=/home/kabirpuri/fuelbot_ws/install/ur_calibration:/home/kabirpuri/fuelbot_ws/install/ur_robot_driver:/home/kabirpuri/fuelbot_ws/install/ur_controllers:/home/kabirpuri/fuelbot_ws/install/ur_moveit_config:/home/kabirpuri/fuelbot_ws/install/ur_dashboard_msgs:/home/kabirpuri/fuelbot_ws/install/ur_simulation_gazebo:/home/kabirpuri/fuelbot_ws/install/ur:/home/kabirpuri/fuelbot_ws/install/ur_bringup:/home/kabirpuri/fuelbot_ws/install/my_sphere_pkg:/home/kabirpuri/fuelbot_ws/install/my_moveit_controller:/home/kabirpuri/fuelbot_ws/install/my_environment_pkg:/home/kabirpuri/fuelbot_ws/install/my_doosan_pkg:/opt/ros/humble /usr/bin/cmake /home/kabirpuri/fuelbot_ws/src/Universal_Robots_ROS2_Driver/ur -DCMAKE_INSTALL_PREFIX=/home/kabirpuri/fuelbot_ws/install/ur
[0.026s] -- Found ament_cmake: 1.3.11 (/opt/ros/humble/share/ament_cmake/cmake)
[0.124s] -- Override CMake install command with custom implementation using symlinks instead of copying resources
[0.129s] -- Found ament_lint_auto: 0.12.12 (/opt/ros/humble/share/ament_lint_auto/cmake)
[0.185s] -- Added test 'lint_cmake' to check CMake code style
[0.185s] -- Added test 'xmllint' to check XML markup files
[0.185s] -- Configuring done
[0.187s] -- Generating done
[0.188s] -- Build files have been written to: /home/kabirpuri/fuelbot_ws/build/ur
[0.192s] Invoked command in '/home/kabirpuri/fuelbot_ws/build/ur' returned '0': CMAKE_PREFIX_PATH=/home/kabirpuri/fuelbot_ws/install/ur_calibration:/home/kabirpuri/fuelbot_ws/install/ur_robot_driver:/home/kabirpuri/fuelbot_ws/install/ur_controllers:/home/kabirpuri/fuelbot_ws/install/ur_moveit_config:/home/kabirpuri/fuelbot_ws/install/ur_dashboard_msgs:/home/kabirpuri/fuelbot_ws/install/ur_simulation_gazebo:/home/kabirpuri/fuelbot_ws/install/ur:/home/kabirpuri/fuelbot_ws/install/ur_bringup:/home/kabirpuri/fuelbot_ws/install/my_sphere_pkg:/home/kabirpuri/fuelbot_ws/install/my_moveit_controller:/home/kabirpuri/fuelbot_ws/install/my_environment_pkg:/home/kabirpuri/fuelbot_ws/install/my_doosan_pkg:/opt/ros/humble /usr/bin/cmake /home/kabirpuri/fuelbot_ws/src/Universal_Robots_ROS2_Driver/ur -DCMAKE_INSTALL_PREFIX=/home/kabirpuri/fuelbot_ws/install/ur
[0.193s] Invoking command in '/home/kabirpuri/fuelbot_ws/build/ur': CMAKE_PREFIX_PATH=/home/kabirpuri/fuelbot_ws/install/ur_calibration:/home/kabirpuri/fuelbot_ws/install/ur_robot_driver:/home/kabirpuri/fuelbot_ws/install/ur_controllers:/home/kabirpuri/fuelbot_ws/install/ur_moveit_config:/home/kabirpuri/fuelbot_ws/install/ur_dashboard_msgs:/home/kabirpuri/fuelbot_ws/install/ur_simulation_gazebo:/home/kabirpuri/fuelbot_ws/install/ur:/home/kabirpuri/fuelbot_ws/install/ur_bringup:/home/kabirpuri/fuelbot_ws/install/my_sphere_pkg:/home/kabirpuri/fuelbot_ws/install/my_moveit_controller:/home/kabirpuri/fuelbot_ws/install/my_environment_pkg:/home/kabirpuri/fuelbot_ws/install/my_doosan_pkg:/opt/ros/humble /usr/bin/cmake --build /home/kabirpuri/fuelbot_ws/build/ur -- -j16 -l16
[0.230s] Invoked command in '/home/kabirpuri/fuelbot_ws/build/ur' returned '0': CMAKE_PREFIX_PATH=/home/kabirpuri/fuelbot_ws/install/ur_calibration:/home/kabirpuri/fuelbot_ws/install/ur_robot_driver:/home/kabirpuri/fuelbot_ws/install/ur_controllers:/home/kabirpuri/fuelbot_ws/install/ur_moveit_config:/home/kabirpuri/fuelbot_ws/install/ur_dashboard_msgs:/home/kabirpuri/fuelbot_ws/install/ur_simulation_gazebo:/home/kabirpuri/fuelbot_ws/install/ur:/home/kabirpuri/fuelbot_ws/install/ur_bringup:/home/kabirpuri/fuelbot_ws/install/my_sphere_pkg:/home/kabirpuri/fuelbot_ws/install/my_moveit_controller:/home/kabirpuri/fuelbot_ws/install/my_environment_pkg:/home/kabirpuri/fuelbot_ws/install/my_doosan_pkg:/opt/ros/humble /usr/bin/cmake --build /home/kabirpuri/fuelbot_ws/build/ur -- -j16 -l16
[0.232s] Invoking command in '/home/kabirpuri/fuelbot_ws/build/ur': CMAKE_PREFIX_PATH=/home/kabirpuri/fuelbot_ws/install/ur_calibration:/home/kabirpuri/fuelbot_ws/install/ur_robot_driver:/home/kabirpuri/fuelbot_ws/install/ur_controllers:/home/kabirpuri/fuelbot_ws/install/ur_moveit_config:/home/kabirpuri/fuelbot_ws/install/ur_dashboard_msgs:/home/kabirpuri/fuelbot_ws/install/ur_simulation_gazebo:/home/kabirpuri/fuelbot_ws/install/ur:/home/kabirpuri/fuelbot_ws/install/ur_bringup:/home/kabirpuri/fuelbot_ws/install/my_sphere_pkg:/home/kabirpuri/fuelbot_ws/install/my_moveit_controller:/home/kabirpuri/fuelbot_ws/install/my_environment_pkg:/home/kabirpuri/fuelbot_ws/install/my_doosan_pkg:/opt/ros/humble /usr/bin/cmake --install /home/kabirpuri/fuelbot_ws/build/ur
[0.238s] -- Install configuration: ""
[0.238s] -- Execute custom install script
[0.239s] -- Up-to-date symlink: /home/kabirpuri/fuelbot_ws/install/ur/share/ament_index/resource_index/package_run_dependencies/ur
[0.239s] -- Up-to-date symlink: /home/kabirpuri/fuelbot_ws/install/ur/share/ament_index/resource_index/parent_prefix_path/ur
[0.239s] -- Up-to-date symlink: /home/kabirpuri/fuelbot_ws/install/ur/share/ur/environment/ament_prefix_path.sh
[0.239s] -- Up-to-date symlink: /home/kabirpuri/fuelbot_ws/install/ur/share/ur/environment/ament_prefix_path.dsv
[0.239s] -- Up-to-date symlink: /home/kabirpuri/fuelbot_ws/install/ur/share/ur/environment/path.sh
[0.239s] -- Up-to-date symlink: /home/kabirpuri/fuelbot_ws/install/ur/share/ur/environment/path.dsv
[0.239s] -- Up-to-date symlink: /home/kabirpuri/fuelbot_ws/install/ur/share/ur/local_setup.bash
[0.239s] -- Up-to-date symlink: /home/kabirpuri/fuelbot_ws/install/ur/share/ur/local_setup.sh
[0.239s] -- Up-to-date symlink: /home/kabirpuri/fuelbot_ws/install/ur/share/ur/local_setup.zsh
[0.239s] -- Up-to-date symlink: /home/kabirpuri/fuelbot_ws/install/ur/share/ur/local_setup.dsv
[0.239s] -- Symlinking: /home/kabirpuri/fuelbot_ws/install/ur/share/ur/package.dsv
[0.248s] -- Up-to-date symlink: /home/kabirpuri/fuelbot_ws/install/ur/share/ament_index/resource_index/packages/ur
[0.248s] -- Up-to-date symlink: /home/kabirpuri/fuelbot_ws/install/ur/share/ur/cmake/urConfig.cmake
[0.248s] -- Up-to-date symlink: /home/kabirpuri/fuelbot_ws/install/ur/share/ur/cmake/urConfig-version.cmake
[0.248s] -- Up-to-date symlink: /home/kabirpuri/fuelbot_ws/install/ur/share/ur/package.xml
[0.251s] Invoked command in '/home/kabirpuri/fuelbot_ws/build/ur' returned '0': CMAKE_PREFIX_PATH=/home/kabirpuri/fuelbot_ws/install/ur_calibration:/home/kabirpuri/fuelbot_ws/install/ur_robot_driver:/home/kabirpuri/fuelbot_ws/install/ur_controllers:/home/kabirpuri/fuelbot_ws/install/ur_moveit_config:/home/kabirpuri/fuelbot_ws/install/ur_dashboard_msgs:/home/kabirpuri/fuelbot_ws/install/ur_simulation_gazebo:/home/kabirpuri/fuelbot_ws/install/ur:/home/kabirpuri/fuelbot_ws/install/ur_bringup:/home/kabirpuri/fuelbot_ws/install/my_sphere_pkg:/home/kabirpuri/fuelbot_ws/install/my_moveit_controller:/home/kabirpuri/fuelbot_ws/install/my_environment_pkg:/home/kabirpuri/fuelbot_ws/install/my_doosan_pkg:/opt/ros/humble /usr/bin/cmake --install /home/kabirpuri/fuelbot_ws/build/ur
