[0.014s] Invoking command in '/home/kabirpuri/fuelbot_ws/build/ur_controllers': AMENT_PREFIX_PATH=/home/kabirpuri/fuelbot_ws/install/ur_dashboard_msgs:${AMENT_PREFIX_PATH} CMAKE_PREFIX_PATH=/home/kabirpuri/fuelbot_ws/install/ur_dashboard_msgs:/home/kabirpuri/fuelbot_ws/install/my_sphere_pkg:/home/kabirpuri/fuelbot_ws/install/my_environment_pkg:/home/kabirpuri/fuelbot_ws/install/my_doosan_pkg:/opt/ros/humble LD_LIBRARY_PATH=/home/kabirpuri/fuelbot_ws/install/ur_dashboard_msgs/lib:${LD_LIBRARY_PATH} PYTHONPATH=/home/kabirpuri/fuelbot_ws/install/ur_dashboard_msgs/local/lib/python3.10/dist-packages:${PYTHONPATH} /usr/bin/cmake /home/kabirpuri/fuelbot_ws/src/Universal_Robots_ROS2_Driver/ur_controllers -DAMENT_CMAKE_SYMLINK_INSTALL=1 -DCMAKE_INSTALL_PREFIX=/home/kabirpuri/fuelbot_ws/install/ur_controllers
[0.064s] -- The C compiler identification is GNU 11.4.0
[0.106s] -- The CXX compiler identification is GNU 11.4.0
[0.111s] -- Detecting C compiler ABI info
[0.173s] -- Detecting C compiler ABI info - done
[0.176s] -- Check for working C compiler: /usr/bin/cc - skipped
[0.177s] -- Detecting C compile features
[0.177s] -- Detecting C compile features - done
[0.178s] -- Detecting CXX compiler ABI info
[0.243s] -- Detecting CXX compiler ABI info - done
[0.247s] -- Check for working CXX compiler: /usr/bin/c++ - skipped
[0.247s] -- Detecting CXX compile features
[0.247s] -- Detecting CXX compile features - done
[0.249s] -- Found ament_cmake: 1.3.11 (/opt/ros/humble/share/ament_cmake/cmake)
[0.349s] -- Found Python3: /usr/bin/python3 (found version "3.10.12") found components: Interpreter 
[0.387s] -- Override CMake install command with custom implementation using symlinks instead of copying resources
[0.415s] -- Found angles: 1.15.0 (/opt/ros/humble/share/angles/cmake)
[0.417s] -- Found controller_interface: 2.50.0 (/opt/ros/humble/share/controller_interface/cmake)
[0.448s] -- Found rosidl_generator_c: 3.1.6 (/opt/ros/humble/share/rosidl_generator_c/cmake)
[0.451s] -- Found rosidl_adapter: 3.1.6 (/opt/ros/humble/share/rosidl_adapter/cmake)
[0.457s] -- Found rosidl_generator_cpp: 3.1.6 (/opt/ros/humble/share/rosidl_generator_cpp/cmake)
[0.464s] -- Using all available rosidl_typesupport_c: rosidl_typesupport_fastrtps_c;rosidl_typesupport_introspection_c
[0.474s] -- Using all available rosidl_typesupport_cpp: rosidl_typesupport_fastrtps_cpp;rosidl_typesupport_introspection_cpp
[0.640s] -- Found rmw_implementation_cmake: 6.1.2 (/opt/ros/humble/share/rmw_implementation_cmake/cmake)
[0.644s] -- Found rmw_fastrtps_cpp: 6.2.7 (/opt/ros/humble/share/rmw_fastrtps_cpp/cmake)
[0.667s] -- Found TinyXML2 via Config file: TinyXML2_DIR-NOTFOUND
[0.722s] -- Found OpenSSL: /usr/lib/x86_64-linux-gnu/libcrypto.so (found version "3.0.2")  
[0.725s] -- Found TinyXML2 via Config file: TinyXML2_DIR-NOTFOUND
[0.736s] -- Found FastRTPS: /opt/ros/humble/include  
[0.738s] -- Found TinyXML2 via Config file: TinyXML2_DIR-NOTFOUND
[0.745s] -- Found TinyXML2 via Config file: TinyXML2_DIR-NOTFOUND
[0.753s] -- Using RMW implementation 'rmw_fastrtps_cpp' as default
[0.764s] -- Looking for pthread.h
[0.825s] -- Looking for pthread.h - found
[0.825s] -- Performing Test CMAKE_HAVE_LIBC_PTHREAD
[0.888s] -- Performing Test CMAKE_HAVE_LIBC_PTHREAD - Success
[0.889s] -- Found Threads: TRUE  
[0.940s] -- Found joint_trajectory_controller: 2.45.0 (/opt/ros/humble/share/joint_trajectory_controller/cmake)
[1.002s] -- Found std_srvs: 4.8.0 (/opt/ros/humble/share/std_srvs/cmake)
[1.011s] -- Found tf2_geometry_msgs: 0.25.12 (/opt/ros/humble/share/tf2_geometry_msgs/cmake)
[1.020s] -- Found eigen3_cmake_module: 0.1.1 (/opt/ros/humble/share/eigen3_cmake_module/cmake)
[1.021s] -- Found Eigen3: TRUE (found version "3.4.0") 
[1.021s] -- Ensuring Eigen3 include directory is part of orocos-kdl CMake target
[1.069s] -- Found ur_dashboard_msgs: 2.8.0 (/home/kabirpuri/fuelbot_ws/install/ur_dashboard_msgs/share/ur_dashboard_msgs/cmake)
[1.079s] -- Found ur_msgs: 2.2.0 (/opt/ros/humble/share/ur_msgs/cmake)
[1.101s] -- Found ament_cmake_gmock: 1.3.11 (/opt/ros/humble/share/ament_cmake_gmock/cmake)
[1.102s] -- Found controller_manager: 2.50.0 (/opt/ros/humble/share/controller_manager/cmake)
[1.117s] -- Found ros2_control_test_assets: 2.50.0 (/opt/ros/humble/share/ros2_control_test_assets/cmake)
[1.123s] -- Found gmock sources under '/opt/ros/humble/src/gmock_vendor': C++ tests using 'Google Mock' will be built
[1.128s] -- Found ament_cmake_gtest: 1.3.11 (/opt/ros/humble/share/ament_cmake_gtest/cmake)
[1.128s] -- Found gtest sources under '/opt/ros/humble/src/gtest_vendor': C++ tests using 'Google Test' will be built
[1.192s] -- Configuring done
[1.277s] -- Generating done
[1.286s] -- Build files have been written to: /home/kabirpuri/fuelbot_ws/build/ur_controllers
[1.299s] Invoked command in '/home/kabirpuri/fuelbot_ws/build/ur_controllers' returned '0': AMENT_PREFIX_PATH=/home/kabirpuri/fuelbot_ws/install/ur_dashboard_msgs:${AMENT_PREFIX_PATH} CMAKE_PREFIX_PATH=/home/kabirpuri/fuelbot_ws/install/ur_dashboard_msgs:/home/kabirpuri/fuelbot_ws/install/my_sphere_pkg:/home/kabirpuri/fuelbot_ws/install/my_environment_pkg:/home/kabirpuri/fuelbot_ws/install/my_doosan_pkg:/opt/ros/humble LD_LIBRARY_PATH=/home/kabirpuri/fuelbot_ws/install/ur_dashboard_msgs/lib:${LD_LIBRARY_PATH} PYTHONPATH=/home/kabirpuri/fuelbot_ws/install/ur_dashboard_msgs/local/lib/python3.10/dist-packages:${PYTHONPATH} /usr/bin/cmake /home/kabirpuri/fuelbot_ws/src/Universal_Robots_ROS2_Driver/ur_controllers -DAMENT_CMAKE_SYMLINK_INSTALL=1 -DCMAKE_INSTALL_PREFIX=/home/kabirpuri/fuelbot_ws/install/ur_controllers
[1.302s] Invoking command in '/home/kabirpuri/fuelbot_ws/build/ur_controllers': AMENT_PREFIX_PATH=/home/kabirpuri/fuelbot_ws/install/ur_dashboard_msgs:${AMENT_PREFIX_PATH} CMAKE_PREFIX_PATH=/home/kabirpuri/fuelbot_ws/install/ur_dashboard_msgs:/home/kabirpuri/fuelbot_ws/install/my_sphere_pkg:/home/kabirpuri/fuelbot_ws/install/my_environment_pkg:/home/kabirpuri/fuelbot_ws/install/my_doosan_pkg:/opt/ros/humble LD_LIBRARY_PATH=/home/kabirpuri/fuelbot_ws/install/ur_dashboard_msgs/lib:${LD_LIBRARY_PATH} PYTHONPATH=/home/kabirpuri/fuelbot_ws/install/ur_dashboard_msgs/local/lib/python3.10/dist-packages:${PYTHONPATH} /usr/bin/cmake --build /home/kabirpuri/fuelbot_ws/build/ur_controllers -- -j16 -l16
[1.352s] [ 11%] [34m[1mRunning `/opt/ros/humble/bin/generate_parameter_library_cpp /home/kabirpuri/fuelbot_ws/build/ur_controllers/include/ur_controllers/ur_configuration_controller_parameters.hpp /home/kabirpuri/fuelbot_ws/src/Universal_Robots_ROS2_Driver/ur_controllers/src/ur_configuration_controller_parameters.yaml `[0m
[1.353s] [ 11%] [34m[1mRunning `/opt/ros/humble/bin/generate_parameter_library_cpp /home/kabirpuri/fuelbot_ws/build/ur_controllers/include/ur_controllers/tool_contact_controller_parameters.hpp /home/kabirpuri/fuelbot_ws/src/Universal_Robots_ROS2_Driver/ur_controllers/src/tool_contact_controller_parameters.yaml `[0m
[1.353s] [ 11%] [34m[1mRunning `/opt/ros/humble/bin/generate_parameter_library_cpp /home/kabirpuri/fuelbot_ws/build/ur_controllers/include/ur_controllers/freedrive_mode_controller_parameters.hpp /home/kabirpuri/fuelbot_ws/src/Universal_Robots_ROS2_Driver/ur_controllers/src/freedrive_mode_controller_parameters.yaml `[0m
[1.353s] [ 11%] [34m[1mRunning `/opt/ros/humble/bin/generate_parameter_library_cpp /home/kabirpuri/fuelbot_ws/build/ur_controllers/include/ur_controllers/passthrough_trajectory_controller_parameters.hpp /home/kabirpuri/fuelbot_ws/src/Universal_Robots_ROS2_Driver/ur_controllers/src/passthrough_trajectory_controller_parameters.yaml `[0m
[1.353s] [ 14%] [34m[1mRunning `/opt/ros/humble/bin/generate_parameter_library_cpp /home/kabirpuri/fuelbot_ws/build/ur_controllers/include/ur_controllers/gpio_controller_parameters.hpp /home/kabirpuri/fuelbot_ws/src/Universal_Robots_ROS2_Driver/ur_controllers/src/gpio_controller_parameters.yaml `[0m
[1.353s] [ 17%] [34m[1mRunning `/opt/ros/humble/bin/generate_parameter_library_cpp /home/kabirpuri/fuelbot_ws/build/ur_controllers/include/ur_controllers/force_mode_controller_parameters.hpp /home/kabirpuri/fuelbot_ws/src/Universal_Robots_ROS2_Driver/ur_controllers/src/force_mode_controller_parameters.yaml `[0m
[1.353s] [ 20%] [32mBuilding CXX object gmock/CMakeFiles/gmock_main.dir/src/gmock_main.cc.o[0m
[1.354s] [ 26%] [34m[1mRunning `/opt/ros/humble/bin/generate_parameter_library_cpp /home/kabirpuri/fuelbot_ws/build/ur_controllers/include/ur_controllers/scaled_joint_trajectory_controller_parameters.hpp /home/kabirpuri/fuelbot_ws/src/Universal_Robots_ROS2_Driver/ur_controllers/src/scaled_joint_trajectory_controller_parameters.yaml `[0m
[1.354s] [ 26%] [34m[1mRunning `/opt/ros/humble/bin/generate_parameter_library_cpp /home/kabirpuri/fuelbot_ws/build/ur_controllers/include/ur_controllers/speed_scaling_state_broadcaster_parameters.hpp /home/kabirpuri/fuelbot_ws/src/Universal_Robots_ROS2_Driver/ur_controllers/src/speed_scaling_state_broadcaster_parameters.yaml `[0m
[1.354s] [ 29%] [32mBuilding CXX object gmock/CMakeFiles/gmock.dir/opt/ros/humble/src/gtest_vendor/src/gtest-all.cc.o[0m
[1.354s] [ 32%] [32mBuilding CXX object gmock/CMakeFiles/gmock.dir/src/gmock-all.cc.o[0m
[1.523s] [ 35%] [34m[1mCreating deprecated header file /home/kabirpuri/fuelbot_ws/build/ur_controllers/include/freedrive_mode_controller_parameters.hpp[0m
[1.546s] [ 38%] [34m[1mCreating deprecated header file /home/kabirpuri/fuelbot_ws/build/ur_controllers/include/passthrough_trajectory_controller_parameters.hpp[0m
[1.561s] [ 44%] [34m[1mCreating deprecated header file /home/kabirpuri/fuelbot_ws/build/ur_controllers/include/ur_configuration_controller_parameters.hpp[0m
[1.561s] [ 44%] [34m[1mCreating deprecated header file /home/kabirpuri/fuelbot_ws/build/ur_controllers/include/scaled_joint_trajectory_controller_parameters.hpp[0m
[1.573s] [ 44%] Built target freedrive_mode_controller_parameters
[1.579s] [ 47%] [34m[1mCreating deprecated header file /home/kabirpuri/fuelbot_ws/build/ur_controllers/include/speed_scaling_state_broadcaster_parameters.hpp[0m
[1.584s] [ 50%] [34m[1mCreating deprecated header file /home/kabirpuri/fuelbot_ws/build/ur_controllers/include/tool_contact_controller_parameters.hpp[0m
[1.584s] [ 52%] [34m[1mCreating deprecated header file /home/kabirpuri/fuelbot_ws/build/ur_controllers/include/gpio_controller_parameters.hpp[0m
[1.587s] [ 55%] [34m[1mCreating deprecated header file /home/kabirpuri/fuelbot_ws/build/ur_controllers/include/force_mode_controller_parameters.hpp[0m
[1.589s] [ 55%] Built target passthrough_trajectory_controller_parameters
[1.602s] [ 55%] Built target scaled_joint_trajectory_controller_parameters
[1.606s] [ 55%] Built target ur_configuration_controller_parameters
[1.619s] [ 55%] Built target speed_scaling_state_broadcaster_parameters
[1.625s] [ 55%] Built target tool_contact_controller_parameters
[1.625s] [ 55%] Built target gpio_controller_parameters
[1.632s] [ 55%] Built target force_mode_controller_parameters
[1.656s] [ 67%] [32mBuilding CXX object CMakeFiles/ur_controllers.dir/src/scaled_joint_trajectory_controller.cpp.o[0m
[1.656s] [ 67%] [32mBuilding CXX object CMakeFiles/ur_controllers.dir/src/freedrive_mode_controller.cpp.o[0m
[1.657s] [ 67%] [32mBuilding CXX object CMakeFiles/ur_controllers.dir/src/tool_contact_controller.cpp.o[0m
[1.657s] [ 67%] [32mBuilding CXX object CMakeFiles/ur_controllers.dir/src/force_mode_controller.cpp.o[0m
[1.657s] [ 70%] [32mBuilding CXX object CMakeFiles/ur_controllers.dir/src/gpio_controller.cpp.o[0m
[1.657s] [ 73%] [32mBuilding CXX object CMakeFiles/ur_controllers.dir/src/speed_scaling_state_broadcaster.cpp.o[0m
[1.658s] [ 76%] [32mBuilding CXX object CMakeFiles/ur_controllers.dir/src/passthrough_trajectory_controller.cpp.o[0m
[1.659s] [ 79%] [32mBuilding CXX object CMakeFiles/ur_controllers.dir/src/ur_configuration_controller.cpp.o[0m
[2.901s] [ 82%] [32m[1mLinking CXX static library libgmock_main.a[0m
[2.964s] [ 82%] Built target gmock_main
[4.604s] [ 85%] [32m[1mLinking CXX static library libgmock.a[0m
[4.682s] [ 85%] Built target gmock
[10.768s] [ 88%] [32m[1mLinking CXX shared library libur_controllers.so[0m
[11.816s] [ 88%] Built target ur_controllers
[11.835s] [ 91%] [32mBuilding CXX object CMakeFiles/test_load_force_mode_controller.dir/test/test_load_force_mode_controller.cpp.o[0m
[11.835s] [ 94%] [32mBuilding CXX object CMakeFiles/test_load_freedrive_mode_controller.dir/test/test_load_freedrive_mode_controller.cpp.o[0m
[15.567s] [ 97%] [32m[1mLinking CXX executable test_load_freedrive_mode_controller[0m
[15.579s] [100%] [32m[1mLinking CXX executable test_load_force_mode_controller[0m
[15.857s] [100%] Built target test_load_freedrive_mode_controller
[15.859s] [100%] Built target test_load_force_mode_controller
[15.870s] Invoked command in '/home/kabirpuri/fuelbot_ws/build/ur_controllers' returned '0': AMENT_PREFIX_PATH=/home/kabirpuri/fuelbot_ws/install/ur_dashboard_msgs:${AMENT_PREFIX_PATH} CMAKE_PREFIX_PATH=/home/kabirpuri/fuelbot_ws/install/ur_dashboard_msgs:/home/kabirpuri/fuelbot_ws/install/my_sphere_pkg:/home/kabirpuri/fuelbot_ws/install/my_environment_pkg:/home/kabirpuri/fuelbot_ws/install/my_doosan_pkg:/opt/ros/humble LD_LIBRARY_PATH=/home/kabirpuri/fuelbot_ws/install/ur_dashboard_msgs/lib:${LD_LIBRARY_PATH} PYTHONPATH=/home/kabirpuri/fuelbot_ws/install/ur_dashboard_msgs/local/lib/python3.10/dist-packages:${PYTHONPATH} /usr/bin/cmake --build /home/kabirpuri/fuelbot_ws/build/ur_controllers -- -j16 -l16
[15.872s] Invoking command in '/home/kabirpuri/fuelbot_ws/build/ur_controllers': AMENT_PREFIX_PATH=/home/kabirpuri/fuelbot_ws/install/ur_dashboard_msgs:${AMENT_PREFIX_PATH} CMAKE_PREFIX_PATH=/home/kabirpuri/fuelbot_ws/install/ur_dashboard_msgs:/home/kabirpuri/fuelbot_ws/install/my_sphere_pkg:/home/kabirpuri/fuelbot_ws/install/my_environment_pkg:/home/kabirpuri/fuelbot_ws/install/my_doosan_pkg:/opt/ros/humble LD_LIBRARY_PATH=/home/kabirpuri/fuelbot_ws/install/ur_dashboard_msgs/lib:${LD_LIBRARY_PATH} PYTHONPATH=/home/kabirpuri/fuelbot_ws/install/ur_dashboard_msgs/local/lib/python3.10/dist-packages:${PYTHONPATH} /usr/bin/cmake --install /home/kabirpuri/fuelbot_ws/build/ur_controllers
[15.878s] -- Install configuration: ""
[15.879s] -- Execute custom install script
[15.879s] -- Symlinking: /home/kabirpuri/fuelbot_ws/install/ur_controllers/include/ur_controllers/force_mode_controller_parameters.hpp
[15.886s] -- Symlinking: /home/kabirpuri/fuelbot_ws/install/ur_controllers/include/ur_controllers/freedrive_mode_controller_parameters.hpp
[15.892s] -- Symlinking: /home/kabirpuri/fuelbot_ws/install/ur_controllers/include/ur_controllers/gpio_controller_parameters.hpp
[15.898s] -- Symlinking: /home/kabirpuri/fuelbot_ws/install/ur_controllers/include/ur_controllers/passthrough_trajectory_controller_parameters.hpp
[15.906s] -- Symlinking: /home/kabirpuri/fuelbot_ws/install/ur_controllers/include/ur_controllers/scaled_joint_trajectory_controller_parameters.hpp
[15.913s] -- Symlinking: /home/kabirpuri/fuelbot_ws/install/ur_controllers/include/ur_controllers/speed_scaling_state_broadcaster_parameters.hpp
[15.918s] -- Symlinking: /home/kabirpuri/fuelbot_ws/install/ur_controllers/include/ur_controllers/tool_contact_controller_parameters.hpp
[15.924s] -- Symlinking: /home/kabirpuri/fuelbot_ws/install/ur_controllers/include/ur_controllers/ur_configuration_controller_parameters.hpp
[15.932s] -- Up-to-date symlink: /home/kabirpuri/fuelbot_ws/install/ur_controllers/include/ur_controllers/force_mode_controller_parameters.hpp
[15.933s] -- Up-to-date symlink: /home/kabirpuri/fuelbot_ws/install/ur_controllers/include/ur_controllers/freedrive_mode_controller_parameters.hpp
[15.933s] -- Up-to-date symlink: /home/kabirpuri/fuelbot_ws/install/ur_controllers/include/ur_controllers/gpio_controller_parameters.hpp
[15.933s] -- Up-to-date symlink: /home/kabirpuri/fuelbot_ws/install/ur_controllers/include/ur_controllers/passthrough_trajectory_controller_parameters.hpp
[15.933s] -- Up-to-date symlink: /home/kabirpuri/fuelbot_ws/install/ur_controllers/include/ur_controllers/scaled_joint_trajectory_controller_parameters.hpp
[15.933s] -- Up-to-date symlink: /home/kabirpuri/fuelbot_ws/install/ur_controllers/include/ur_controllers/speed_scaling_state_broadcaster_parameters.hpp
[15.933s] -- Up-to-date symlink: /home/kabirpuri/fuelbot_ws/install/ur_controllers/include/ur_controllers/tool_contact_controller_parameters.hpp
[15.933s] -- Up-to-date symlink: /home/kabirpuri/fuelbot_ws/install/ur_controllers/include/ur_controllers/ur_configuration_controller_parameters.hpp
[15.933s] -- Up-to-date symlink: /home/kabirpuri/fuelbot_ws/install/ur_controllers/include/ur_controllers/force_mode_controller_parameters.hpp
[15.933s] -- Up-to-date symlink: /home/kabirpuri/fuelbot_ws/install/ur_controllers/include/ur_controllers/freedrive_mode_controller_parameters.hpp
[15.933s] -- Up-to-date symlink: /home/kabirpuri/fuelbot_ws/install/ur_controllers/include/ur_controllers/gpio_controller_parameters.hpp
[15.933s] -- Up-to-date symlink: /home/kabirpuri/fuelbot_ws/install/ur_controllers/include/ur_controllers/passthrough_trajectory_controller_parameters.hpp
[15.934s] -- Up-to-date symlink: /home/kabirpuri/fuelbot_ws/install/ur_controllers/include/ur_controllers/scaled_joint_trajectory_controller_parameters.hpp
[15.934s] -- Up-to-date symlink: /home/kabirpuri/fuelbot_ws/install/ur_controllers/include/ur_controllers/speed_scaling_state_broadcaster_parameters.hpp
[15.934s] -- Up-to-date symlink: /home/kabirpuri/fuelbot_ws/install/ur_controllers/include/ur_controllers/tool_contact_controller_parameters.hpp
[15.934s] -- Up-to-date symlink: /home/kabirpuri/fuelbot_ws/install/ur_controllers/include/ur_controllers/ur_configuration_controller_parameters.hpp
[15.934s] -- Up-to-date symlink: /home/kabirpuri/fuelbot_ws/install/ur_controllers/include/ur_controllers/force_mode_controller_parameters.hpp
[15.934s] -- Up-to-date symlink: /home/kabirpuri/fuelbot_ws/install/ur_controllers/include/ur_controllers/freedrive_mode_controller_parameters.hpp
[15.934s] -- Up-to-date symlink: /home/kabirpuri/fuelbot_ws/install/ur_controllers/include/ur_controllers/gpio_controller_parameters.hpp
[15.934s] -- Up-to-date symlink: /home/kabirpuri/fuelbot_ws/install/ur_controllers/include/ur_controllers/passthrough_trajectory_controller_parameters.hpp
[15.934s] -- Up-to-date symlink: /home/kabirpuri/fuelbot_ws/install/ur_controllers/include/ur_controllers/scaled_joint_trajectory_controller_parameters.hpp
[15.934s] -- Up-to-date symlink: /home/kabirpuri/fuelbot_ws/install/ur_controllers/include/ur_controllers/speed_scaling_state_broadcaster_parameters.hpp
[15.934s] -- Up-to-date symlink: /home/kabirpuri/fuelbot_ws/install/ur_controllers/include/ur_controllers/tool_contact_controller_parameters.hpp
[15.934s] -- Up-to-date symlink: /home/kabirpuri/fuelbot_ws/install/ur_controllers/include/ur_controllers/ur_configuration_controller_parameters.hpp
[15.935s] -- Up-to-date symlink: /home/kabirpuri/fuelbot_ws/install/ur_controllers/include/ur_controllers/force_mode_controller_parameters.hpp
[15.935s] -- Up-to-date symlink: /home/kabirpuri/fuelbot_ws/install/ur_controllers/include/ur_controllers/freedrive_mode_controller_parameters.hpp
[15.935s] -- Up-to-date symlink: /home/kabirpuri/fuelbot_ws/install/ur_controllers/include/ur_controllers/gpio_controller_parameters.hpp
[15.935s] -- Up-to-date symlink: /home/kabirpuri/fuelbot_ws/install/ur_controllers/include/ur_controllers/passthrough_trajectory_controller_parameters.hpp
[15.935s] -- Up-to-date symlink: /home/kabirpuri/fuelbot_ws/install/ur_controllers/include/ur_controllers/scaled_joint_trajectory_controller_parameters.hpp
[15.935s] -- Up-to-date symlink: /home/kabirpuri/fuelbot_ws/install/ur_controllers/include/ur_controllers/speed_scaling_state_broadcaster_parameters.hpp
[15.935s] -- Up-to-date symlink: /home/kabirpuri/fuelbot_ws/install/ur_controllers/include/ur_controllers/tool_contact_controller_parameters.hpp
[15.935s] -- Up-to-date symlink: /home/kabirpuri/fuelbot_ws/install/ur_controllers/include/ur_controllers/ur_configuration_controller_parameters.hpp
[15.935s] -- Up-to-date symlink: /home/kabirpuri/fuelbot_ws/install/ur_controllers/include/ur_controllers/force_mode_controller_parameters.hpp
[15.935s] -- Up-to-date symlink: /home/kabirpuri/fuelbot_ws/install/ur_controllers/include/ur_controllers/freedrive_mode_controller_parameters.hpp
[15.935s] -- Up-to-date symlink: /home/kabirpuri/fuelbot_ws/install/ur_controllers/include/ur_controllers/gpio_controller_parameters.hpp
[15.935s] -- Up-to-date symlink: /home/kabirpuri/fuelbot_ws/install/ur_controllers/include/ur_controllers/passthrough_trajectory_controller_parameters.hpp
[15.936s] -- Up-to-date symlink: /home/kabirpuri/fuelbot_ws/install/ur_controllers/include/ur_controllers/scaled_joint_trajectory_controller_parameters.hpp
[15.936s] -- Up-to-date symlink: /home/kabirpuri/fuelbot_ws/install/ur_controllers/include/ur_controllers/speed_scaling_state_broadcaster_parameters.hpp
[15.936s] -- Up-to-date symlink: /home/kabirpuri/fuelbot_ws/install/ur_controllers/include/ur_controllers/tool_contact_controller_parameters.hpp
[15.936s] -- Up-to-date symlink: /home/kabirpuri/fuelbot_ws/install/ur_controllers/include/ur_controllers/ur_configuration_controller_parameters.hpp
[15.936s] -- Up-to-date symlink: /home/kabirpuri/fuelbot_ws/install/ur_controllers/include/ur_controllers/force_mode_controller_parameters.hpp
[15.936s] -- Up-to-date symlink: /home/kabirpuri/fuelbot_ws/install/ur_controllers/include/ur_controllers/freedrive_mode_controller_parameters.hpp
[15.936s] -- Up-to-date symlink: /home/kabirpuri/fuelbot_ws/install/ur_controllers/include/ur_controllers/gpio_controller_parameters.hpp
[15.936s] -- Up-to-date symlink: /home/kabirpuri/fuelbot_ws/install/ur_controllers/include/ur_controllers/passthrough_trajectory_controller_parameters.hpp
[15.936s] -- Up-to-date symlink: /home/kabirpuri/fuelbot_ws/install/ur_controllers/include/ur_controllers/scaled_joint_trajectory_controller_parameters.hpp
[15.936s] -- Up-to-date symlink: /home/kabirpuri/fuelbot_ws/install/ur_controllers/include/ur_controllers/speed_scaling_state_broadcaster_parameters.hpp
[15.936s] -- Up-to-date symlink: /home/kabirpuri/fuelbot_ws/install/ur_controllers/include/ur_controllers/tool_contact_controller_parameters.hpp
[15.936s] -- Up-to-date symlink: /home/kabirpuri/fuelbot_ws/install/ur_controllers/include/ur_controllers/ur_configuration_controller_parameters.hpp
[15.936s] -- Up-to-date symlink: /home/kabirpuri/fuelbot_ws/install/ur_controllers/include/ur_controllers/force_mode_controller_parameters.hpp
[15.937s] -- Up-to-date symlink: /home/kabirpuri/fuelbot_ws/install/ur_controllers/include/ur_controllers/freedrive_mode_controller_parameters.hpp
[15.937s] -- Up-to-date symlink: /home/kabirpuri/fuelbot_ws/install/ur_controllers/include/ur_controllers/gpio_controller_parameters.hpp
[15.937s] -- Up-to-date symlink: /home/kabirpuri/fuelbot_ws/install/ur_controllers/include/ur_controllers/passthrough_trajectory_controller_parameters.hpp
[15.937s] -- Up-to-date symlink: /home/kabirpuri/fuelbot_ws/install/ur_controllers/include/ur_controllers/scaled_joint_trajectory_controller_parameters.hpp
[15.937s] -- Up-to-date symlink: /home/kabirpuri/fuelbot_ws/install/ur_controllers/include/ur_controllers/speed_scaling_state_broadcaster_parameters.hpp
[15.937s] -- Up-to-date symlink: /home/kabirpuri/fuelbot_ws/install/ur_controllers/include/ur_controllers/tool_contact_controller_parameters.hpp
[15.937s] -- Up-to-date symlink: /home/kabirpuri/fuelbot_ws/install/ur_controllers/include/ur_controllers/ur_configuration_controller_parameters.hpp
[15.937s] -- Symlinking: /home/kabirpuri/fuelbot_ws/install/ur_controllers/share/ur_controllers//controller_plugins.xml
[15.943s] -- Symlinking: /home/kabirpuri/fuelbot_ws/install/ur_controllers/lib/libur_controllers.so
[15.950s] -- Symlinking: /home/kabirpuri/fuelbot_ws/install/ur_controllers/include/ur_controllers/force_mode_controller.hpp
[15.956s] -- Symlinking: /home/kabirpuri/fuelbot_ws/install/ur_controllers/include/ur_controllers/freedrive_mode_controller.hpp
[15.964s] -- Symlinking: /home/kabirpuri/fuelbot_ws/install/ur_controllers/include/ur_controllers/gpio_controller.hpp
[15.970s] -- Symlinking: /home/kabirpuri/fuelbot_ws/install/ur_controllers/include/ur_controllers/passthrough_trajectory_controller.hpp
[15.975s] -- Symlinking: /home/kabirpuri/fuelbot_ws/install/ur_controllers/include/ur_controllers/scaled_joint_trajectory_controller.hpp
[15.982s] -- Symlinking: /home/kabirpuri/fuelbot_ws/install/ur_controllers/include/ur_controllers/speed_scaling_state_broadcaster.hpp
[15.988s] -- Symlinking: /home/kabirpuri/fuelbot_ws/install/ur_controllers/include/ur_controllers/tool_contact_controller.hpp
[15.994s] -- Symlinking: /home/kabirpuri/fuelbot_ws/install/ur_controllers/include/ur_controllers/ur_configuration_controller.hpp
[16.000s] -- Up-to-date symlink: /home/kabirpuri/fuelbot_ws/install/ur_controllers/share/ur_controllers/controller_plugins.xml
[16.000s] -- Symlinking: /home/kabirpuri/fuelbot_ws/install/ur_controllers/share/ur_controllers/environment/library_path.sh
[16.009s] -- Symlinking: /home/kabirpuri/fuelbot_ws/install/ur_controllers/share/ur_controllers/environment/library_path.dsv
[16.015s] -- Symlinking: /home/kabirpuri/fuelbot_ws/install/ur_controllers/share/ament_index/resource_index/package_run_dependencies/ur_controllers
[16.022s] -- Symlinking: /home/kabirpuri/fuelbot_ws/install/ur_controllers/share/ament_index/resource_index/parent_prefix_path/ur_controllers
[16.027s] -- Symlinking: /home/kabirpuri/fuelbot_ws/install/ur_controllers/share/ur_controllers/environment/ament_prefix_path.sh
[16.033s] -- Symlinking: /home/kabirpuri/fuelbot_ws/install/ur_controllers/share/ur_controllers/environment/ament_prefix_path.dsv
[16.040s] -- Symlinking: /home/kabirpuri/fuelbot_ws/install/ur_controllers/share/ur_controllers/environment/path.sh
[16.047s] -- Symlinking: /home/kabirpuri/fuelbot_ws/install/ur_controllers/share/ur_controllers/environment/path.dsv
[16.053s] -- Symlinking: /home/kabirpuri/fuelbot_ws/install/ur_controllers/share/ur_controllers/local_setup.bash
[16.059s] -- Symlinking: /home/kabirpuri/fuelbot_ws/install/ur_controllers/share/ur_controllers/local_setup.sh
[16.065s] -- Symlinking: /home/kabirpuri/fuelbot_ws/install/ur_controllers/share/ur_controllers/local_setup.zsh
[16.071s] -- Symlinking: /home/kabirpuri/fuelbot_ws/install/ur_controllers/share/ur_controllers/local_setup.dsv
[16.077s] -- Symlinking: /home/kabirpuri/fuelbot_ws/install/ur_controllers/share/ur_controllers/package.dsv
[16.084s] -- Symlinking: /home/kabirpuri/fuelbot_ws/install/ur_controllers/share/ament_index/resource_index/packages/ur_controllers
[16.090s] -- Symlinking: /home/kabirpuri/fuelbot_ws/install/ur_controllers/share/ament_index/resource_index/controller_interface__pluginlib__plugin/ur_controllers
[16.096s] -- Symlinking: /home/kabirpuri/fuelbot_ws/install/ur_controllers/share/ur_controllers/cmake/ament_cmake_export_dependencies-extras.cmake
[16.105s] -- Symlinking: /home/kabirpuri/fuelbot_ws/install/ur_controllers/share/ur_controllers/cmake/ament_cmake_export_include_directories-extras.cmake
[16.111s] -- Symlinking: /home/kabirpuri/fuelbot_ws/install/ur_controllers/share/ur_controllers/cmake/ament_cmake_export_libraries-extras.cmake
[16.119s] -- Symlinking: /home/kabirpuri/fuelbot_ws/install/ur_controllers/share/ur_controllers/cmake/ur_controllersConfig.cmake
[16.125s] -- Symlinking: /home/kabirpuri/fuelbot_ws/install/ur_controllers/share/ur_controllers/cmake/ur_controllersConfig-version.cmake
[16.131s] -- Symlinking: /home/kabirpuri/fuelbot_ws/install/ur_controllers/share/ur_controllers/package.xml
[16.140s] Invoked command in '/home/kabirpuri/fuelbot_ws/build/ur_controllers' returned '0': AMENT_PREFIX_PATH=/home/kabirpuri/fuelbot_ws/install/ur_dashboard_msgs:${AMENT_PREFIX_PATH} CMAKE_PREFIX_PATH=/home/kabirpuri/fuelbot_ws/install/ur_dashboard_msgs:/home/kabirpuri/fuelbot_ws/install/my_sphere_pkg:/home/kabirpuri/fuelbot_ws/install/my_environment_pkg:/home/kabirpuri/fuelbot_ws/install/my_doosan_pkg:/opt/ros/humble LD_LIBRARY_PATH=/home/kabirpuri/fuelbot_ws/install/ur_dashboard_msgs/lib:${LD_LIBRARY_PATH} PYTHONPATH=/home/kabirpuri/fuelbot_ws/install/ur_dashboard_msgs/local/lib/python3.10/dist-packages:${PYTHONPATH} /usr/bin/cmake --install /home/kabirpuri/fuelbot_ws/build/ur_controllers
