/home/kabirpuri/fuelbot_ws/install/my_doosan_pkg/lib/python3.10/site-packages/my_doosan_pkg/joint_points_act_service.py
/home/kabirpuri/fuelbot_ws/install/my_doosan_pkg/lib/python3.10/site-packages/my_doosan_pkg/joint_points_topic.py
/home/kabirpuri/fuelbot_ws/install/my_doosan_pkg/lib/python3.10/site-packages/my_doosan_pkg/__init__.py
/home/kabirpuri/fuelbot_ws/install/my_doosan_pkg/lib/python3.10/site-packages/my_doosan_pkg/__pycache__/joint_points_act_service.cpython-310.pyc
/home/kabirpuri/fuelbot_ws/install/my_doosan_pkg/lib/python3.10/site-packages/my_doosan_pkg/__pycache__/joint_points_topic.cpython-310.pyc
/home/kabirpuri/fuelbot_ws/install/my_doosan_pkg/lib/python3.10/site-packages/my_doosan_pkg/__pycache__/__init__.cpython-310.pyc
/home/kabirpuri/fuelbot_ws/install/my_doosan_pkg/share/ament_index/resource_index/packages/my_doosan_pkg
/home/kabirpuri/fuelbot_ws/install/my_doosan_pkg/share/my_doosan_pkg/package.xml
/home/kabirpuri/fuelbot_ws/install/my_doosan_pkg/share/my_doosan_pkg/launch/my_doosan_controller.launch.py
/home/kabirpuri/fuelbot_ws/install/my_doosan_pkg/share/my_doosan_pkg/launch/my_doosan_gazebo_controller.launch.py
/home/kabirpuri/fuelbot_ws/install/my_doosan_pkg/share/my_doosan_pkg/launch/my_doosan_rviz.launch.py
/home/kabirpuri/fuelbot_ws/install/my_doosan_pkg/share/my_doosan_pkg/launch/my_doosan_gazebo.launch.py
/home/kabirpuri/fuelbot_ws/install/my_doosan_pkg/share/my_doosan_pkg/rviz/view_config.rviz
/home/kabirpuri/fuelbot_ws/install/my_doosan_pkg/share/my_doosan_pkg/config/simple_controller.yaml
/home/kabirpuri/fuelbot_ws/install/my_doosan_pkg/share/my_doosan_pkg/worlds/my_empty_world.world
/home/kabirpuri/fuelbot_ws/install/my_doosan_pkg/share/my_doosan_pkg/description/urdf/m1013.white.urdf
/home/kabirpuri/fuelbot_ws/install/my_doosan_pkg/share/my_doosan_pkg/description/urdf/a0912.blue.urdf
/home/kabirpuri/fuelbot_ws/install/my_doosan_pkg/share/my_doosan_pkg/description/xacro/macro.m1013.white.xacro
/home/kabirpuri/fuelbot_ws/install/my_doosan_pkg/share/my_doosan_pkg/description/xacro/macro.a0912.blue.xacro
/home/kabirpuri/fuelbot_ws/install/my_doosan_pkg/share/my_doosan_pkg/description/xacro/m1013.urdf.xacro
/home/kabirpuri/fuelbot_ws/install/my_doosan_pkg/share/my_doosan_pkg/description/xacro/macro.transmission.xacro
/home/kabirpuri/fuelbot_ws/install/my_doosan_pkg/share/my_doosan_pkg/description/xacro/a0912.urdf.xacro
/home/kabirpuri/fuelbot_ws/install/my_doosan_pkg/share/my_doosan_pkg/description/xacro/macro.bumper_config.xacro
/home/kabirpuri/fuelbot_ws/install/my_doosan_pkg/share/my_doosan_pkg/description/xacro/macro.internal_config.xacro
/home/kabirpuri/fuelbot_ws/install/my_doosan_pkg/share/my_doosan_pkg/description/xacro/macro.gazebo_config_control.xacro
/home/kabirpuri/fuelbot_ws/install/my_doosan_pkg/share/my_doosan_pkg/description/meshes/a0912_blue/A0912_6_0.dae
/home/kabirpuri/fuelbot_ws/install/my_doosan_pkg/share/my_doosan_pkg/description/meshes/a0912_blue/A0912_3_1.dae
/home/kabirpuri/fuelbot_ws/install/my_doosan_pkg/share/my_doosan_pkg/description/meshes/a0912_blue/A0912_2_0.dae
/home/kabirpuri/fuelbot_ws/install/my_doosan_pkg/share/my_doosan_pkg/description/meshes/a0912_blue/A0912_3_0.dae
/home/kabirpuri/fuelbot_ws/install/my_doosan_pkg/share/my_doosan_pkg/description/meshes/a0912_blue/A0912_0_0.dae
/home/kabirpuri/fuelbot_ws/install/my_doosan_pkg/share/my_doosan_pkg/description/meshes/a0912_blue/A0912_5_1.dae
/home/kabirpuri/fuelbot_ws/install/my_doosan_pkg/share/my_doosan_pkg/description/meshes/a0912_blue/A0912_2_2.dae
/home/kabirpuri/fuelbot_ws/install/my_doosan_pkg/share/my_doosan_pkg/description/meshes/a0912_blue/A0912_2_1.dae
/home/kabirpuri/fuelbot_ws/install/my_doosan_pkg/share/my_doosan_pkg/description/meshes/a0912_blue/A0912_5_0.dae
/home/kabirpuri/fuelbot_ws/install/my_doosan_pkg/share/my_doosan_pkg/description/meshes/a0912_blue/A0912_1_0.dae
/home/kabirpuri/fuelbot_ws/install/my_doosan_pkg/share/my_doosan_pkg/description/meshes/a0912_blue/A0912_1_1.dae
/home/kabirpuri/fuelbot_ws/install/my_doosan_pkg/share/my_doosan_pkg/description/meshes/a0912_blue/A0912_1_2.dae
/home/kabirpuri/fuelbot_ws/install/my_doosan_pkg/share/my_doosan_pkg/description/meshes/a0912_blue/A0912_4_1.dae
/home/kabirpuri/fuelbot_ws/install/my_doosan_pkg/share/my_doosan_pkg/description/meshes/a0912_blue/A0912_4_0.dae
/home/kabirpuri/fuelbot_ws/install/my_doosan_pkg/share/my_doosan_pkg/description/meshes/m1013_white/MF1013_6_0.dae
/home/kabirpuri/fuelbot_ws/install/my_doosan_pkg/share/my_doosan_pkg/description/meshes/m1013_white/MF1013_3_0.dae
/home/kabirpuri/fuelbot_ws/install/my_doosan_pkg/share/my_doosan_pkg/description/meshes/m1013_white/MF1013_0_0.dae
/home/kabirpuri/fuelbot_ws/install/my_doosan_pkg/share/my_doosan_pkg/description/meshes/m1013_white/MF1013_4_0.dae
/home/kabirpuri/fuelbot_ws/install/my_doosan_pkg/share/my_doosan_pkg/description/meshes/m1013_white/MF1013_4_1.dae
/home/kabirpuri/fuelbot_ws/install/my_doosan_pkg/share/my_doosan_pkg/description/meshes/m1013_white/MF1013_2_2.dae
/home/kabirpuri/fuelbot_ws/install/my_doosan_pkg/share/my_doosan_pkg/description/meshes/m1013_white/MF1013_5_0.dae
/home/kabirpuri/fuelbot_ws/install/my_doosan_pkg/share/my_doosan_pkg/description/meshes/m1013_white/MF1013_1_0.dae
/home/kabirpuri/fuelbot_ws/install/my_doosan_pkg/share/my_doosan_pkg/description/meshes/m1013_white/MF1013_2_0.dae
/home/kabirpuri/fuelbot_ws/install/my_doosan_pkg/share/my_doosan_pkg/description/meshes/m1013_white/MF1013_2_1.dae
/home/kabirpuri/fuelbot_ws/install/my_doosan_pkg/lib/python3.10/site-packages/my_doosan_pkg-0.0.0-py3.10.egg-info/PKG-INFO
/home/kabirpuri/fuelbot_ws/install/my_doosan_pkg/lib/python3.10/site-packages/my_doosan_pkg-0.0.0-py3.10.egg-info/requires.txt
/home/kabirpuri/fuelbot_ws/install/my_doosan_pkg/lib/python3.10/site-packages/my_doosan_pkg-0.0.0-py3.10.egg-info/top_level.txt
/home/kabirpuri/fuelbot_ws/install/my_doosan_pkg/lib/python3.10/site-packages/my_doosan_pkg-0.0.0-py3.10.egg-info/dependency_links.txt
/home/kabirpuri/fuelbot_ws/install/my_doosan_pkg/lib/python3.10/site-packages/my_doosan_pkg-0.0.0-py3.10.egg-info/zip-safe
/home/kabirpuri/fuelbot_ws/install/my_doosan_pkg/lib/python3.10/site-packages/my_doosan_pkg-0.0.0-py3.10.egg-info/entry_points.txt
/home/kabirpuri/fuelbot_ws/install/my_doosan_pkg/lib/python3.10/site-packages/my_doosan_pkg-0.0.0-py3.10.egg-info/SOURCES.txt
/home/kabirpuri/fuelbot_ws/install/my_doosan_pkg/lib/my_doosan_pkg/trajectory_points_act_server
/home/kabirpuri/fuelbot_ws/install/my_doosan_pkg/lib/my_doosan_pkg/trajectory_points_topic
