[0.013s] Invoking command in '/home/kabirpuri/fuelbot_ws/build/ur_bringup': AMENT_PREFIX_PATH=/home/kabirpuri/fuelbot_ws/install/ur_controllers:/home/kabirpuri/fuelbot_ws/install/ur_dashboard_msgs:${AMENT_PREFIX_PATH} CMAKE_PREFIX_PATH=/home/kabirpuri/fuelbot_ws/install/ur_controllers:/home/kabirpuri/fuelbot_ws/install/ur_dashboard_msgs:/home/kabirpuri/fuelbot_ws/install/my_sphere_pkg:/home/kabirpuri/fuelbot_ws/install/my_environment_pkg:/home/kabirpuri/fuelbot_ws/install/my_doosan_pkg:/opt/ros/humble LD_LIBRARY_PATH=/home/kabirpuri/fuelbot_ws/install/ur_controllers/lib:/home/kabirpuri/fuelbot_ws/install/ur_dashboard_msgs/lib:${LD_LIBRARY_PATH} PYTHONPATH=/home/kabirpuri/fuelbot_ws/install/ur_dashboard_msgs/local/lib/python3.10/dist-packages:${PYTHONPATH} /usr/bin/cmake /home/kabirpuri/fuelbot_ws/src/Universal_Robots_ROS2_Driver/ur_bringup -DAMENT_CMAKE_SYMLINK_INSTALL=1 -DCMAKE_INSTALL_PREFIX=/home/kabirpuri/fuelbot_ws/install/ur_bringup
[0.083s] -- The C compiler identification is GNU 11.4.0
[0.125s] -- The CXX compiler identification is GNU 11.4.0
[0.130s] -- Detecting C compiler ABI info
[0.192s] -- Detecting C compiler ABI info - done
[0.196s] -- Check for working C compiler: /usr/bin/cc - skipped
[0.196s] -- Detecting C compile features
[0.197s] -- Detecting C compile features - done
[0.199s] -- Detecting CXX compiler ABI info
[0.264s] -- Detecting CXX compiler ABI info - done
[0.273s] -- Check for working CXX compiler: /usr/bin/c++ - skipped
[0.273s] -- Detecting CXX compile features
[0.273s] -- Detecting CXX compile features - done
[0.278s] -- Found ament_cmake: 1.3.11 (/opt/ros/humble/share/ament_cmake/cmake)
[0.393s] -- Found Python3: /usr/bin/python3 (found version "3.10.12") found components: Interpreter 
[0.439s] -- Override CMake install command with custom implementation using symlinks instead of copying resources
[0.525s] -- Configuring done
[0.527s] -- Generating done
[0.528s] -- Build files have been written to: /home/kabirpuri/fuelbot_ws/build/ur_bringup
[0.533s] Invoked command in '/home/kabirpuri/fuelbot_ws/build/ur_bringup' returned '0': AMENT_PREFIX_PATH=/home/kabirpuri/fuelbot_ws/install/ur_controllers:/home/kabirpuri/fuelbot_ws/install/ur_dashboard_msgs:${AMENT_PREFIX_PATH} CMAKE_PREFIX_PATH=/home/kabirpuri/fuelbot_ws/install/ur_controllers:/home/kabirpuri/fuelbot_ws/install/ur_dashboard_msgs:/home/kabirpuri/fuelbot_ws/install/my_sphere_pkg:/home/kabirpuri/fuelbot_ws/install/my_environment_pkg:/home/kabirpuri/fuelbot_ws/install/my_doosan_pkg:/opt/ros/humble LD_LIBRARY_PATH=/home/kabirpuri/fuelbot_ws/install/ur_controllers/lib:/home/kabirpuri/fuelbot_ws/install/ur_dashboard_msgs/lib:${LD_LIBRARY_PATH} PYTHONPATH=/home/kabirpuri/fuelbot_ws/install/ur_dashboard_msgs/local/lib/python3.10/dist-packages:${PYTHONPATH} /usr/bin/cmake /home/kabirpuri/fuelbot_ws/src/Universal_Robots_ROS2_Driver/ur_bringup -DAMENT_CMAKE_SYMLINK_INSTALL=1 -DCMAKE_INSTALL_PREFIX=/home/kabirpuri/fuelbot_ws/install/ur_bringup
[0.535s] Invoking command in '/home/kabirpuri/fuelbot_ws/build/ur_bringup': AMENT_PREFIX_PATH=/home/kabirpuri/fuelbot_ws/install/ur_controllers:/home/kabirpuri/fuelbot_ws/install/ur_dashboard_msgs:${AMENT_PREFIX_PATH} CMAKE_PREFIX_PATH=/home/kabirpuri/fuelbot_ws/install/ur_controllers:/home/kabirpuri/fuelbot_ws/install/ur_dashboard_msgs:/home/kabirpuri/fuelbot_ws/install/my_sphere_pkg:/home/kabirpuri/fuelbot_ws/install/my_environment_pkg:/home/kabirpuri/fuelbot_ws/install/my_doosan_pkg:/opt/ros/humble LD_LIBRARY_PATH=/home/kabirpuri/fuelbot_ws/install/ur_controllers/lib:/home/kabirpuri/fuelbot_ws/install/ur_dashboard_msgs/lib:${LD_LIBRARY_PATH} PYTHONPATH=/home/kabirpuri/fuelbot_ws/install/ur_dashboard_msgs/local/lib/python3.10/dist-packages:${PYTHONPATH} /usr/bin/cmake --build /home/kabirpuri/fuelbot_ws/build/ur_bringup -- -j16 -l16
[0.568s] Invoked command in '/home/kabirpuri/fuelbot_ws/build/ur_bringup' returned '0': AMENT_PREFIX_PATH=/home/kabirpuri/fuelbot_ws/install/ur_controllers:/home/kabirpuri/fuelbot_ws/install/ur_dashboard_msgs:${AMENT_PREFIX_PATH} CMAKE_PREFIX_PATH=/home/kabirpuri/fuelbot_ws/install/ur_controllers:/home/kabirpuri/fuelbot_ws/install/ur_dashboard_msgs:/home/kabirpuri/fuelbot_ws/install/my_sphere_pkg:/home/kabirpuri/fuelbot_ws/install/my_environment_pkg:/home/kabirpuri/fuelbot_ws/install/my_doosan_pkg:/opt/ros/humble LD_LIBRARY_PATH=/home/kabirpuri/fuelbot_ws/install/ur_controllers/lib:/home/kabirpuri/fuelbot_ws/install/ur_dashboard_msgs/lib:${LD_LIBRARY_PATH} PYTHONPATH=/home/kabirpuri/fuelbot_ws/install/ur_dashboard_msgs/local/lib/python3.10/dist-packages:${PYTHONPATH} /usr/bin/cmake --build /home/kabirpuri/fuelbot_ws/build/ur_bringup -- -j16 -l16
[0.570s] Invoking command in '/home/kabirpuri/fuelbot_ws/build/ur_bringup': AMENT_PREFIX_PATH=/home/kabirpuri/fuelbot_ws/install/ur_controllers:/home/kabirpuri/fuelbot_ws/install/ur_dashboard_msgs:${AMENT_PREFIX_PATH} CMAKE_PREFIX_PATH=/home/kabirpuri/fuelbot_ws/install/ur_controllers:/home/kabirpuri/fuelbot_ws/install/ur_dashboard_msgs:/home/kabirpuri/fuelbot_ws/install/my_sphere_pkg:/home/kabirpuri/fuelbot_ws/install/my_environment_pkg:/home/kabirpuri/fuelbot_ws/install/my_doosan_pkg:/opt/ros/humble LD_LIBRARY_PATH=/home/kabirpuri/fuelbot_ws/install/ur_controllers/lib:/home/kabirpuri/fuelbot_ws/install/ur_dashboard_msgs/lib:${LD_LIBRARY_PATH} PYTHONPATH=/home/kabirpuri/fuelbot_ws/install/ur_dashboard_msgs/local/lib/python3.10/dist-packages:${PYTHONPATH} /usr/bin/cmake --install /home/kabirpuri/fuelbot_ws/build/ur_bringup
[0.576s] -- Install configuration: ""
[0.576s] -- Execute custom install script
[0.577s] -- Symlinking: /home/kabirpuri/fuelbot_ws/install/ur_bringup/share/ur_bringup/config/test_goal_publishers_config.yaml
[0.584s] -- Symlinking: /home/kabirpuri/fuelbot_ws/install/ur_bringup/share/ur_bringup/config/test_velocity_goal_publishers_config.yaml
[0.590s] -- Symlinking: /home/kabirpuri/fuelbot_ws/install/ur_bringup/share/ur_bringup/config/ur10_update_rate.yaml
[0.597s] -- Symlinking: /home/kabirpuri/fuelbot_ws/install/ur_bringup/share/ur_bringup/config/ur10e_update_rate.yaml
[0.603s] -- Symlinking: /home/kabirpuri/fuelbot_ws/install/ur_bringup/share/ur_bringup/config/ur16e_update_rate.yaml
[0.610s] -- Symlinking: /home/kabirpuri/fuelbot_ws/install/ur_bringup/share/ur_bringup/config/ur3_update_rate.yaml
[0.617s] -- Symlinking: /home/kabirpuri/fuelbot_ws/install/ur_bringup/share/ur_bringup/config/ur3e_update_rate.yaml
[0.624s] -- Symlinking: /home/kabirpuri/fuelbot_ws/install/ur_bringup/share/ur_bringup/config/ur5_update_rate.yaml
[0.631s] -- Symlinking: /home/kabirpuri/fuelbot_ws/install/ur_bringup/share/ur_bringup/config/ur5e_update_rate.yaml
[0.640s] -- Symlinking: /home/kabirpuri/fuelbot_ws/install/ur_bringup/share/ur_bringup/config/ur_controllers.yaml
[0.647s] -- Symlinking: /home/kabirpuri/fuelbot_ws/install/ur_bringup/share/ur_bringup/launch/test_forward_velocity_controller.launch.py
[0.653s] -- Symlinking: /home/kabirpuri/fuelbot_ws/install/ur_bringup/share/ur_bringup/launch/test_joint_trajectory_controller.launch.py
[0.660s] -- Symlinking: /home/kabirpuri/fuelbot_ws/install/ur_bringup/share/ur_bringup/launch/test_scaled_joint_trajectory_controller.launch.py
[0.667s] -- Symlinking: /home/kabirpuri/fuelbot_ws/install/ur_bringup/share/ur_bringup/launch/ur10.launch.py
[0.673s] -- Symlinking: /home/kabirpuri/fuelbot_ws/install/ur_bringup/share/ur_bringup/launch/ur10e.launch.py
[0.681s] -- Symlinking: /home/kabirpuri/fuelbot_ws/install/ur_bringup/share/ur_bringup/launch/ur12e.launch.py
[0.688s] -- Symlinking: /home/kabirpuri/fuelbot_ws/install/ur_bringup/share/ur_bringup/launch/ur15.launch.py
[0.695s] -- Symlinking: /home/kabirpuri/fuelbot_ws/install/ur_bringup/share/ur_bringup/launch/ur16e.launch.py
[0.701s] -- Symlinking: /home/kabirpuri/fuelbot_ws/install/ur_bringup/share/ur_bringup/launch/ur20.launch.py
[0.708s] -- Symlinking: /home/kabirpuri/fuelbot_ws/install/ur_bringup/share/ur_bringup/launch/ur3.launch.py
[0.715s] -- Symlinking: /home/kabirpuri/fuelbot_ws/install/ur_bringup/share/ur_bringup/launch/ur30.launch.py
[0.721s] -- Symlinking: /home/kabirpuri/fuelbot_ws/install/ur_bringup/share/ur_bringup/launch/ur3e.launch.py
[0.728s] -- Symlinking: /home/kabirpuri/fuelbot_ws/install/ur_bringup/share/ur_bringup/launch/ur5.launch.py
[0.737s] -- Symlinking: /home/kabirpuri/fuelbot_ws/install/ur_bringup/share/ur_bringup/launch/ur5e.launch.py
[0.744s] -- Symlinking: /home/kabirpuri/fuelbot_ws/install/ur_bringup/share/ur_bringup/launch/ur7e.launch.py
[0.751s] -- Symlinking: /home/kabirpuri/fuelbot_ws/install/ur_bringup/share/ur_bringup/launch/ur_control.launch.py
[0.758s] -- Symlinking: /home/kabirpuri/fuelbot_ws/install/ur_bringup/share/ur_bringup/launch/ur_dashboard_client.launch.py
[0.765s] -- Symlinking: /home/kabirpuri/fuelbot_ws/install/ur_bringup/lib/ur_bringup/start_ursim.sh
[0.772s] -- Symlinking: /home/kabirpuri/fuelbot_ws/install/ur_bringup/share/ament_index/resource_index/package_run_dependencies/ur_bringup
[0.780s] -- Symlinking: /home/kabirpuri/fuelbot_ws/install/ur_bringup/share/ament_index/resource_index/parent_prefix_path/ur_bringup
[0.786s] -- Symlinking: /home/kabirpuri/fuelbot_ws/install/ur_bringup/share/ur_bringup/environment/ament_prefix_path.sh
[0.794s] -- Symlinking: /home/kabirpuri/fuelbot_ws/install/ur_bringup/share/ur_bringup/environment/ament_prefix_path.dsv
[0.801s] -- Symlinking: /home/kabirpuri/fuelbot_ws/install/ur_bringup/share/ur_bringup/environment/path.sh
[0.808s] -- Symlinking: /home/kabirpuri/fuelbot_ws/install/ur_bringup/share/ur_bringup/environment/path.dsv
[0.815s] -- Symlinking: /home/kabirpuri/fuelbot_ws/install/ur_bringup/share/ur_bringup/local_setup.bash
[0.823s] -- Symlinking: /home/kabirpuri/fuelbot_ws/install/ur_bringup/share/ur_bringup/local_setup.sh
[0.831s] -- Symlinking: /home/kabirpuri/fuelbot_ws/install/ur_bringup/share/ur_bringup/local_setup.zsh
[0.841s] -- Symlinking: /home/kabirpuri/fuelbot_ws/install/ur_bringup/share/ur_bringup/local_setup.dsv
[0.849s] -- Symlinking: /home/kabirpuri/fuelbot_ws/install/ur_bringup/share/ur_bringup/package.dsv
[0.856s] -- Symlinking: /home/kabirpuri/fuelbot_ws/install/ur_bringup/share/ament_index/resource_index/packages/ur_bringup
[0.862s] -- Symlinking: /home/kabirpuri/fuelbot_ws/install/ur_bringup/share/ur_bringup/cmake/ur_bringupConfig.cmake
[0.870s] -- Symlinking: /home/kabirpuri/fuelbot_ws/install/ur_bringup/share/ur_bringup/cmake/ur_bringupConfig-version.cmake
[0.878s] -- Symlinking: /home/kabirpuri/fuelbot_ws/install/ur_bringup/share/ur_bringup/package.xml
[0.887s] Invoked command in '/home/kabirpuri/fuelbot_ws/build/ur_bringup' returned '0': AMENT_PREFIX_PATH=/home/kabirpuri/fuelbot_ws/install/ur_controllers:/home/kabirpuri/fuelbot_ws/install/ur_dashboard_msgs:${AMENT_PREFIX_PATH} CMAKE_PREFIX_PATH=/home/kabirpuri/fuelbot_ws/install/ur_controllers:/home/kabirpuri/fuelbot_ws/install/ur_dashboard_msgs:/home/kabirpuri/fuelbot_ws/install/my_sphere_pkg:/home/kabirpuri/fuelbot_ws/install/my_environment_pkg:/home/kabirpuri/fuelbot_ws/install/my_doosan_pkg:/opt/ros/humble LD_LIBRARY_PATH=/home/kabirpuri/fuelbot_ws/install/ur_controllers/lib:/home/kabirpuri/fuelbot_ws/install/ur_dashboard_msgs/lib:${LD_LIBRARY_PATH} PYTHONPATH=/home/kabirpuri/fuelbot_ws/install/ur_dashboard_msgs/local/lib/python3.10/dist-packages:${PYTHONPATH} /usr/bin/cmake --install /home/kabirpuri/fuelbot_ws/build/ur_bringup
