[0.011s] Invoking command in '/home/kabirpuri/fuelbot_ws/build/ur_moveit_config': CMAKE_PREFIX_PATH=${CMAKE_PREFIX_PATH}:/home/kabirpuri/fuelbot_ws/install/my_sphere_pkg:/home/kabirpuri/fuelbot_ws/install/my_moveit_controller:/home/kabirpuri/fuelbot_ws/install/my_environment_pkg:/home/kabirpuri/fuelbot_ws/install/my_doosan_pkg:/opt/ros/humble /usr/bin/cmake /home/kabirpuri/fuelbot_ws/src/Universal_Robots_ROS2_Driver/ur_moveit_config -DCMAKE_INSTALL_PREFIX=/home/kabirpuri/fuelbot_ws/install/ur_moveit_config
[0.020s] -- Found ament_cmake: 1.3.11 (/opt/ros/humble/share/ament_cmake/cmake)
[0.105s] -- Override CMake install command with custom implementation using symlinks instead of copying resources
[0.205s] -- Configuring done
[0.207s] -- Generating done
[0.209s] -- Build files have been written to: /home/kabirpuri/fuelbot_ws/build/ur_moveit_config
[0.213s] Invoked command in '/home/kabirpuri/fuelbot_ws/build/ur_moveit_config' returned '0': CMAKE_PREFIX_PATH=${CMAKE_PREFIX_PATH}:/home/kabirpuri/fuelbot_ws/install/my_sphere_pkg:/home/kabirpuri/fuelbot_ws/install/my_moveit_controller:/home/kabirpuri/fuelbot_ws/install/my_environment_pkg:/home/kabirpuri/fuelbot_ws/install/my_doosan_pkg:/opt/ros/humble /usr/bin/cmake /home/kabirpuri/fuelbot_ws/src/Universal_Robots_ROS2_Driver/ur_moveit_config -DCMAKE_INSTALL_PREFIX=/home/kabirpuri/fuelbot_ws/install/ur_moveit_config
[0.215s] Invoking command in '/home/kabirpuri/fuelbot_ws/build/ur_moveit_config': CMAKE_PREFIX_PATH=${CMAKE_PREFIX_PATH}:/home/kabirpuri/fuelbot_ws/install/my_sphere_pkg:/home/kabirpuri/fuelbot_ws/install/my_moveit_controller:/home/kabirpuri/fuelbot_ws/install/my_environment_pkg:/home/kabirpuri/fuelbot_ws/install/my_doosan_pkg:/opt/ros/humble /usr/bin/cmake --build /home/kabirpuri/fuelbot_ws/build/ur_moveit_config -- -j16 -l16
[0.268s] Built target ament_cmake_python_symlink_ur_moveit_config
[0.425s] running egg_info
[0.425s] writing ur_moveit_config.egg-info/PKG-INFO
[0.426s] writing dependency_links to ur_moveit_config.egg-info/dependency_links.txt
[0.426s] writing top-level names to ur_moveit_config.egg-info/top_level.txt
[0.428s] reading manifest file 'ur_moveit_config.egg-info/SOURCES.txt'
[0.428s] writing manifest file 'ur_moveit_config.egg-info/SOURCES.txt'
[0.455s] Built target ament_cmake_python_build_ur_moveit_config_egg
[0.467s] Invoked command in '/home/kabirpuri/fuelbot_ws/build/ur_moveit_config' returned '0': CMAKE_PREFIX_PATH=${CMAKE_PREFIX_PATH}:/home/kabirpuri/fuelbot_ws/install/my_sphere_pkg:/home/kabirpuri/fuelbot_ws/install/my_moveit_controller:/home/kabirpuri/fuelbot_ws/install/my_environment_pkg:/home/kabirpuri/fuelbot_ws/install/my_doosan_pkg:/opt/ros/humble /usr/bin/cmake --build /home/kabirpuri/fuelbot_ws/build/ur_moveit_config -- -j16 -l16
[0.477s] Invoking command in '/home/kabirpuri/fuelbot_ws/build/ur_moveit_config': CMAKE_PREFIX_PATH=${CMAKE_PREFIX_PATH}:/home/kabirpuri/fuelbot_ws/install/my_sphere_pkg:/home/kabirpuri/fuelbot_ws/install/my_moveit_controller:/home/kabirpuri/fuelbot_ws/install/my_environment_pkg:/home/kabirpuri/fuelbot_ws/install/my_doosan_pkg:/opt/ros/humble /usr/bin/cmake --install /home/kabirpuri/fuelbot_ws/build/ur_moveit_config
[0.485s] -- Install configuration: ""
[0.485s] -- Execute custom install script
[0.485s] -- Up-to-date symlink: /home/kabirpuri/fuelbot_ws/install/ur_moveit_config/share/ur_moveit_config/config/controllers.yaml
[0.485s] -- Up-to-date symlink: /home/kabirpuri/fuelbot_ws/install/ur_moveit_config/share/ur_moveit_config/config/joint_limits.yaml
[0.485s] -- Up-to-date symlink: /home/kabirpuri/fuelbot_ws/install/ur_moveit_config/share/ur_moveit_config/config/kinematics.yaml
[0.485s] -- Up-to-date symlink: /home/kabirpuri/fuelbot_ws/install/ur_moveit_config/share/ur_moveit_config/config/ompl_planning.yaml
[0.485s] -- Up-to-date symlink: /home/kabirpuri/fuelbot_ws/install/ur_moveit_config/share/ur_moveit_config/config/ur_servo.yaml
[0.485s] -- Up-to-date symlink: /home/kabirpuri/fuelbot_ws/install/ur_moveit_config/share/ur_moveit_config/launch/ur_moveit.launch.py
[0.485s] -- Up-to-date symlink: /home/kabirpuri/fuelbot_ws/install/ur_moveit_config/share/ur_moveit_config/rviz/view_robot.rviz
[0.486s] -- Up-to-date symlink: /home/kabirpuri/fuelbot_ws/install/ur_moveit_config/share/ur_moveit_config/srdf/ur.srdf.xacro
[0.486s] -- Up-to-date symlink: /home/kabirpuri/fuelbot_ws/install/ur_moveit_config/share/ur_moveit_config/srdf/ur_macro.srdf.xacro
[0.486s] -- Up-to-date symlink: /home/kabirpuri/fuelbot_ws/install/ur_moveit_config/share/ur_moveit_config/environment/pythonpath.sh
[0.486s] -- Up-to-date symlink: /home/kabirpuri/fuelbot_ws/install/ur_moveit_config/share/ur_moveit_config/environment/pythonpath.dsv
[0.486s] -- Up-to-date symlink: /home/kabirpuri/fuelbot_ws/install/ur_moveit_config/local/lib/python3.10/dist-packages/ur_moveit_config-2.8.0-py3.10.egg-info/PKG-INFO
[0.486s] -- Up-to-date symlink: /home/kabirpuri/fuelbot_ws/install/ur_moveit_config/local/lib/python3.10/dist-packages/ur_moveit_config-2.8.0-py3.10.egg-info/SOURCES.txt
[0.486s] -- Up-to-date symlink: /home/kabirpuri/fuelbot_ws/install/ur_moveit_config/local/lib/python3.10/dist-packages/ur_moveit_config-2.8.0-py3.10.egg-info/dependency_links.txt
[0.486s] -- Up-to-date symlink: /home/kabirpuri/fuelbot_ws/install/ur_moveit_config/local/lib/python3.10/dist-packages/ur_moveit_config-2.8.0-py3.10.egg-info/top_level.txt
[0.486s] -- Up-to-date symlink: /home/kabirpuri/fuelbot_ws/install/ur_moveit_config/local/lib/python3.10/dist-packages/ur_moveit_config/__init__.py
[0.486s] -- Up-to-date symlink: /home/kabirpuri/fuelbot_ws/install/ur_moveit_config/local/lib/python3.10/dist-packages/ur_moveit_config/launch_common.py
[0.487s] -- Up-to-date symlink: /home/kabirpuri/fuelbot_ws/install/ur_moveit_config/local/lib/python3.10/dist-packages/launch_common.py
[0.487s] -- Up-to-date symlink: /home/kabirpuri/fuelbot_ws/install/ur_moveit_config/share/ament_index/resource_index/package_run_dependencies/ur_moveit_config
[0.487s] -- Up-to-date symlink: /home/kabirpuri/fuelbot_ws/install/ur_moveit_config/share/ament_index/resource_index/parent_prefix_path/ur_moveit_config
[0.487s] -- Up-to-date symlink: /home/kabirpuri/fuelbot_ws/install/ur_moveit_config/share/ur_moveit_config/environment/ament_prefix_path.sh
[0.487s] -- Up-to-date symlink: /home/kabirpuri/fuelbot_ws/install/ur_moveit_config/share/ur_moveit_config/environment/ament_prefix_path.dsv
[0.487s] -- Up-to-date symlink: /home/kabirpuri/fuelbot_ws/install/ur_moveit_config/share/ur_moveit_config/environment/path.sh
[0.487s] -- Up-to-date symlink: /home/kabirpuri/fuelbot_ws/install/ur_moveit_config/share/ur_moveit_config/environment/path.dsv
[0.487s] -- Up-to-date symlink: /home/kabirpuri/fuelbot_ws/install/ur_moveit_config/share/ur_moveit_config/local_setup.bash
[0.487s] -- Up-to-date symlink: /home/kabirpuri/fuelbot_ws/install/ur_moveit_config/share/ur_moveit_config/local_setup.sh
[0.487s] -- Up-to-date symlink: /home/kabirpuri/fuelbot_ws/install/ur_moveit_config/share/ur_moveit_config/local_setup.zsh
[0.487s] -- Up-to-date symlink: /home/kabirpuri/fuelbot_ws/install/ur_moveit_config/share/ur_moveit_config/local_setup.dsv
[0.487s] -- Symlinking: /home/kabirpuri/fuelbot_ws/install/ur_moveit_config/share/ur_moveit_config/package.dsv
[0.497s] -- Up-to-date symlink: /home/kabirpuri/fuelbot_ws/install/ur_moveit_config/share/ament_index/resource_index/packages/ur_moveit_config
[0.497s] -- Up-to-date symlink: /home/kabirpuri/fuelbot_ws/install/ur_moveit_config/share/ur_moveit_config/cmake/ur_moveit_configConfig.cmake
[0.498s] -- Up-to-date symlink: /home/kabirpuri/fuelbot_ws/install/ur_moveit_config/share/ur_moveit_config/cmake/ur_moveit_configConfig-version.cmake
[0.498s] -- Up-to-date symlink: /home/kabirpuri/fuelbot_ws/install/ur_moveit_config/share/ur_moveit_config/package.xml
[0.522s] Listing '/home/kabirpuri/fuelbot_ws/install/ur_moveit_config/local/lib/python3.10/dist-packages/ur_moveit_config'...
[0.557s] Invoked command in '/home/kabirpuri/fuelbot_ws/build/ur_moveit_config' returned '0': CMAKE_PREFIX_PATH=${CMAKE_PREFIX_PATH}:/home/kabirpuri/fuelbot_ws/install/my_sphere_pkg:/home/kabirpuri/fuelbot_ws/install/my_moveit_controller:/home/kabirpuri/fuelbot_ws/install/my_environment_pkg:/home/kabirpuri/fuelbot_ws/install/my_doosan_pkg:/opt/ros/humble /usr/bin/cmake --install /home/kabirpuri/fuelbot_ws/build/ur_moveit_config
