[0.020s] Invoking command in '/home/kabirpuri/fuelbot_ws/build/ur_calibration': AMENT_PREFIX_PATH=/home/kabirpuri/fuelbot_ws/install/ur_robot_driver:/home/kabirpuri/fuelbot_ws/install/ur_controllers:/home/kabirpuri/fuelbot_ws/install/ur_dashboard_msgs:${AMENT_PREFIX_PATH} CMAKE_PREFIX_PATH=/home/kabirpuri/fuelbot_ws/install/ur_robot_driver:/home/kabirpuri/fuelbot_ws/install/ur_controllers:/home/kabirpuri/fuelbot_ws/install/ur_dashboard_msgs:/home/kabirpuri/fuelbot_ws/install/my_sphere_pkg:/home/kabirpuri/fuelbot_ws/install/my_environment_pkg:/home/kabirpuri/fuelbot_ws/install/my_doosan_pkg:/opt/ros/humble LD_LIBRARY_PATH=/home/kabirpuri/fuelbot_ws/install/ur_robot_driver/lib:/home/kabirpuri/fuelbot_ws/install/ur_controllers/lib:/home/kabirpuri/fuelbot_ws/install/ur_dashboard_msgs/lib:${LD_LIBRARY_PATH} PATH=/home/kabirpuri/fuelbot_ws/install/ur_robot_driver/bin:${PATH} PYTHONPATH=/home/kabirpuri/fuelbot_ws/install/ur_robot_driver/local/lib/python3.10/dist-packages:/home/kabirpuri/fuelbot_ws/install/ur_dashboard_msgs/local/lib/python3.10/dist-packages:${PYTHONPATH} /usr/bin/cmake /home/kabirpuri/fuelbot_ws/src/Universal_Robots_ROS2_Driver/ur_calibration -DAMENT_CMAKE_SYMLINK_INSTALL=1 -DCMAKE_INSTALL_PREFIX=/home/kabirpuri/fuelbot_ws/install/ur_calibration
[0.086s] -- The C compiler identification is GNU 11.4.0
[0.126s] -- The CXX compiler identification is GNU 11.4.0
[0.132s] -- Detecting C compiler ABI info
[0.193s] -- Detecting C compiler ABI info - done
[0.205s] -- Check for working C compiler: /usr/bin/cc - skipped
[0.206s] -- Detecting C compile features
[0.206s] -- Detecting C compile features - done
[0.211s] -- Detecting CXX compiler ABI info
[0.301s] -- Detecting CXX compiler ABI info - done
[0.314s] -- Check for working CXX compiler: /usr/bin/c++ - skipped
[0.315s] -- Detecting CXX compile features
[0.315s] -- Detecting CXX compile features - done
[0.316s] [0mur_calibration: You did not request a specific build type: selecting 'RelWithDebInfo'.[0m
[0.321s] -- Found ament_cmake: 1.3.11 (/opt/ros/humble/share/ament_cmake/cmake)
[0.433s] -- Found Python3: /usr/bin/python3 (found version "3.10.12") found components: Interpreter 
[0.476s] -- Override CMake install command with custom implementation using symlinks instead of copying resources
[0.525s] -- Found rclcpp: 16.0.12 (/opt/ros/humble/share/rclcpp/cmake)
[0.557s] -- Found rosidl_generator_c: 3.1.6 (/opt/ros/humble/share/rosidl_generator_c/cmake)
[0.561s] -- Found rosidl_adapter: 3.1.6 (/opt/ros/humble/share/rosidl_adapter/cmake)
[0.567s] -- Found rosidl_generator_cpp: 3.1.6 (/opt/ros/humble/share/rosidl_generator_cpp/cmake)
[0.575s] -- Using all available rosidl_typesupport_c: rosidl_typesupport_fastrtps_c;rosidl_typesupport_introspection_c
[0.585s] -- Using all available rosidl_typesupport_cpp: rosidl_typesupport_fastrtps_cpp;rosidl_typesupport_introspection_cpp
[0.619s] -- Found rmw_implementation_cmake: 6.1.2 (/opt/ros/humble/share/rmw_implementation_cmake/cmake)
[0.621s] -- Found rmw_fastrtps_cpp: 6.2.7 (/opt/ros/humble/share/rmw_fastrtps_cpp/cmake)
[0.705s] -- Found OpenSSL: /usr/lib/x86_64-linux-gnu/libcrypto.so (found version "3.0.2")  
[0.724s] -- Found FastRTPS: /opt/ros/humble/include  
[0.757s] -- Using RMW implementation 'rmw_fastrtps_cpp' as default
[0.764s] -- Looking for pthread.h
[0.827s] -- Looking for pthread.h - found
[0.827s] -- Performing Test CMAKE_HAVE_LIBC_PTHREAD
[0.891s] -- Performing Test CMAKE_HAVE_LIBC_PTHREAD - Success
[0.892s] -- Found Threads: TRUE  
[0.941s] -- Found ur_robot_driver: 2.8.0 (/home/kabirpuri/fuelbot_ws/install/ur_robot_driver/share/ur_robot_driver/cmake)
[1.096s] -- Found eigen3_cmake_module: 0.1.1 (/opt/ros/humble/share/eigen3_cmake_module/cmake)
[1.096s] -- Found Eigen3: TRUE (found version "3.4.0") 
[1.096s] -- Ensuring Eigen3 include directory is part of orocos-kdl CMake target
[1.163s] -- Found yaml_cpp_vendor: 8.0.2 (/opt/ros/humble/share/yaml_cpp_vendor/cmake)
[1.198s] -- Found ament_cmake_gmock: 1.3.11 (/opt/ros/humble/share/ament_cmake_gmock/cmake)
[1.199s] -- Found gmock sources under '/opt/ros/humble/src/gmock_vendor': C++ tests using 'Google Mock' will be built
[1.203s] -- Found ament_cmake_gtest: 1.3.11 (/opt/ros/humble/share/ament_cmake_gtest/cmake)
[1.204s] -- Found gtest sources under '/opt/ros/humble/src/gtest_vendor': C++ tests using 'Google Test' will be built
[1.252s] -- Configuring done
[1.317s] -- Generating done
[1.323s] -- Build files have been written to: /home/kabirpuri/fuelbot_ws/build/ur_calibration
[1.334s] Invoked command in '/home/kabirpuri/fuelbot_ws/build/ur_calibration' returned '0': AMENT_PREFIX_PATH=/home/kabirpuri/fuelbot_ws/install/ur_robot_driver:/home/kabirpuri/fuelbot_ws/install/ur_controllers:/home/kabirpuri/fuelbot_ws/install/ur_dashboard_msgs:${AMENT_PREFIX_PATH} CMAKE_PREFIX_PATH=/home/kabirpuri/fuelbot_ws/install/ur_robot_driver:/home/kabirpuri/fuelbot_ws/install/ur_controllers:/home/kabirpuri/fuelbot_ws/install/ur_dashboard_msgs:/home/kabirpuri/fuelbot_ws/install/my_sphere_pkg:/home/kabirpuri/fuelbot_ws/install/my_environment_pkg:/home/kabirpuri/fuelbot_ws/install/my_doosan_pkg:/opt/ros/humble LD_LIBRARY_PATH=/home/kabirpuri/fuelbot_ws/install/ur_robot_driver/lib:/home/kabirpuri/fuelbot_ws/install/ur_controllers/lib:/home/kabirpuri/fuelbot_ws/install/ur_dashboard_msgs/lib:${LD_LIBRARY_PATH} PATH=/home/kabirpuri/fuelbot_ws/install/ur_robot_driver/bin:${PATH} PYTHONPATH=/home/kabirpuri/fuelbot_ws/install/ur_robot_driver/local/lib/python3.10/dist-packages:/home/kabirpuri/fuelbot_ws/install/ur_dashboard_msgs/local/lib/python3.10/dist-packages:${PYTHONPATH} /usr/bin/cmake /home/kabirpuri/fuelbot_ws/src/Universal_Robots_ROS2_Driver/ur_calibration -DAMENT_CMAKE_SYMLINK_INSTALL=1 -DCMAKE_INSTALL_PREFIX=/home/kabirpuri/fuelbot_ws/install/ur_calibration
[1.338s] Invoking command in '/home/kabirpuri/fuelbot_ws/build/ur_calibration': AMENT_PREFIX_PATH=/home/kabirpuri/fuelbot_ws/install/ur_robot_driver:/home/kabirpuri/fuelbot_ws/install/ur_controllers:/home/kabirpuri/fuelbot_ws/install/ur_dashboard_msgs:${AMENT_PREFIX_PATH} CMAKE_PREFIX_PATH=/home/kabirpuri/fuelbot_ws/install/ur_robot_driver:/home/kabirpuri/fuelbot_ws/install/ur_controllers:/home/kabirpuri/fuelbot_ws/install/ur_dashboard_msgs:/home/kabirpuri/fuelbot_ws/install/my_sphere_pkg:/home/kabirpuri/fuelbot_ws/install/my_environment_pkg:/home/kabirpuri/fuelbot_ws/install/my_doosan_pkg:/opt/ros/humble LD_LIBRARY_PATH=/home/kabirpuri/fuelbot_ws/install/ur_robot_driver/lib:/home/kabirpuri/fuelbot_ws/install/ur_controllers/lib:/home/kabirpuri/fuelbot_ws/install/ur_dashboard_msgs/lib:${LD_LIBRARY_PATH} PATH=/home/kabirpuri/fuelbot_ws/install/ur_robot_driver/bin:${PATH} PYTHONPATH=/home/kabirpuri/fuelbot_ws/install/ur_robot_driver/local/lib/python3.10/dist-packages:/home/kabirpuri/fuelbot_ws/install/ur_dashboard_msgs/local/lib/python3.10/dist-packages:${PYTHONPATH} /usr/bin/cmake --build /home/kabirpuri/fuelbot_ws/build/ur_calibration -- -j16 -l16
[1.385s] [ 41%] [32mBuilding CXX object CMakeFiles/calibration.dir/src/calibration_consumer.cpp.o[0m
[1.385s] [ 41%] [32mBuilding CXX object gmock/CMakeFiles/gmock.dir/src/gmock-all.cc.o[0m
[1.386s] [ 41%] [32mBuilding CXX object CMakeFiles/calibration.dir/src/calibration.cpp.o[0m
[1.386s] [ 41%] [32mBuilding CXX object gmock/CMakeFiles/gmock_main.dir/src/gmock_main.cc.o[0m
[1.386s] [ 41%] [32mBuilding CXX object gmock/CMakeFiles/gmock.dir/opt/ros/humble/src/gtest_vendor/src/gtest-all.cc.o[0m
[2.389s] [ 50%] [32m[1mLinking CXX static library libgmock_main.a[0m
[2.430s] [ 50%] Built target gmock_main
[7.990s] [ 58%] [32m[1mLinking CXX static library libgmock.a[0m
[8.078s] [ 58%] Built target gmock
[8.092s] [ 66%] [32m[1mLinking CXX static library libcalibration.a[0m
[8.160s] [ 66%] Built target calibration
[8.181s] [ 83%] [32mBuilding CXX object CMakeFiles/calibration_test.dir/test/calibration_test.cpp.o[0m
[8.181s] [ 83%] [32mBuilding CXX object CMakeFiles/calibration_correction.dir/src/calibration_correction.cpp.o[0m
[12.904s] [ 91%] [32m[1mLinking CXX executable calibration_correction[0m
[13.149s] [ 91%] Built target calibration_correction
[14.127s] [100%] [32m[1mLinking CXX executable calibration_test[0m
[14.355s] [100%] Built target calibration_test
[14.364s] Invoked command in '/home/kabirpuri/fuelbot_ws/build/ur_calibration' returned '0': AMENT_PREFIX_PATH=/home/kabirpuri/fuelbot_ws/install/ur_robot_driver:/home/kabirpuri/fuelbot_ws/install/ur_controllers:/home/kabirpuri/fuelbot_ws/install/ur_dashboard_msgs:${AMENT_PREFIX_PATH} CMAKE_PREFIX_PATH=/home/kabirpuri/fuelbot_ws/install/ur_robot_driver:/home/kabirpuri/fuelbot_ws/install/ur_controllers:/home/kabirpuri/fuelbot_ws/install/ur_dashboard_msgs:/home/kabirpuri/fuelbot_ws/install/my_sphere_pkg:/home/kabirpuri/fuelbot_ws/install/my_environment_pkg:/home/kabirpuri/fuelbot_ws/install/my_doosan_pkg:/opt/ros/humble LD_LIBRARY_PATH=/home/kabirpuri/fuelbot_ws/install/ur_robot_driver/lib:/home/kabirpuri/fuelbot_ws/install/ur_controllers/lib:/home/kabirpuri/fuelbot_ws/install/ur_dashboard_msgs/lib:${LD_LIBRARY_PATH} PATH=/home/kabirpuri/fuelbot_ws/install/ur_robot_driver/bin:${PATH} PYTHONPATH=/home/kabirpuri/fuelbot_ws/install/ur_robot_driver/local/lib/python3.10/dist-packages:/home/kabirpuri/fuelbot_ws/install/ur_dashboard_msgs/local/lib/python3.10/dist-packages:${PYTHONPATH} /usr/bin/cmake --build /home/kabirpuri/fuelbot_ws/build/ur_calibration -- -j16 -l16
[14.366s] Invoking command in '/home/kabirpuri/fuelbot_ws/build/ur_calibration': AMENT_PREFIX_PATH=/home/kabirpuri/fuelbot_ws/install/ur_robot_driver:/home/kabirpuri/fuelbot_ws/install/ur_controllers:/home/kabirpuri/fuelbot_ws/install/ur_dashboard_msgs:${AMENT_PREFIX_PATH} CMAKE_PREFIX_PATH=/home/kabirpuri/fuelbot_ws/install/ur_robot_driver:/home/kabirpuri/fuelbot_ws/install/ur_controllers:/home/kabirpuri/fuelbot_ws/install/ur_dashboard_msgs:/home/kabirpuri/fuelbot_ws/install/my_sphere_pkg:/home/kabirpuri/fuelbot_ws/install/my_environment_pkg:/home/kabirpuri/fuelbot_ws/install/my_doosan_pkg:/opt/ros/humble LD_LIBRARY_PATH=/home/kabirpuri/fuelbot_ws/install/ur_robot_driver/lib:/home/kabirpuri/fuelbot_ws/install/ur_controllers/lib:/home/kabirpuri/fuelbot_ws/install/ur_dashboard_msgs/lib:${LD_LIBRARY_PATH} PATH=/home/kabirpuri/fuelbot_ws/install/ur_robot_driver/bin:${PATH} PYTHONPATH=/home/kabirpuri/fuelbot_ws/install/ur_robot_driver/local/lib/python3.10/dist-packages:/home/kabirpuri/fuelbot_ws/install/ur_dashboard_msgs/local/lib/python3.10/dist-packages:${PYTHONPATH} /usr/bin/cmake --install /home/kabirpuri/fuelbot_ws/build/ur_calibration
[14.372s] -- Install configuration: "RelWithDebInfo"
[14.372s] -- Execute custom install script
[14.372s] -- Symlinking: /home/kabirpuri/fuelbot_ws/install/ur_calibration/lib/ur_calibration/calibration_correction
[14.379s] -- Symlinking: /home/kabirpuri/fuelbot_ws/install/ur_calibration/include/ur_calibration/calibration.hpp
[14.385s] -- Symlinking: /home/kabirpuri/fuelbot_ws/install/ur_calibration/include/ur_calibration/calibration_consumer.hpp
[14.392s] -- Symlinking: /home/kabirpuri/fuelbot_ws/install/ur_calibration/share/ur_calibration/launch/calibration_correction.launch.py
[14.400s] -- Symlinking: /home/kabirpuri/fuelbot_ws/install/ur_calibration/share/ament_index/resource_index/package_run_dependencies/ur_calibration
[14.407s] -- Symlinking: /home/kabirpuri/fuelbot_ws/install/ur_calibration/share/ament_index/resource_index/parent_prefix_path/ur_calibration
[14.413s] -- Symlinking: /home/kabirpuri/fuelbot_ws/install/ur_calibration/share/ur_calibration/environment/ament_prefix_path.sh
[14.419s] -- Symlinking: /home/kabirpuri/fuelbot_ws/install/ur_calibration/share/ur_calibration/environment/ament_prefix_path.dsv
[14.425s] -- Symlinking: /home/kabirpuri/fuelbot_ws/install/ur_calibration/share/ur_calibration/environment/path.sh
[14.432s] -- Symlinking: /home/kabirpuri/fuelbot_ws/install/ur_calibration/share/ur_calibration/environment/path.dsv
[14.439s] -- Symlinking: /home/kabirpuri/fuelbot_ws/install/ur_calibration/share/ur_calibration/local_setup.bash
[14.448s] -- Symlinking: /home/kabirpuri/fuelbot_ws/install/ur_calibration/share/ur_calibration/local_setup.sh
[14.454s] -- Symlinking: /home/kabirpuri/fuelbot_ws/install/ur_calibration/share/ur_calibration/local_setup.zsh
[14.461s] -- Symlinking: /home/kabirpuri/fuelbot_ws/install/ur_calibration/share/ur_calibration/local_setup.dsv
[14.467s] -- Symlinking: /home/kabirpuri/fuelbot_ws/install/ur_calibration/share/ur_calibration/package.dsv
[14.474s] -- Symlinking: /home/kabirpuri/fuelbot_ws/install/ur_calibration/share/ament_index/resource_index/packages/ur_calibration
[14.481s] -- Symlinking: /home/kabirpuri/fuelbot_ws/install/ur_calibration/share/ur_calibration/cmake/ament_cmake_export_include_directories-extras.cmake
[14.489s] -- Symlinking: /home/kabirpuri/fuelbot_ws/install/ur_calibration/share/ur_calibration/cmake/ament_cmake_export_dependencies-extras.cmake
[14.499s] -- Symlinking: /home/kabirpuri/fuelbot_ws/install/ur_calibration/share/ur_calibration/cmake/ur_calibrationConfig.cmake
[14.506s] -- Symlinking: /home/kabirpuri/fuelbot_ws/install/ur_calibration/share/ur_calibration/cmake/ur_calibrationConfig-version.cmake
[14.512s] -- Symlinking: /home/kabirpuri/fuelbot_ws/install/ur_calibration/share/ur_calibration/package.xml
[14.521s] Invoked command in '/home/kabirpuri/fuelbot_ws/build/ur_calibration' returned '0': AMENT_PREFIX_PATH=/home/kabirpuri/fuelbot_ws/install/ur_robot_driver:/home/kabirpuri/fuelbot_ws/install/ur_controllers:/home/kabirpuri/fuelbot_ws/install/ur_dashboard_msgs:${AMENT_PREFIX_PATH} CMAKE_PREFIX_PATH=/home/kabirpuri/fuelbot_ws/install/ur_robot_driver:/home/kabirpuri/fuelbot_ws/install/ur_controllers:/home/kabirpuri/fuelbot_ws/install/ur_dashboard_msgs:/home/kabirpuri/fuelbot_ws/install/my_sphere_pkg:/home/kabirpuri/fuelbot_ws/install/my_environment_pkg:/home/kabirpuri/fuelbot_ws/install/my_doosan_pkg:/opt/ros/humble LD_LIBRARY_PATH=/home/kabirpuri/fuelbot_ws/install/ur_robot_driver/lib:/home/kabirpuri/fuelbot_ws/install/ur_controllers/lib:/home/kabirpuri/fuelbot_ws/install/ur_dashboard_msgs/lib:${LD_LIBRARY_PATH} PATH=/home/kabirpuri/fuelbot_ws/install/ur_robot_driver/bin:${PATH} PYTHONPATH=/home/kabirpuri/fuelbot_ws/install/ur_robot_driver/local/lib/python3.10/dist-packages:/home/kabirpuri/fuelbot_ws/install/ur_dashboard_msgs/local/lib/python3.10/dist-packages:${PYTHONPATH} /usr/bin/cmake --install /home/kabirpuri/fuelbot_ws/build/ur_calibration
