running egg_info
writing ../../../build/my_sphere_pkg/my_sphere_pkg.egg-info/PKG-INFO
writing dependency_links to ../../../build/my_sphere_pkg/my_sphere_pkg.egg-info/dependency_links.txt
writing entry points to ../../../build/my_sphere_pkg/my_sphere_pkg.egg-info/entry_points.txt
writing requirements to ../../../build/my_sphere_pkg/my_sphere_pkg.egg-info/requires.txt
writing top-level names to ../../../build/my_sphere_pkg/my_sphere_pkg.egg-info/top_level.txt
reading manifest file '../../../build/my_sphere_pkg/my_sphere_pkg.egg-info/SOURCES.txt'
writing manifest file '../../../build/my_sphere_pkg/my_sphere_pkg.egg-info/SOURCES.txt'
running build
running build_py
running install
running install_lib
running install_data
running install_egg_info
removing '/home/kabirpuri/fuelbot_ws/install/my_sphere_pkg/lib/python3.10/site-packages/my_sphere_pkg-0.0.0-py3.10.egg-info' (and everything under it)
Copying ../../../build/my_sphere_pkg/my_sphere_pkg.egg-info to /home/kabirpuri/fuelbot_ws/install/my_sphere_pkg/lib/python3.10/site-packages/my_sphere_pkg-0.0.0-py3.10.egg-info
running install_scripts
Installing my_client_node script to /home/kabirpuri/fuelbot_ws/install/my_sphere_pkg/lib/my_sphere_pkg
Installing reader_mark_node script to /home/kabirpuri/fuelbot_ws/install/my_sphere_pkg/lib/my_sphere_pkg
writing list of installed files to '/home/kabirpuri/fuelbot_ws/build/my_sphere_pkg/install.log'
