[0.016s] Invoking command in '/home/kabirpuri/fuelbot_ws/build/ur_simulation_gazebo': CMAKE_PREFIX_PATH=/home/kabirpuri/fuelbot_ws/install/ur_controllers:/home/kabirpuri/fuelbot_ws/install/ur_moveit_config:/home/kabirpuri/fuelbot_ws/install/ur_dashboard_msgs:/home/kabirpuri/fuelbot_ws/install/ur_simulation_gazebo:/home/kabirpuri/fuelbot_ws/install/ur:/home/kabirpuri/fuelbot_ws/install/ur_calibration:/home/kabirpuri/fuelbot_ws/install/ur_robot_driver:/home/kabirpuri/fuelbot_ws/install/ur_bringup:/home/kabirpuri/fuelbot_ws/install/my_sphere_pkg:/home/kabirpuri/fuelbot_ws/install/my_moveit_controller:/home/kabirpuri/fuelbot_ws/install/my_environment_pkg:/home/kabirpuri/fuelbot_ws/install/my_doosan_pkg:/opt/ros/humble LD_LIBRARY_PATH=/home/kabirpuri/fuelbot_ws/install/ur_controllers/lib:/home/kabirpuri/fuelbot_ws/install/ur_dashboard_msgs/lib:/home/kabirpuri/fuelbot_ws/install/ur_robot_driver/lib:/opt/ros/humble/opt/rviz_ogre_vendor/lib:/opt/ros/humble/lib/x86_64-linux-gnu:/opt/ros/humble/lib /usr/bin/cmake /home/kabirpuri/fuelbot_ws/src/Universal_Robots_ROS2_Gazebo_Simulation/ur_simulation_gazebo -DCMAKE_INSTALL_PREFIX=/home/kabirpuri/fuelbot_ws/install/ur_simulation_gazebo
[0.027s] -- Found ament_cmake: 1.3.11 (/opt/ros/humble/share/ament_cmake/cmake)
[0.135s] -- Override CMake install command with custom implementation using symlinks instead of copying resources
[0.142s] -- Found launch_testing_ament_cmake: 1.0.8 (/opt/ros/humble/share/launch_testing_ament_cmake/cmake)
[0.142s] -- Found python_cmake_module: 0.10.0 (/opt/ros/humble/share/python_cmake_module/cmake)
[0.163s] -- Using PYTHON_EXECUTABLE: /usr/bin/python3
[0.163s] -- Using PYTHON_INCLUDE_DIRS: /usr/include/python3.10
[0.163s] -- Using PYTHON_LIBRARIES: /usr/lib/x86_64-linux-gnu/libpython3.10.so
[0.164s] -- Found ament_cmake_pytest: 1.3.11 (/opt/ros/humble/share/ament_cmake_pytest/cmake)
[0.222s] -- Configuring done
[0.225s] -- Generating done
[0.226s] -- Build files have been written to: /home/kabirpuri/fuelbot_ws/build/ur_simulation_gazebo
[0.229s] Invoked command in '/home/kabirpuri/fuelbot_ws/build/ur_simulation_gazebo' returned '0': CMAKE_PREFIX_PATH=/home/kabirpuri/fuelbot_ws/install/ur_controllers:/home/kabirpuri/fuelbot_ws/install/ur_moveit_config:/home/kabirpuri/fuelbot_ws/install/ur_dashboard_msgs:/home/kabirpuri/fuelbot_ws/install/ur_simulation_gazebo:/home/kabirpuri/fuelbot_ws/install/ur:/home/kabirpuri/fuelbot_ws/install/ur_calibration:/home/kabirpuri/fuelbot_ws/install/ur_robot_driver:/home/kabirpuri/fuelbot_ws/install/ur_bringup:/home/kabirpuri/fuelbot_ws/install/my_sphere_pkg:/home/kabirpuri/fuelbot_ws/install/my_moveit_controller:/home/kabirpuri/fuelbot_ws/install/my_environment_pkg:/home/kabirpuri/fuelbot_ws/install/my_doosan_pkg:/opt/ros/humble LD_LIBRARY_PATH=/home/kabirpuri/fuelbot_ws/install/ur_controllers/lib:/home/kabirpuri/fuelbot_ws/install/ur_dashboard_msgs/lib:/home/kabirpuri/fuelbot_ws/install/ur_robot_driver/lib:/opt/ros/humble/opt/rviz_ogre_vendor/lib:/opt/ros/humble/lib/x86_64-linux-gnu:/opt/ros/humble/lib /usr/bin/cmake /home/kabirpuri/fuelbot_ws/src/Universal_Robots_ROS2_Gazebo_Simulation/ur_simulation_gazebo -DCMAKE_INSTALL_PREFIX=/home/kabirpuri/fuelbot_ws/install/ur_simulation_gazebo
[0.231s] Invoking command in '/home/kabirpuri/fuelbot_ws/build/ur_simulation_gazebo': CMAKE_PREFIX_PATH=/home/kabirpuri/fuelbot_ws/install/ur_controllers:/home/kabirpuri/fuelbot_ws/install/ur_moveit_config:/home/kabirpuri/fuelbot_ws/install/ur_dashboard_msgs:/home/kabirpuri/fuelbot_ws/install/ur_simulation_gazebo:/home/kabirpuri/fuelbot_ws/install/ur:/home/kabirpuri/fuelbot_ws/install/ur_calibration:/home/kabirpuri/fuelbot_ws/install/ur_robot_driver:/home/kabirpuri/fuelbot_ws/install/ur_bringup:/home/kabirpuri/fuelbot_ws/install/my_sphere_pkg:/home/kabirpuri/fuelbot_ws/install/my_moveit_controller:/home/kabirpuri/fuelbot_ws/install/my_environment_pkg:/home/kabirpuri/fuelbot_ws/install/my_doosan_pkg:/opt/ros/humble LD_LIBRARY_PATH=/home/kabirpuri/fuelbot_ws/install/ur_controllers/lib:/home/kabirpuri/fuelbot_ws/install/ur_dashboard_msgs/lib:/home/kabirpuri/fuelbot_ws/install/ur_robot_driver/lib:/opt/ros/humble/opt/rviz_ogre_vendor/lib:/opt/ros/humble/lib/x86_64-linux-gnu:/opt/ros/humble/lib /usr/bin/cmake --build /home/kabirpuri/fuelbot_ws/build/ur_simulation_gazebo -- -j16 -l16
[0.272s] Invoked command in '/home/kabirpuri/fuelbot_ws/build/ur_simulation_gazebo' returned '0': CMAKE_PREFIX_PATH=/home/kabirpuri/fuelbot_ws/install/ur_controllers:/home/kabirpuri/fuelbot_ws/install/ur_moveit_config:/home/kabirpuri/fuelbot_ws/install/ur_dashboard_msgs:/home/kabirpuri/fuelbot_ws/install/ur_simulation_gazebo:/home/kabirpuri/fuelbot_ws/install/ur:/home/kabirpuri/fuelbot_ws/install/ur_calibration:/home/kabirpuri/fuelbot_ws/install/ur_robot_driver:/home/kabirpuri/fuelbot_ws/install/ur_bringup:/home/kabirpuri/fuelbot_ws/install/my_sphere_pkg:/home/kabirpuri/fuelbot_ws/install/my_moveit_controller:/home/kabirpuri/fuelbot_ws/install/my_environment_pkg:/home/kabirpuri/fuelbot_ws/install/my_doosan_pkg:/opt/ros/humble LD_LIBRARY_PATH=/home/kabirpuri/fuelbot_ws/install/ur_controllers/lib:/home/kabirpuri/fuelbot_ws/install/ur_dashboard_msgs/lib:/home/kabirpuri/fuelbot_ws/install/ur_robot_driver/lib:/opt/ros/humble/opt/rviz_ogre_vendor/lib:/opt/ros/humble/lib/x86_64-linux-gnu:/opt/ros/humble/lib /usr/bin/cmake --build /home/kabirpuri/fuelbot_ws/build/ur_simulation_gazebo -- -j16 -l16
[0.273s] Invoking command in '/home/kabirpuri/fuelbot_ws/build/ur_simulation_gazebo': CMAKE_PREFIX_PATH=/home/kabirpuri/fuelbot_ws/install/ur_controllers:/home/kabirpuri/fuelbot_ws/install/ur_moveit_config:/home/kabirpuri/fuelbot_ws/install/ur_dashboard_msgs:/home/kabirpuri/fuelbot_ws/install/ur_simulation_gazebo:/home/kabirpuri/fuelbot_ws/install/ur:/home/kabirpuri/fuelbot_ws/install/ur_calibration:/home/kabirpuri/fuelbot_ws/install/ur_robot_driver:/home/kabirpuri/fuelbot_ws/install/ur_bringup:/home/kabirpuri/fuelbot_ws/install/my_sphere_pkg:/home/kabirpuri/fuelbot_ws/install/my_moveit_controller:/home/kabirpuri/fuelbot_ws/install/my_environment_pkg:/home/kabirpuri/fuelbot_ws/install/my_doosan_pkg:/opt/ros/humble LD_LIBRARY_PATH=/home/kabirpuri/fuelbot_ws/install/ur_controllers/lib:/home/kabirpuri/fuelbot_ws/install/ur_dashboard_msgs/lib:/home/kabirpuri/fuelbot_ws/install/ur_robot_driver/lib:/opt/ros/humble/opt/rviz_ogre_vendor/lib:/opt/ros/humble/lib/x86_64-linux-gnu:/opt/ros/humble/lib /usr/bin/cmake --install /home/kabirpuri/fuelbot_ws/build/ur_simulation_gazebo
[0.280s] -- Install configuration: ""
[0.280s] -- Execute custom install script
[0.281s] -- Up-to-date symlink: /home/kabirpuri/fuelbot_ws/install/ur_simulation_gazebo/share/ur_simulation_gazebo/config/ur_controllers.yaml
[0.281s] -- Up-to-date symlink: /home/kabirpuri/fuelbot_ws/install/ur_simulation_gazebo/share/ur_simulation_gazebo/launch/ur_sim_control.launch.py
[0.281s] -- Up-to-date symlink: /home/kabirpuri/fuelbot_ws/install/ur_simulation_gazebo/share/ur_simulation_gazebo/launch/ur_sim_moveit.launch.py
[0.281s] -- Up-to-date symlink: /home/kabirpuri/fuelbot_ws/install/ur_simulation_gazebo/share/ament_index/resource_index/package_run_dependencies/ur_simulation_gazebo
[0.281s] -- Up-to-date symlink: /home/kabirpuri/fuelbot_ws/install/ur_simulation_gazebo/share/ament_index/resource_index/parent_prefix_path/ur_simulation_gazebo
[0.281s] -- Up-to-date symlink: /home/kabirpuri/fuelbot_ws/install/ur_simulation_gazebo/share/ur_simulation_gazebo/environment/ament_prefix_path.sh
[0.281s] -- Up-to-date symlink: /home/kabirpuri/fuelbot_ws/install/ur_simulation_gazebo/share/ur_simulation_gazebo/environment/ament_prefix_path.dsv
[0.281s] -- Up-to-date symlink: /home/kabirpuri/fuelbot_ws/install/ur_simulation_gazebo/share/ur_simulation_gazebo/environment/path.sh
[0.282s] -- Up-to-date symlink: /home/kabirpuri/fuelbot_ws/install/ur_simulation_gazebo/share/ur_simulation_gazebo/environment/path.dsv
[0.282s] -- Up-to-date symlink: /home/kabirpuri/fuelbot_ws/install/ur_simulation_gazebo/share/ur_simulation_gazebo/local_setup.bash
[0.282s] -- Up-to-date symlink: /home/kabirpuri/fuelbot_ws/install/ur_simulation_gazebo/share/ur_simulation_gazebo/local_setup.sh
[0.282s] -- Up-to-date symlink: /home/kabirpuri/fuelbot_ws/install/ur_simulation_gazebo/share/ur_simulation_gazebo/local_setup.zsh
[0.282s] -- Up-to-date symlink: /home/kabirpuri/fuelbot_ws/install/ur_simulation_gazebo/share/ur_simulation_gazebo/local_setup.dsv
[0.282s] -- Symlinking: /home/kabirpuri/fuelbot_ws/install/ur_simulation_gazebo/share/ur_simulation_gazebo/package.dsv
[0.292s] -- Up-to-date symlink: /home/kabirpuri/fuelbot_ws/install/ur_simulation_gazebo/share/ament_index/resource_index/packages/ur_simulation_gazebo
[0.292s] -- Up-to-date symlink: /home/kabirpuri/fuelbot_ws/install/ur_simulation_gazebo/share/ur_simulation_gazebo/cmake/ur_simulation_gazeboConfig.cmake
[0.292s] -- Up-to-date symlink: /home/kabirpuri/fuelbot_ws/install/ur_simulation_gazebo/share/ur_simulation_gazebo/cmake/ur_simulation_gazeboConfig-version.cmake
[0.292s] -- Up-to-date symlink: /home/kabirpuri/fuelbot_ws/install/ur_simulation_gazebo/share/ur_simulation_gazebo/package.xml
[0.295s] Invoked command in '/home/kabirpuri/fuelbot_ws/build/ur_simulation_gazebo' returned '0': CMAKE_PREFIX_PATH=/home/kabirpuri/fuelbot_ws/install/ur_controllers:/home/kabirpuri/fuelbot_ws/install/ur_moveit_config:/home/kabirpuri/fuelbot_ws/install/ur_dashboard_msgs:/home/kabirpuri/fuelbot_ws/install/ur_simulation_gazebo:/home/kabirpuri/fuelbot_ws/install/ur:/home/kabirpuri/fuelbot_ws/install/ur_calibration:/home/kabirpuri/fuelbot_ws/install/ur_robot_driver:/home/kabirpuri/fuelbot_ws/install/ur_bringup:/home/kabirpuri/fuelbot_ws/install/my_sphere_pkg:/home/kabirpuri/fuelbot_ws/install/my_moveit_controller:/home/kabirpuri/fuelbot_ws/install/my_environment_pkg:/home/kabirpuri/fuelbot_ws/install/my_doosan_pkg:/opt/ros/humble LD_LIBRARY_PATH=/home/kabirpuri/fuelbot_ws/install/ur_controllers/lib:/home/kabirpuri/fuelbot_ws/install/ur_dashboard_msgs/lib:/home/kabirpuri/fuelbot_ws/install/ur_robot_driver/lib:/opt/ros/humble/opt/rviz_ogre_vendor/lib:/opt/ros/humble/lib/x86_64-linux-gnu:/opt/ros/humble/lib /usr/bin/cmake --install /home/kabirpuri/fuelbot_ws/build/ur_simulation_gazebo
